CRITICAL - 2023-01-03 08:21:30 --> Undefined variable $prod
in APPPATH\Views\verifpayment_view.php on line 58.
 1 APPPATH\Views\verifpayment_view.php(58): CodeIgniter\Debug\Exceptions->errorHandler(2, 'Undefined variable $prod', 'APPPATH\\Views\\verifpayment_view.php', 58)
 2 SYSTEMPATH\View\View.php(213): include('APPPATH\\Views\\verifpayment_view.php')
 3 SYSTEMPATH\View\View.php(216): CodeIgniter\View\View->CodeIgniter\View\{closure}()
 4 SYSTEMPATH\Common.php(1134): CodeIgniter\View\View->render('verifpayment_view', [], true)
 5 APPPATH\Controllers\VerifPayment.php(26): view('verifpayment_view', [...])
 6 SYSTEMPATH\CodeIgniter.php(927): App\Controllers\VerifPayment->index()
 7 SYSTEMPATH\CodeIgniter.php(482): CodeIgniter\CodeIgniter->runController(Object(App\Controllers\VerifPayment))
 8 SYSTEMPATH\CodeIgniter.php(351): CodeIgniter\CodeIgniter->handleRequest(null, Object(Config\Cache), false)
 9 FCPATH\index.php(67): CodeIgniter\CodeIgniter->run()
CRITICAL - 2023-01-03 08:21:38 --> Undefined array key "urlGambarHotel"
in APPPATH\Views\verifpayment_view.php on line 58.
 1 APPPATH\Views\verifpayment_view.php(58): CodeIgniter\Debug\Exceptions->errorHandler(2, 'Undefined array key "urlGambarHotel"', 'APPPATH\\Views\\verifpayment_view.php', 58)
 2 SYSTEMPATH\View\View.php(213): include('APPPATH\\Views\\verifpayment_view.php')
 3 SYSTEMPATH\View\View.php(216): CodeIgniter\View\View->CodeIgniter\View\{closure}()
 4 SYSTEMPATH\Common.php(1134): CodeIgniter\View\View->render('verifpayment_view', [], true)
 5 APPPATH\Controllers\VerifPayment.php(26): view('verifpayment_view', [...])
 6 SYSTEMPATH\CodeIgniter.php(927): App\Controllers\VerifPayment->index()
 7 SYSTEMPATH\CodeIgniter.php(482): CodeIgniter\CodeIgniter->runController(Object(App\Controllers\VerifPayment))
 8 SYSTEMPATH\CodeIgniter.php(351): CodeIgniter\CodeIgniter->handleRequest(null, Object(Config\Cache), false)
 9 FCPATH\index.php(67): CodeIgniter\CodeIgniter->run()
CRITICAL - 2023-01-03 08:24:39 --> Undefined variable $room
in APPPATH\Views\book_view.php on line 30.
 1 APPPATH\Views\book_view.php(30): CodeIgniter\Debug\Exceptions->errorHandler(2, 'Undefined variable $room', 'APPPATH\\Views\\book_view.php', 30)
 2 SYSTEMPATH\View\View.php(213): include('APPPATH\\Views\\book_view.php')
 3 SYSTEMPATH\View\View.php(216): CodeIgniter\View\View->CodeIgniter\View\{closure}()
 4 SYSTEMPATH\Common.php(1134): CodeIgniter\View\View->render('book_view', [], true)
 5 APPPATH\Controllers\Booking.php(92): view('book_view', [...])
 6 SYSTEMPATH\CodeIgniter.php(927): App\Controllers\Booking->save_pesan('12')
 7 SYSTEMPATH\CodeIgniter.php(482): CodeIgniter\CodeIgniter->runController(Object(App\Controllers\Booking))
 8 SYSTEMPATH\CodeIgniter.php(351): CodeIgniter\CodeIgniter->handleRequest(null, Object(Config\Cache), false)
 9 FCPATH\index.php(67): CodeIgniter\CodeIgniter->run()
CRITICAL - 2023-01-03 08:34:15 --> Undefined variable $row
in APPPATH\Views\verif_view.php on line 21.
 1 APPPATH\Views\verif_view.php(21): CodeIgniter\Debug\Exceptions->errorHandler(2, 'Undefined variable $row', 'APPPATH\\Views\\verif_view.php', 21)
 2 SYSTEMPATH\View\View.php(213): include('APPPATH\\Views\\verif_view.php')
 3 SYSTEMPATH\View\View.php(216): CodeIgniter\View\View->CodeIgniter\View\{closure}()
 4 SYSTEMPATH\Common.php(1134): CodeIgniter\View\View->render('verif_view', [], true)
 5 APPPATH\Controllers\VerifPayment.php(36): view('verif_view', [...])
 6 SYSTEMPATH\CodeIgniter.php(927): App\Controllers\VerifPayment->verif('1')
 7 SYSTEMPATH\CodeIgniter.php(482): CodeIgniter\CodeIgniter->runController(Object(App\Controllers\VerifPayment))
 8 SYSTEMPATH\CodeIgniter.php(351): CodeIgniter\CodeIgniter->handleRequest(null, Object(Config\Cache), false)
 9 FCPATH\index.php(67): CodeIgniter\CodeIgniter->run()
CRITICAL - 2023-01-03 08:36:04 --> Undefined variable $row
in APPPATH\Views\verif_view.php on line 21.
 1 APPPATH\Views\verif_view.php(21): CodeIgniter\Debug\Exceptions->errorHandler(2, 'Undefined variable $row', 'APPPATH\\Views\\verif_view.php', 21)
 2 SYSTEMPATH\View\View.php(213): include('APPPATH\\Views\\verif_view.php')
 3 SYSTEMPATH\View\View.php(216): CodeIgniter\View\View->CodeIgniter\View\{closure}()
 4 SYSTEMPATH\Common.php(1134): CodeIgniter\View\View->render('verif_view', [], true)
 5 APPPATH\Controllers\VerifPayment.php(36): view('verif_view', [...])
 6 SYSTEMPATH\CodeIgniter.php(927): App\Controllers\VerifPayment->verif('1')
 7 SYSTEMPATH\CodeIgniter.php(482): CodeIgniter\CodeIgniter->runController(Object(App\Controllers\VerifPayment))
 8 SYSTEMPATH\CodeIgniter.php(351): CodeIgniter\CodeIgniter->handleRequest(null, Object(Config\Cache), false)
 9 FCPATH\index.php(67): CodeIgniter\CodeIgniter->run()
CRITICAL - 2023-01-03 10:12:02 --> Undefined variable $payment
in APPPATH\Views\orders_owner.php on line 26.
 1 APPPATH\Views\orders_owner.php(26): CodeIgniter\Debug\Exceptions->errorHandler(2, 'Undefined variable $payment', 'APPPATH\\Views\\orders_owner.php', 26)
 2 SYSTEMPATH\View\View.php(213): include('APPPATH\\Views\\orders_owner.php')
 3 SYSTEMPATH\View\View.php(216): CodeIgniter\View\View->CodeIgniter\View\{closure}()
 4 SYSTEMPATH\Common.php(1134): CodeIgniter\View\View->render('orders_owner', [], true)
 5 APPPATH\Controllers\Product.php(148): view('orders_owner', [...])
 6 SYSTEMPATH\CodeIgniter.php(927): App\Controllers\Product->get_orders()
 7 SYSTEMPATH\CodeIgniter.php(482): CodeIgniter\CodeIgniter->runController(Object(App\Controllers\Product))
 8 SYSTEMPATH\CodeIgniter.php(351): CodeIgniter\CodeIgniter->handleRequest(null, Object(Config\Cache), false)
 9 FCPATH\index.php(67): CodeIgniter\CodeIgniter->run()
CRITICAL - 2023-01-03 10:12:31 --> Undefined array key "urlGambarPembayaran"
in APPPATH\Views\orders_owner.php on line 26.
 1 APPPATH\Views\orders_owner.php(26): CodeIgniter\Debug\Exceptions->errorHandler(2, 'Undefined array key "urlGambarPembayaran"', 'APPPATH\\Views\\orders_owner.php', 26)
 2 SYSTEMPATH\View\View.php(213): include('APPPATH\\Views\\orders_owner.php')
 3 SYSTEMPATH\View\View.php(216): CodeIgniter\View\View->CodeIgniter\View\{closure}()
 4 SYSTEMPATH\Common.php(1134): CodeIgniter\View\View->render('orders_owner', [], true)
 5 APPPATH\Controllers\Product.php(148): view('orders_owner', [...])
 6 SYSTEMPATH\CodeIgniter.php(927): App\Controllers\Product->get_orders()
 7 SYSTEMPATH\CodeIgniter.php(482): CodeIgniter\CodeIgniter->runController(Object(App\Controllers\Product))
 8 SYSTEMPATH\CodeIgniter.php(351): CodeIgniter\CodeIgniter->handleRequest(null, Object(Config\Cache), false)
 9 FCPATH\index.php(67): CodeIgniter\CodeIgniter->run()
CRITICAL - 2023-01-03 10:14:39 --> Undefined array key "urlGambarPembayaran"
in APPPATH\Views\orders_owner.php on line 26.
 1 APPPATH\Views\orders_owner.php(26): CodeIgniter\Debug\Exceptions->errorHandler(2, 'Undefined array key "urlGambarPembayaran"', 'APPPATH\\Views\\orders_owner.php', 26)
 2 SYSTEMPATH\View\View.php(213): include('APPPATH\\Views\\orders_owner.php')
 3 SYSTEMPATH\View\View.php(216): CodeIgniter\View\View->CodeIgniter\View\{closure}()
 4 SYSTEMPATH\Common.php(1134): CodeIgniter\View\View->render('orders_owner', [], true)
 5 APPPATH\Controllers\Product.php(148): view('orders_owner', [...])
 6 SYSTEMPATH\CodeIgniter.php(927): App\Controllers\Product->get_orders()
 7 SYSTEMPATH\CodeIgniter.php(482): CodeIgniter\CodeIgniter->runController(Object(App\Controllers\Product))
 8 SYSTEMPATH\CodeIgniter.php(351): CodeIgniter\CodeIgniter->handleRequest(null, Object(Config\Cache), false)
 9 FCPATH\index.php(67): CodeIgniter\CodeIgniter->run()
CRITICAL - 2023-01-03 10:16:19 --> Undefined array key "urlGambarPembayaran"
in APPPATH\Views\orders_owner.php on line 26.
 1 APPPATH\Views\orders_owner.php(26): CodeIgniter\Debug\Exceptions->errorHandler(2, 'Undefined array key "urlGambarPembayaran"', 'APPPATH\\Views\\orders_owner.php', 26)
 2 SYSTEMPATH\View\View.php(213): include('APPPATH\\Views\\orders_owner.php')
 3 SYSTEMPATH\View\View.php(216): CodeIgniter\View\View->CodeIgniter\View\{closure}()
 4 SYSTEMPATH\Common.php(1134): CodeIgniter\View\View->render('orders_owner', [], true)
 5 APPPATH\Controllers\Product.php(148): view('orders_owner', [...])
 6 SYSTEMPATH\CodeIgniter.php(927): App\Controllers\Product->get_orders()
 7 SYSTEMPATH\CodeIgniter.php(482): CodeIgniter\CodeIgniter->runController(Object(App\Controllers\Product))
 8 SYSTEMPATH\CodeIgniter.php(351): CodeIgniter\CodeIgniter->handleRequest(null, Object(Config\Cache), false)
 9 FCPATH\index.php(67): CodeIgniter\CodeIgniter->run()
CRITICAL - 2023-01-03 10:16:31 --> Undefined array key "urlGambarPembayaran"
in APPPATH\Views\orders_owner.php on line 26.
 1 APPPATH\Views\orders_owner.php(26): CodeIgniter\Debug\Exceptions->errorHandler(2, 'Undefined array key "urlGambarPembayaran"', 'APPPATH\\Views\\orders_owner.php', 26)
 2 SYSTEMPATH\View\View.php(213): include('APPPATH\\Views\\orders_owner.php')
 3 SYSTEMPATH\View\View.php(216): CodeIgniter\View\View->CodeIgniter\View\{closure}()
 4 SYSTEMPATH\Common.php(1134): CodeIgniter\View\View->render('orders_owner', [], true)
 5 APPPATH\Controllers\Product.php(148): view('orders_owner', [...])
 6 SYSTEMPATH\CodeIgniter.php(927): App\Controllers\Product->get_orders()
 7 SYSTEMPATH\CodeIgniter.php(482): CodeIgniter\CodeIgniter->runController(Object(App\Controllers\Product))
 8 SYSTEMPATH\CodeIgniter.php(351): CodeIgniter\CodeIgniter->handleRequest(null, Object(Config\Cache), false)
 9 FCPATH\index.php(67): CodeIgniter\CodeIgniter->run()
