CRITICAL - 2022-12-21 11:01:28 --> Undefined variable $room
in APPPATH\Views\book_view.php on line 21.
 1 APPPATH\Views\book_view.php(21): CodeIgniter\Debug\Exceptions->errorHandler(2, 'Undefined variable $room', 'APPPATH\\Views\\book_view.php', 21)
 2 SYSTEMPATH\View\View.php(213): include('APPPATH\\Views\\book_view.php')
 3 SYSTEMPATH\View\View.php(216): CodeIgniter\View\View->CodeIgniter\View\{closure}()
 4 SYSTEMPATH\Common.php(1134): CodeIgniter\View\View->render('book_view', [], true)
 5 APPPATH\Controllers\Booking.php(70): view('book_view', [...])
 6 SYSTEMPATH\CodeIgniter.php(927): App\Controllers\Booking->save_pesan('13')
 7 SYSTEMPATH\CodeIgniter.php(482): CodeIgniter\CodeIgniter->runController(Object(App\Controllers\Booking))
 8 SYSTEMPATH\CodeIgniter.php(351): CodeIgniter\CodeIgniter->handleRequest(null, Object(Config\Cache), false)
 9 FCPATH\index.php(67): CodeIgniter\CodeIgniter->run()
CRITICAL - 2022-12-21 11:02:05 --> Undefined variable $room
in APPPATH\Views\book_view.php on line 21.
 1 APPPATH\Views\book_view.php(21): CodeIgniter\Debug\Exceptions->errorHandler(2, 'Undefined variable $room', 'APPPATH\\Views\\book_view.php', 21)
 2 SYSTEMPATH\View\View.php(213): include('APPPATH\\Views\\book_view.php')
 3 SYSTEMPATH\View\View.php(216): CodeIgniter\View\View->CodeIgniter\View\{closure}()
 4 SYSTEMPATH\Common.php(1134): CodeIgniter\View\View->render('book_view', [], true)
 5 APPPATH\Controllers\Booking.php(70): view('book_view', [...])
 6 SYSTEMPATH\CodeIgniter.php(927): App\Controllers\Booking->save_pesan('13')
 7 SYSTEMPATH\CodeIgniter.php(482): CodeIgniter\CodeIgniter->runController(Object(App\Controllers\Booking))
 8 SYSTEMPATH\CodeIgniter.php(351): CodeIgniter\CodeIgniter->handleRequest(null, Object(Config\Cache), false)
 9 FCPATH\index.php(67): CodeIgniter\CodeIgniter->run()
CRITICAL - 2022-12-21 11:03:29 --> Undefined variable $room
in APPPATH\Views\book_view.php on line 21.
 1 APPPATH\Views\book_view.php(21): CodeIgniter\Debug\Exceptions->errorHandler(2, 'Undefined variable $room', 'APPPATH\\Views\\book_view.php', 21)
 2 SYSTEMPATH\View\View.php(213): include('APPPATH\\Views\\book_view.php')
 3 SYSTEMPATH\View\View.php(216): CodeIgniter\View\View->CodeIgniter\View\{closure}()
 4 SYSTEMPATH\Common.php(1134): CodeIgniter\View\View->render('book_view', [], true)
 5 APPPATH\Controllers\Booking.php(70): view('book_view', [...])
 6 SYSTEMPATH\CodeIgniter.php(927): App\Controllers\Booking->save_pesan('13')
 7 SYSTEMPATH\CodeIgniter.php(482): CodeIgniter\CodeIgniter->runController(Object(App\Controllers\Booking))
 8 SYSTEMPATH\CodeIgniter.php(351): CodeIgniter\CodeIgniter->handleRequest(null, Object(Config\Cache), false)
 9 FCPATH\index.php(67): CodeIgniter\CodeIgniter->run()
CRITICAL - 2022-12-21 11:04:05 --> Undefined variable $room
in APPPATH\Views\book_view.php on line 21.
 1 APPPATH\Views\book_view.php(21): CodeIgniter\Debug\Exceptions->errorHandler(2, 'Undefined variable $room', 'APPPATH\\Views\\book_view.php', 21)
 2 SYSTEMPATH\View\View.php(213): include('APPPATH\\Views\\book_view.php')
 3 SYSTEMPATH\View\View.php(216): CodeIgniter\View\View->CodeIgniter\View\{closure}()
 4 SYSTEMPATH\Common.php(1134): CodeIgniter\View\View->render('book_view', [], true)
 5 APPPATH\Controllers\Booking.php(70): view('book_view', [...])
 6 SYSTEMPATH\CodeIgniter.php(927): App\Controllers\Booking->save_pesan('13')
 7 SYSTEMPATH\CodeIgniter.php(482): CodeIgniter\CodeIgniter->runController(Object(App\Controllers\Booking))
 8 SYSTEMPATH\CodeIgniter.php(351): CodeIgniter\CodeIgniter->handleRequest(null, Object(Config\Cache), false)
 9 FCPATH\index.php(67): CodeIgniter\CodeIgniter->run()
CRITICAL - 2022-12-21 11:09:40 --> Undefined variable $room
in APPPATH\Views\book_view.php on line 21.
 1 APPPATH\Views\book_view.php(21): CodeIgniter\Debug\Exceptions->errorHandler(2, 'Undefined variable $room', 'APPPATH\\Views\\book_view.php', 21)
 2 SYSTEMPATH\View\View.php(213): include('APPPATH\\Views\\book_view.php')
 3 SYSTEMPATH\View\View.php(216): CodeIgniter\View\View->CodeIgniter\View\{closure}()
 4 SYSTEMPATH\Common.php(1134): CodeIgniter\View\View->render('book_view', [], true)
 5 APPPATH\Controllers\Booking.php(71): view('book_view', [...])
 6 SYSTEMPATH\CodeIgniter.php(927): App\Controllers\Booking->save_pesan('13')
 7 SYSTEMPATH\CodeIgniter.php(482): CodeIgniter\CodeIgniter->runController(Object(App\Controllers\Booking))
 8 SYSTEMPATH\CodeIgniter.php(351): CodeIgniter\CodeIgniter->handleRequest(null, Object(Config\Cache), false)
 9 FCPATH\index.php(67): CodeIgniter\CodeIgniter->run()
CRITICAL - 2022-12-21 11:09:44 --> Undefined variable $room
in APPPATH\Views\book_view.php on line 21.
 1 APPPATH\Views\book_view.php(21): CodeIgniter\Debug\Exceptions->errorHandler(2, 'Undefined variable $room', 'APPPATH\\Views\\book_view.php', 21)
 2 SYSTEMPATH\View\View.php(213): include('APPPATH\\Views\\book_view.php')
 3 SYSTEMPATH\View\View.php(216): CodeIgniter\View\View->CodeIgniter\View\{closure}()
 4 SYSTEMPATH\Common.php(1134): CodeIgniter\View\View->render('book_view', [], true)
 5 APPPATH\Controllers\Booking.php(71): view('book_view', [...])
 6 SYSTEMPATH\CodeIgniter.php(927): App\Controllers\Booking->save_pesan('13')
 7 SYSTEMPATH\CodeIgniter.php(482): CodeIgniter\CodeIgniter->runController(Object(App\Controllers\Booking))
 8 SYSTEMPATH\CodeIgniter.php(351): CodeIgniter\CodeIgniter->handleRequest(null, Object(Config\Cache), false)
 9 FCPATH\index.php(67): CodeIgniter\CodeIgniter->run()
CRITICAL - 2022-12-21 11:14:30 --> Undefined variable $room
in APPPATH\Views\book_view.php on line 21.
 1 APPPATH\Views\book_view.php(21): CodeIgniter\Debug\Exceptions->errorHandler(2, 'Undefined variable $room', 'APPPATH\\Views\\book_view.php', 21)
 2 SYSTEMPATH\View\View.php(213): include('APPPATH\\Views\\book_view.php')
 3 SYSTEMPATH\View\View.php(216): CodeIgniter\View\View->CodeIgniter\View\{closure}()
 4 SYSTEMPATH\Common.php(1134): CodeIgniter\View\View->render('book_view', [], true)
 5 APPPATH\Controllers\Booking.php(70): view('book_view', [...])
 6 SYSTEMPATH\CodeIgniter.php(927): App\Controllers\Booking->save_pesan('13')
 7 SYSTEMPATH\CodeIgniter.php(482): CodeIgniter\CodeIgniter->runController(Object(App\Controllers\Booking))
 8 SYSTEMPATH\CodeIgniter.php(351): CodeIgniter\CodeIgniter->handleRequest(null, Object(Config\Cache), false)
 9 FCPATH\index.php(67): CodeIgniter\CodeIgniter->run()
CRITICAL - 2022-12-21 11:15:02 --> Undefined variable $room
in APPPATH\Views\book_view.php on line 21.
 1 APPPATH\Views\book_view.php(21): CodeIgniter\Debug\Exceptions->errorHandler(2, 'Undefined variable $room', 'APPPATH\\Views\\book_view.php', 21)
 2 SYSTEMPATH\View\View.php(213): include('APPPATH\\Views\\book_view.php')
 3 SYSTEMPATH\View\View.php(216): CodeIgniter\View\View->CodeIgniter\View\{closure}()
 4 SYSTEMPATH\Common.php(1134): CodeIgniter\View\View->render('book_view', [], true)
 5 APPPATH\Controllers\Booking.php(71): view('book_view', [...])
 6 SYSTEMPATH\CodeIgniter.php(927): App\Controllers\Booking->save_pesan('13')
 7 SYSTEMPATH\CodeIgniter.php(482): CodeIgniter\CodeIgniter->runController(Object(App\Controllers\Booking))
 8 SYSTEMPATH\CodeIgniter.php(351): CodeIgniter\CodeIgniter->handleRequest(null, Object(Config\Cache), false)
 9 FCPATH\index.php(67): CodeIgniter\CodeIgniter->run()
CRITICAL - 2022-12-21 11:16:07 --> Class "App\Controllers\DateTime" not found
in APPPATH\Controllers\Booking.php on line 57.
 1 SYSTEMPATH\CodeIgniter.php(927): App\Controllers\Booking->save_pesan('13')
 2 SYSTEMPATH\CodeIgniter.php(482): CodeIgniter\CodeIgniter->runController(Object(App\Controllers\Booking))
 3 SYSTEMPATH\CodeIgniter.php(351): CodeIgniter\CodeIgniter->handleRequest(null, Object(Config\Cache), false)
 4 FCPATH\index.php(67): CodeIgniter\CodeIgniter->run()
CRITICAL - 2022-12-21 11:21:52 --> Undefined variable $room
in APPPATH\Controllers\Booking.php on line 65.
 1 APPPATH\Controllers\Booking.php(65): CodeIgniter\Debug\Exceptions->errorHandler(2, 'Undefined variable $room', 'APPPATH\\Controllers\\Booking.php', 65)
 2 SYSTEMPATH\CodeIgniter.php(927): App\Controllers\Booking->save_pesan('13')
 3 SYSTEMPATH\CodeIgniter.php(482): CodeIgniter\CodeIgniter->runController(Object(App\Controllers\Booking))
 4 SYSTEMPATH\CodeIgniter.php(351): CodeIgniter\CodeIgniter->handleRequest(null, Object(Config\Cache), false)
 5 FCPATH\index.php(67): CodeIgniter\CodeIgniter->run()
CRITICAL - 2022-12-21 11:58:51 --> Class "App\Controllers\DateInterval" not found
in APPPATH\Controllers\Booking.php on line 73.
 1 SYSTEMPATH\CodeIgniter.php(927): App\Controllers\Booking->save_pesan('13')
 2 SYSTEMPATH\CodeIgniter.php(482): CodeIgniter\CodeIgniter->runController(Object(App\Controllers\Booking))
 3 SYSTEMPATH\CodeIgniter.php(351): CodeIgniter\CodeIgniter->handleRequest(null, Object(Config\Cache), false)
 4 FCPATH\index.php(67): CodeIgniter\CodeIgniter->run()
CRITICAL - 2022-12-21 11:59:16 --> Object of class DateTime could not be converted to string
in SYSTEMPATH\Database\Query.php on line 335.
 1 SYSTEMPATH\Database\Query.php(335): strtr('INSERT INTO `pesanan` (`idKamar`, `idCustomer`, `statusPesanan`, `waktuCheckIn`, `waktuCheckOut`, `totalHargaPesanan`, `waktuPesanan`, `tenggatWaktuPesanan`) VALUES (:idKamar:, :idCustomer:, :statusPesanan:, :waktuCheckIn:, :waktuCheckOut:, :totalHargaPesanan:, :waktuPesanan:, :tenggatWaktuPesanan:)', [...])
 2 SYSTEMPATH\Database\Query.php(310): CodeIgniter\Database\Query->matchNamedBinds('INSERT INTO `pesanan` (`idKamar`, `idCustomer`, `statusPesanan`, `waktuCheckIn`, `waktuCheckOut`, `totalHargaPesanan`, `waktuPesanan`, `tenggatWaktuPesanan`) VALUES (:idKamar:, :idCustomer:, :statusPesanan:, :waktuCheckIn:, :waktuCheckOut:, :totalHargaPesanan:, :waktuPesanan:, :tenggatWaktuPesanan:)', [...])
 3 SYSTEMPATH\Database\Query.php(159): CodeIgniter\Database\Query->compileBinds()
 4 SYSTEMPATH\Database\BaseConnection.php(593): CodeIgniter\Database\Query->getQuery()
 5 SYSTEMPATH\Database\BaseBuilder.php(1916): CodeIgniter\Database\BaseConnection->query('INSERT INTO `pesanan` (`idKamar`, `idCustomer`, `statusPesanan`, `waktuCheckIn`, `waktuCheckOut`, `totalHargaPesanan`, `waktuPesanan`, `tenggatWaktuPesanan`) VALUES (:idKamar:, :idCustomer:, :statusPesanan:, :waktuCheckIn:, :waktuCheckOut:, :totalHargaPesanan:, :waktuPesanan:, :tenggatWaktuPesanan:)', [...], false)
 6 SYSTEMPATH\Model.php(279): CodeIgniter\Database\BaseBuilder->insert()
 7 SYSTEMPATH\BaseModel.php(749): CodeIgniter\Model->doInsert([...])
 8 SYSTEMPATH\Model.php(667): CodeIgniter\BaseModel->insert([...], false)
 9 SYSTEMPATH\BaseModel.php(659): CodeIgniter\Model->insert([...], false)
10 APPPATH\Controllers\Booking.php(78): CodeIgniter\BaseModel->save([...])
11 SYSTEMPATH\CodeIgniter.php(927): App\Controllers\Booking->save_pesan('13')
12 SYSTEMPATH\CodeIgniter.php(482): CodeIgniter\CodeIgniter->runController(Object(App\Controllers\Booking))
13 SYSTEMPATH\CodeIgniter.php(351): CodeIgniter\CodeIgniter->handleRequest(null, Object(Config\Cache), false)
14 FCPATH\index.php(67): CodeIgniter\CodeIgniter->run()
CRITICAL - 2022-12-21 11:59:46 --> Object of class DateTime could not be converted to string
in SYSTEMPATH\Database\Query.php on line 335.
 1 SYSTEMPATH\Database\Query.php(335): strtr('INSERT INTO `pesanan` (`idKamar`, `idCustomer`, `statusPesanan`, `waktuCheckIn`, `waktuCheckOut`, `totalHargaPesanan`, `waktuPesanan`, `tenggatWaktuPesanan`) VALUES (:idKamar:, :idCustomer:, :statusPesanan:, :waktuCheckIn:, :waktuCheckOut:, :totalHargaPesanan:, :waktuPesanan:, :tenggatWaktuPesanan:)', [...])
 2 SYSTEMPATH\Database\Query.php(310): CodeIgniter\Database\Query->matchNamedBinds('INSERT INTO `pesanan` (`idKamar`, `idCustomer`, `statusPesanan`, `waktuCheckIn`, `waktuCheckOut`, `totalHargaPesanan`, `waktuPesanan`, `tenggatWaktuPesanan`) VALUES (:idKamar:, :idCustomer:, :statusPesanan:, :waktuCheckIn:, :waktuCheckOut:, :totalHargaPesanan:, :waktuPesanan:, :tenggatWaktuPesanan:)', [...])
 3 SYSTEMPATH\Database\Query.php(159): CodeIgniter\Database\Query->compileBinds()
 4 SYSTEMPATH\Database\BaseConnection.php(593): CodeIgniter\Database\Query->getQuery()
 5 SYSTEMPATH\Database\BaseBuilder.php(1916): CodeIgniter\Database\BaseConnection->query('INSERT INTO `pesanan` (`idKamar`, `idCustomer`, `statusPesanan`, `waktuCheckIn`, `waktuCheckOut`, `totalHargaPesanan`, `waktuPesanan`, `tenggatWaktuPesanan`) VALUES (:idKamar:, :idCustomer:, :statusPesanan:, :waktuCheckIn:, :waktuCheckOut:, :totalHargaPesanan:, :waktuPesanan:, :tenggatWaktuPesanan:)', [...], false)
 6 SYSTEMPATH\Model.php(279): CodeIgniter\Database\BaseBuilder->insert()
 7 SYSTEMPATH\BaseModel.php(749): CodeIgniter\Model->doInsert([...])
 8 SYSTEMPATH\Model.php(667): CodeIgniter\BaseModel->insert([...], false)
 9 SYSTEMPATH\BaseModel.php(659): CodeIgniter\Model->insert([...], false)
10 APPPATH\Controllers\Booking.php(78): CodeIgniter\BaseModel->save([...])
11 SYSTEMPATH\CodeIgniter.php(927): App\Controllers\Booking->save_pesan('13')
12 SYSTEMPATH\CodeIgniter.php(482): CodeIgniter\CodeIgniter->runController(Object(App\Controllers\Booking))
13 SYSTEMPATH\CodeIgniter.php(351): CodeIgniter\CodeIgniter->handleRequest(null, Object(Config\Cache), false)
14 FCPATH\index.php(67): CodeIgniter\CodeIgniter->run()
CRITICAL - 2022-12-21 12:12:02 --> Too few arguments to function CodeIgniter\Router\RouteCollection::get(), 1 passed in C:\xampp\htdocs\travelight\app\Config\Routes.php on line 76 and at least 2 expected
in SYSTEMPATH\Router\RouteCollection.php on line 884.
 1 APPPATH\Config\Routes.php(76): CodeIgniter\Router\RouteCollection->get('/orders')
 2 SYSTEMPATH\CodeIgniter.php(789): require('APPPATH\\Config\\Routes.php')
 3 SYSTEMPATH\CodeIgniter.php(430): CodeIgniter\CodeIgniter->tryToRouteIt(Object(CodeIgniter\Router\RouteCollection))
 4 SYSTEMPATH\CodeIgniter.php(347): CodeIgniter\CodeIgniter->handleRequest(null, Object(Config\Cache), false)
 5 SYSTEMPATH\CLI\Console.php(48): CodeIgniter\CodeIgniter->run()
 6 ROOTPATH\spark(98): CodeIgniter\CLI\Console->run()
CRITICAL - 2022-12-21 12:13:09 --> Too few arguments to function CodeIgniter\Router\RouteCollection::get(), 1 passed in C:\xampp\htdocs\travelight\app\Config\Routes.php on line 76 and at least 2 expected
in SYSTEMPATH\Router\RouteCollection.php on line 884.
 1 APPPATH\Config\Routes.php(76): CodeIgniter\Router\RouteCollection->get('/orders')
 2 SYSTEMPATH\CodeIgniter.php(789): require('APPPATH\\Config\\Routes.php')
 3 SYSTEMPATH\CodeIgniter.php(430): CodeIgniter\CodeIgniter->tryToRouteIt(Object(CodeIgniter\Router\RouteCollection))
 4 SYSTEMPATH\CodeIgniter.php(347): CodeIgniter\CodeIgniter->handleRequest(null, Object(Config\Cache), false)
 5 SYSTEMPATH\CLI\Console.php(48): CodeIgniter\CodeIgniter->run()
 6 ROOTPATH\spark(98): CodeIgniter\CLI\Console->run()
