CRITICAL - 2022-12-13 03:14:13 --> syntax error, unexpected token "="
in APPPATH\Controllers\Room.php on line 162.
 1 SYSTEMPATH\Autoloader\Autoloader.php(259): CodeIgniter\Autoloader\Autoloader->includeFile('APPPATH\\Controllers\\Room.php')
 2 SYSTEMPATH\Autoloader\Autoloader.php(237): CodeIgniter\Autoloader\Autoloader->loadInNamespace('App\\Controllers\\Room')
 3 [internal function]: CodeIgniter\Autoloader\Autoloader->loadClass('App\\Controllers\\Room')
 4 SYSTEMPATH\CodeIgniter.php(877): class_exists('\\App\\Controllers\\Room', true)
 5 SYSTEMPATH\CodeIgniter.php(469): CodeIgniter\CodeIgniter->startController()
 6 SYSTEMPATH\CodeIgniter.php(351): CodeIgniter\CodeIgniter->handleRequest(null, Object(Config\Cache), false)
 7 FCPATH\index.php(67): CodeIgniter\CodeIgniter->run()
CRITICAL - 2022-12-13 03:14:20 --> syntax error, unexpected token "="
in APPPATH\Controllers\Room.php on line 162.
 1 SYSTEMPATH\Autoloader\Autoloader.php(259): CodeIgniter\Autoloader\Autoloader->includeFile('APPPATH\\Controllers\\Room.php')
 2 SYSTEMPATH\Autoloader\Autoloader.php(237): CodeIgniter\Autoloader\Autoloader->loadInNamespace('App\\Controllers\\Room')
 3 [internal function]: CodeIgniter\Autoloader\Autoloader->loadClass('App\\Controllers\\Room')
 4 SYSTEMPATH\CodeIgniter.php(877): class_exists('\\App\\Controllers\\Room', true)
 5 SYSTEMPATH\CodeIgniter.php(469): CodeIgniter\CodeIgniter->startController()
 6 SYSTEMPATH\CodeIgniter.php(351): CodeIgniter\CodeIgniter->handleRequest(null, Object(Config\Cache), false)
 7 FCPATH\index.php(67): CodeIgniter\CodeIgniter->run()
CRITICAL - 2022-12-13 03:14:32 --> Object of class App\Controllers\Room could not be converted to string
in APPPATH\Controllers\Room.php on line 124.
 1 SYSTEMPATH\CodeIgniter.php(927): App\Controllers\Room->update_room('5')
 2 SYSTEMPATH\CodeIgniter.php(482): CodeIgniter\CodeIgniter->runController(Object(App\Controllers\Room))
 3 SYSTEMPATH\CodeIgniter.php(351): CodeIgniter\CodeIgniter->handleRequest(null, Object(Config\Cache), false)
 4 FCPATH\index.php(67): CodeIgniter\CodeIgniter->run()
CRITICAL - 2022-12-13 03:14:55 --> Cannot use object of type App\Controllers\Room as array
in APPPATH\Controllers\Room.php on line 124.
 1 SYSTEMPATH\CodeIgniter.php(927): App\Controllers\Room->update_room('5')
 2 SYSTEMPATH\CodeIgniter.php(482): CodeIgniter\CodeIgniter->runController(Object(App\Controllers\Room))
 3 SYSTEMPATH\CodeIgniter.php(351): CodeIgniter\CodeIgniter->handleRequest(null, Object(Config\Cache), false)
 4 FCPATH\index.php(67): CodeIgniter\CodeIgniter->run()
CRITICAL - 2022-12-13 03:34:33 --> Undefined variable $db
in APPPATH\Controllers\Product.php on line 117.
 1 APPPATH\Controllers\Product.php(117): CodeIgniter\Debug\Exceptions->errorHandler(2, 'Undefined variable $db', 'APPPATH\\Controllers\\Product.php', 117)
 2 SYSTEMPATH\CodeIgniter.php(927): App\Controllers\Product->delete('2')
 3 SYSTEMPATH\CodeIgniter.php(482): CodeIgniter\CodeIgniter->runController(Object(App\Controllers\Product))
 4 SYSTEMPATH\CodeIgniter.php(351): CodeIgniter\CodeIgniter->handleRequest(null, Object(Config\Cache), false)
 5 FCPATH\index.php(67): CodeIgniter\CodeIgniter->run()
CRITICAL - 2022-12-13 03:45:04 --> Undefined variable $room
in APPPATH\Views\products_view.php on line 41.
 1 APPPATH\Views\products_view.php(41): CodeIgniter\Debug\Exceptions->errorHandler(2, 'Undefined variable $room', 'APPPATH\\Views\\products_view.php', 41)
 2 SYSTEMPATH\View\View.php(213): include('APPPATH\\Views\\products_view.php')
 3 SYSTEMPATH\View\View.php(216): CodeIgniter\View\View->CodeIgniter\View\{closure}()
 4 SYSTEMPATH\Common.php(1134): CodeIgniter\View\View->render('products_view', [], true)
 5 APPPATH\Controllers\Dashboard.php(35): view('products_view', [...])
 6 SYSTEMPATH\CodeIgniter.php(927): App\Controllers\Dashboard->view('3')
 7 SYSTEMPATH\CodeIgniter.php(482): CodeIgniter\CodeIgniter->runController(Object(App\Controllers\Dashboard))
 8 SYSTEMPATH\CodeIgniter.php(351): CodeIgniter\CodeIgniter->handleRequest(null, Object(Config\Cache), false)
 9 FCPATH\index.php(67): CodeIgniter\CodeIgniter->run()
CRITICAL - 2022-12-13 03:50:22 --> Class "App\Controllers\RoomModel" not found
in APPPATH\Controllers\Dashboard.php on line 14.
 1 SYSTEMPATH\CodeIgniter.php(889): App\Controllers\Dashboard->__construct()
 2 SYSTEMPATH\CodeIgniter.php(473): CodeIgniter\CodeIgniter->createController()
 3 SYSTEMPATH\CodeIgniter.php(351): CodeIgniter\CodeIgniter->handleRequest(null, Object(Config\Cache), false)
 4 FCPATH\index.php(67): CodeIgniter\CodeIgniter->run()
CRITICAL - 2022-12-13 03:50:24 --> Class "App\Controllers\RoomModel" not found
in APPPATH\Controllers\Dashboard.php on line 14.
 1 SYSTEMPATH\CodeIgniter.php(889): App\Controllers\Dashboard->__construct()
 2 SYSTEMPATH\CodeIgniter.php(473): CodeIgniter\CodeIgniter->createController()
 3 SYSTEMPATH\CodeIgniter.php(351): CodeIgniter\CodeIgniter->handleRequest(null, Object(Config\Cache), false)
 4 FCPATH\index.php(67): CodeIgniter\CodeIgniter->run()
CRITICAL - 2022-12-13 03:50:25 --> Class "App\Controllers\RoomModel" not found
in APPPATH\Controllers\Dashboard.php on line 14.
 1 SYSTEMPATH\CodeIgniter.php(889): App\Controllers\Dashboard->__construct()
 2 SYSTEMPATH\CodeIgniter.php(473): CodeIgniter\CodeIgniter->createController()
 3 SYSTEMPATH\CodeIgniter.php(351): CodeIgniter\CodeIgniter->handleRequest(null, Object(Config\Cache), false)
 4 FCPATH\index.php(67): CodeIgniter\CodeIgniter->run()
CRITICAL - 2022-12-13 03:50:50 --> Cannot use object of type mysqli as array
in APPPATH\Views\products_view.php on line 42.
 1 SYSTEMPATH\View\View.php(213): include()
 2 SYSTEMPATH\View\View.php(216): CodeIgniter\View\View->CodeIgniter\View\{closure}()
 3 SYSTEMPATH\Common.php(1134): CodeIgniter\View\View->render('products_view', [], true)
 4 APPPATH\Controllers\Dashboard.php(42): view('products_view', [...])
 5 SYSTEMPATH\CodeIgniter.php(927): App\Controllers\Dashboard->view('3')
 6 SYSTEMPATH\CodeIgniter.php(482): CodeIgniter\CodeIgniter->runController(Object(App\Controllers\Dashboard))
 7 SYSTEMPATH\CodeIgniter.php(351): CodeIgniter\CodeIgniter->handleRequest(null, Object(Config\Cache), false)
 8 FCPATH\index.php(67): CodeIgniter\CodeIgniter->run()
CRITICAL - 2022-12-13 03:51:22 --> Object of class CodeIgniter\Database\MySQLi\Result could not be converted to string
in APPPATH\Controllers\Dashboard.php on line 37.
 1 SYSTEMPATH\CodeIgniter.php(927): App\Controllers\Dashboard->view('3')
 2 SYSTEMPATH\CodeIgniter.php(482): CodeIgniter\CodeIgniter->runController(Object(App\Controllers\Dashboard))
 3 SYSTEMPATH\CodeIgniter.php(351): CodeIgniter\CodeIgniter->handleRequest(null, Object(Config\Cache), false)
 4 FCPATH\index.php(67): CodeIgniter\CodeIgniter->run()
ERROR - 2022-12-13 03:53:54 --> mysqli_sql_exception: Unknown column 'select * from kamar where' in 'field list' in C:\xampp\htdocs\travelight\system\Database\MySQLi\Connection.php:292
Stack trace:
#0 C:\xampp\htdocs\travelight\system\Database\MySQLi\Connection.php(292): mysqli->query('SELECT `select ...', 0)
#1 C:\xampp\htdocs\travelight\system\Database\BaseConnection.php(666): CodeIgniter\Database\MySQLi\Connection->execute('SELECT `select ...')
#2 C:\xampp\htdocs\travelight\system\Database\BaseConnection.php(593): CodeIgniter\Database\BaseConnection->simpleQuery('SELECT `select ...')
#3 C:\xampp\htdocs\travelight\system\Database\BaseBuilder.php(1585): CodeIgniter\Database\BaseConnection->query('SELECT `select ...', Array, false)
#4 C:\xampp\htdocs\travelight\app\Controllers\Dashboard.php(37): CodeIgniter\Database\BaseBuilder->get()
#5 C:\xampp\htdocs\travelight\system\CodeIgniter.php(927): App\Controllers\Dashboard->view('3')
#6 C:\xampp\htdocs\travelight\system\CodeIgniter.php(482): CodeIgniter\CodeIgniter->runController(Object(App\Controllers\Dashboard))
#7 C:\xampp\htdocs\travelight\system\CodeIgniter.php(351): CodeIgniter\CodeIgniter->handleRequest(NULL, Object(Config\Cache), false)
#8 C:\xampp\htdocs\travelight\public\index.php(67): CodeIgniter\CodeIgniter->run()
#9 {main}
CRITICAL - 2022-12-13 03:53:54 --> Unknown column 'select * from kamar where' in 'field list'
in SYSTEMPATH\Database\MySQLi\Connection.php on line 292.
 1 SYSTEMPATH\Database\MySQLi\Connection.php(292): mysqli->query('SELECT `select * from kamar where` `idHotel=3`
FROM `kamar`', 0)
 2 SYSTEMPATH\Database\BaseConnection.php(666): CodeIgniter\Database\MySQLi\Connection->execute('SELECT `select * from kamar where` `idHotel=3`
FROM `kamar`')
 3 SYSTEMPATH\Database\BaseConnection.php(593): CodeIgniter\Database\BaseConnection->simpleQuery('SELECT `select * from kamar where` `idHotel=3`
FROM `kamar`')
 4 SYSTEMPATH\Database\BaseBuilder.php(1585): CodeIgniter\Database\BaseConnection->query('SELECT `select * from kamar where` `idHotel=3`
FROM `kamar`', [], false)
 5 APPPATH\Controllers\Dashboard.php(37): CodeIgniter\Database\BaseBuilder->get()
 6 SYSTEMPATH\CodeIgniter.php(927): App\Controllers\Dashboard->view('3')
 7 SYSTEMPATH\CodeIgniter.php(482): CodeIgniter\CodeIgniter->runController(Object(App\Controllers\Dashboard))
 8 SYSTEMPATH\CodeIgniter.php(351): CodeIgniter\CodeIgniter->handleRequest(null, Object(Config\Cache), false)
 9 FCPATH\index.php(67): CodeIgniter\CodeIgniter->run()
CRITICAL - 2022-12-13 03:54:33 --> Object of class CodeIgniter\Database\MySQLi\Result could not be converted to string
in APPPATH\Controllers\Dashboard.php on line 37.
 1 SYSTEMPATH\CodeIgniter.php(927): App\Controllers\Dashboard->view('3')
 2 SYSTEMPATH\CodeIgniter.php(482): CodeIgniter\CodeIgniter->runController(Object(App\Controllers\Dashboard))
 3 SYSTEMPATH\CodeIgniter.php(351): CodeIgniter\CodeIgniter->handleRequest(null, Object(Config\Cache), false)
 4 FCPATH\index.php(67): CodeIgniter\CodeIgniter->run()
CRITICAL - 2022-12-13 03:54:52 --> Cannot use object of type mysqli as array
in APPPATH\Views\products_view.php on line 42.
 1 SYSTEMPATH\View\View.php(213): include()
 2 SYSTEMPATH\View\View.php(216): CodeIgniter\View\View->CodeIgniter\View\{closure}()
 3 SYSTEMPATH\Common.php(1134): CodeIgniter\View\View->render('products_view', [], true)
 4 APPPATH\Controllers\Dashboard.php(43): view('products_view', [...])
 5 SYSTEMPATH\CodeIgniter.php(927): App\Controllers\Dashboard->view('3')
 6 SYSTEMPATH\CodeIgniter.php(482): CodeIgniter\CodeIgniter->runController(Object(App\Controllers\Dashboard))
 7 SYSTEMPATH\CodeIgniter.php(351): CodeIgniter\CodeIgniter->handleRequest(null, Object(Config\Cache), false)
 8 FCPATH\index.php(67): CodeIgniter\CodeIgniter->run()
CRITICAL - 2022-12-13 03:55:23 --> Cannot use object of type mysqli as array
in APPPATH\Views\products_view.php on line 45.
 1 SYSTEMPATH\View\View.php(213): include()
 2 SYSTEMPATH\View\View.php(216): CodeIgniter\View\View->CodeIgniter\View\{closure}()
 3 SYSTEMPATH\Common.php(1134): CodeIgniter\View\View->render('products_view', [], true)
 4 APPPATH\Controllers\Dashboard.php(43): view('products_view', [...])
 5 SYSTEMPATH\CodeIgniter.php(927): App\Controllers\Dashboard->view('3')
 6 SYSTEMPATH\CodeIgniter.php(482): CodeIgniter\CodeIgniter->runController(Object(App\Controllers\Dashboard))
 7 SYSTEMPATH\CodeIgniter.php(351): CodeIgniter\CodeIgniter->handleRequest(null, Object(Config\Cache), false)
 8 FCPATH\index.php(67): CodeIgniter\CodeIgniter->run()
CRITICAL - 2022-12-13 03:56:10 --> Undefined variable $prod
in APPPATH\Views\products_view.php on line 42.
 1 APPPATH\Views\products_view.php(42): CodeIgniter\Debug\Exceptions->errorHandler(2, 'Undefined variable $prod', 'APPPATH\\Views\\products_view.php', 42)
 2 SYSTEMPATH\View\View.php(213): include('APPPATH\\Views\\products_view.php')
 3 SYSTEMPATH\View\View.php(216): CodeIgniter\View\View->CodeIgniter\View\{closure}()
 4 SYSTEMPATH\Common.php(1134): CodeIgniter\View\View->render('products_view', [], true)
 5 APPPATH\Controllers\Dashboard.php(43): view('products_view', [...])
 6 SYSTEMPATH\CodeIgniter.php(927): App\Controllers\Dashboard->view('3')
 7 SYSTEMPATH\CodeIgniter.php(482): CodeIgniter\CodeIgniter->runController(Object(App\Controllers\Dashboard))
 8 SYSTEMPATH\CodeIgniter.php(351): CodeIgniter\CodeIgniter->handleRequest(null, Object(Config\Cache), false)
 9 FCPATH\index.php(67): CodeIgniter\CodeIgniter->run()
CRITICAL - 2022-12-13 04:07:08 --> Undefined property: App\Controllers\Booking::$room
in APPPATH\Controllers\Booking.php on line 11.
 1 APPPATH\Controllers\Booking.php(11): CodeIgniter\Debug\Exceptions->errorHandler(2, 'Undefined property: App\\Controllers\\Booking::$room', 'APPPATH\\Controllers\\Booking.php', 11)
 2 SYSTEMPATH\CodeIgniter.php(927): App\Controllers\Booking->pesan('9')
 3 SYSTEMPATH\CodeIgniter.php(482): CodeIgniter\CodeIgniter->runController(Object(App\Controllers\Booking))
 4 SYSTEMPATH\CodeIgniter.php(351): CodeIgniter\CodeIgniter->handleRequest(null, Object(Config\Cache), false)
 5 FCPATH\index.php(67): CodeIgniter\CodeIgniter->run()
CRITICAL - 2022-12-13 04:07:38 --> Call to a member function find() on null
in APPPATH\Controllers\Booking.php on line 13.
 1 SYSTEMPATH\CodeIgniter.php(927): App\Controllers\Booking->pesan('9')
 2 SYSTEMPATH\CodeIgniter.php(482): CodeIgniter\CodeIgniter->runController(Object(App\Controllers\Booking))
 3 SYSTEMPATH\CodeIgniter.php(351): CodeIgniter\CodeIgniter->handleRequest(null, Object(Config\Cache), false)
 4 FCPATH\index.php(67): CodeIgniter\CodeIgniter->run()
CRITICAL - 2022-12-13 04:31:03 --> syntax error, unexpected single-quoted string "idCustomer", expecting "]"
in APPPATH\Controllers\Booking.php on line 41.
 1 SYSTEMPATH\Autoloader\Autoloader.php(259): CodeIgniter\Autoloader\Autoloader->includeFile('APPPATH\\Controllers\\Booking.php')
 2 SYSTEMPATH\Autoloader\Autoloader.php(237): CodeIgniter\Autoloader\Autoloader->loadInNamespace('App\\Controllers\\Booking')
 3 [internal function]: CodeIgniter\Autoloader\Autoloader->loadClass('App\\Controllers\\Booking')
 4 SYSTEMPATH\CodeIgniter.php(877): class_exists('\\App\\Controllers\\Booking', true)
 5 SYSTEMPATH\CodeIgniter.php(469): CodeIgniter\CodeIgniter->startController()
 6 SYSTEMPATH\CodeIgniter.php(351): CodeIgniter\CodeIgniter->handleRequest(null, Object(Config\Cache), false)
 7 FCPATH\index.php(67): CodeIgniter\CodeIgniter->run()
CRITICAL - 2022-12-13 04:41:24 --> syntax error, unexpected token "=>", expecting "]"
in APPPATH\Controllers\Booking.php on line 47.
 1 SYSTEMPATH\Autoloader\Autoloader.php(259): CodeIgniter\Autoloader\Autoloader->includeFile('APPPATH\\Controllers\\Booking.php')
 2 SYSTEMPATH\Autoloader\Autoloader.php(237): CodeIgniter\Autoloader\Autoloader->loadInNamespace('App\\Controllers\\Booking')
 3 [internal function]: CodeIgniter\Autoloader\Autoloader->loadClass('App\\Controllers\\Booking')
 4 SYSTEMPATH\CodeIgniter.php(877): class_exists('\\App\\Controllers\\Booking', true)
 5 SYSTEMPATH\CodeIgniter.php(469): CodeIgniter\CodeIgniter->startController()
 6 SYSTEMPATH\CodeIgniter.php(351): CodeIgniter\CodeIgniter->handleRequest(null, Object(Config\Cache), false)
 7 FCPATH\index.php(67): CodeIgniter\CodeIgniter->run()
CRITICAL - 2022-12-13 04:47:50 --> Undefined variable $room
in APPPATH\Views\book_view.php on line 21.
 1 APPPATH\Views\book_view.php(21): CodeIgniter\Debug\Exceptions->errorHandler(2, 'Undefined variable $room', 'APPPATH\\Views\\book_view.php', 21)
 2 SYSTEMPATH\View\View.php(213): include('APPPATH\\Views\\book_view.php')
 3 SYSTEMPATH\View\View.php(216): CodeIgniter\View\View->CodeIgniter\View\{closure}()
 4 SYSTEMPATH\Common.php(1134): CodeIgniter\View\View->render('book_view', [], true)
 5 APPPATH\Controllers\Booking.php(56): view('book_view', [...])
 6 SYSTEMPATH\CodeIgniter.php(927): App\Controllers\Booking->save_pesan('ROOTPATH\\public')
 7 SYSTEMPATH\CodeIgniter.php(482): CodeIgniter\CodeIgniter->runController(Object(App\Controllers\Booking))
 8 SYSTEMPATH\CodeIgniter.php(351): CodeIgniter\CodeIgniter->handleRequest(null, Object(Config\Cache), false)
 9 FCPATH\index.php(67): CodeIgniter\CodeIgniter->run()
CRITICAL - 2022-12-13 04:49:00 --> Too few arguments to function App\Controllers\Booking::save_pesan(), 0 passed in C:\xampp\htdocs\travelight\system\CodeIgniter.php on line 927 and exactly 1 expected
in APPPATH\Controllers\Booking.php on line 29.
 1 SYSTEMPATH\CodeIgniter.php(927): App\Controllers\Booking->save_pesan()
 2 SYSTEMPATH\CodeIgniter.php(482): CodeIgniter\CodeIgniter->runController(Object(App\Controllers\Booking))
 3 SYSTEMPATH\CodeIgniter.php(351): CodeIgniter\CodeIgniter->handleRequest(null, Object(Config\Cache), false)
 4 FCPATH\index.php(67): CodeIgniter\CodeIgniter->run()
