CRITICAL - 2022-12-06 04:35:39 --> Class "App\Controllers\CustomerModel" not found
in APPPATH\Controllers\SignUp.php on line 32.
 1 SYSTEMPATH\CodeIgniter.php(927): App\Controllers\SignUp->save_customer()
 2 SYSTEMPATH\CodeIgniter.php(482): CodeIgniter\CodeIgniter->runController(Object(App\Controllers\SignUp))
 3 SYSTEMPATH\CodeIgniter.php(351): CodeIgniter\CodeIgniter->handleRequest(null, Object(Config\Cache), false)
 4 FCPATH\index.php(67): CodeIgniter\CodeIgniter->run()
ERROR - 2022-12-06 04:36:08 --> Error connecting to the database: mysqli_sql_exception: Unknown database 'travelight' in C:\xampp\htdocs\travelight\system\Database\MySQLi\Connection.php:171
Stack trace:
#0 C:\xampp\htdocs\travelight\system\Database\MySQLi\Connection.php(171): mysqli->real_connect('localhost', 'root', '', 'travelight', 3306, '', 0)
#1 C:\xampp\htdocs\travelight\system\Database\BaseConnection.php(382): CodeIgniter\Database\MySQLi\Connection->connect(false)
#2 C:\xampp\htdocs\travelight\system\Database\BaseConnection.php(561): CodeIgniter\Database\BaseConnection->initialize()
#3 C:\xampp\htdocs\travelight\system\Database\BaseBuilder.php(1916): CodeIgniter\Database\BaseConnection->query('INSERT INTO `cu...', Array, false)
#4 C:\xampp\htdocs\travelight\system\Model.php(279): CodeIgniter\Database\BaseBuilder->insert()
#5 C:\xampp\htdocs\travelight\system\BaseModel.php(749): CodeIgniter\Model->doInsert(Array)
#6 C:\xampp\htdocs\travelight\system\Model.php(667): CodeIgniter\BaseModel->insert(Array, false)
#7 C:\xampp\htdocs\travelight\system\BaseModel.php(659): CodeIgniter\Model->insert(Array, false)
#8 C:\xampp\htdocs\travelight\app\Controllers\SignUp.php(45): CodeIgniter\BaseModel->save(Array)
#9 C:\xampp\htdocs\travelight\system\CodeIgniter.php(927): App\Controllers\SignUp->save_customer()
#10 C:\xampp\htdocs\travelight\system\CodeIgniter.php(482): CodeIgniter\CodeIgniter->runController(Object(App\Controllers\SignUp))
#11 C:\xampp\htdocs\travelight\system\CodeIgniter.php(351): CodeIgniter\CodeIgniter->handleRequest(NULL, Object(Config\Cache), false)
#12 C:\xampp\htdocs\travelight\public\index.php(67): CodeIgniter\CodeIgniter->run()
#13 {main}

Next CodeIgniter\Database\Exceptions\DatabaseException: Unknown database 'travelight' in C:\xampp\htdocs\travelight\system\Database\MySQLi\Connection.php:215
Stack trace:
#0 C:\xampp\htdocs\travelight\system\Database\BaseConnection.php(382): CodeIgniter\Database\MySQLi\Connection->connect(false)
#1 C:\xampp\htdocs\travelight\system\Database\BaseConnection.php(561): CodeIgniter\Database\BaseConnection->initialize()
#2 C:\xampp\htdocs\travelight\system\Database\BaseBuilder.php(1916): CodeIgniter\Database\BaseConnection->query('INSERT INTO `cu...', Array, false)
#3 C:\xampp\htdocs\travelight\system\Model.php(279): CodeIgniter\Database\BaseBuilder->insert()
#4 C:\xampp\htdocs\travelight\system\BaseModel.php(749): CodeIgniter\Model->doInsert(Array)
#5 C:\xampp\htdocs\travelight\system\Model.php(667): CodeIgniter\BaseModel->insert(Array, false)
#6 C:\xampp\htdocs\travelight\system\BaseModel.php(659): CodeIgniter\Model->insert(Array, false)
#7 C:\xampp\htdocs\travelight\app\Controllers\SignUp.php(45): CodeIgniter\BaseModel->save(Array)
#8 C:\xampp\htdocs\travelight\system\CodeIgniter.php(927): App\Controllers\SignUp->save_customer()
#9 C:\xampp\htdocs\travelight\system\CodeIgniter.php(482): CodeIgniter\CodeIgniter->runController(Object(App\Controllers\SignUp))
#10 C:\xampp\htdocs\travelight\system\CodeIgniter.php(351): CodeIgniter\CodeIgniter->handleRequest(NULL, Object(Config\Cache), false)
#11 C:\xampp\htdocs\travelight\public\index.php(67): CodeIgniter\CodeIgniter->run()
#12 {main}
CRITICAL - 2022-12-06 04:36:08 --> Unable to connect to the database.
Main connection [MySQLi]: Unknown database 'travelight'
in SYSTEMPATH\Database\BaseConnection.php on line 418.
 1 SYSTEMPATH\Database\BaseConnection.php(561): CodeIgniter\Database\BaseConnection->initialize()
 2 SYSTEMPATH\Database\BaseBuilder.php(1916): CodeIgniter\Database\BaseConnection->query('INSERT INTO `customer` (`namaCustomer`, `noHpCustomer`, `emailCustomer`, `alamatCustomer`, `username`, `password`) VALUES (:namaCustomer:, :noHpCustomer:, :emailCustomer:, :alamatCustomer:, :username:, :password:)', [...], false)
 3 SYSTEMPATH\Model.php(279): CodeIgniter\Database\BaseBuilder->insert()
 4 SYSTEMPATH\BaseModel.php(749): CodeIgniter\Model->doInsert([...])
 5 SYSTEMPATH\Model.php(667): CodeIgniter\BaseModel->insert([...], false)
 6 SYSTEMPATH\BaseModel.php(659): CodeIgniter\Model->insert([...], false)
 7 APPPATH\Controllers\SignUp.php(45): CodeIgniter\BaseModel->save([...])
 8 SYSTEMPATH\CodeIgniter.php(927): App\Controllers\SignUp->save_customer()
 9 SYSTEMPATH\CodeIgniter.php(482): CodeIgniter\CodeIgniter->runController(Object(App\Controllers\SignUp))
10 SYSTEMPATH\CodeIgniter.php(351): CodeIgniter\CodeIgniter->handleRequest(null, Object(Config\Cache), false)
11 FCPATH\index.php(67): CodeIgniter\CodeIgniter->run()
ERROR - 2022-12-06 04:36:58 --> Error connecting to the database: mysqli_sql_exception: Unknown database 'travelight' in C:\xampp\htdocs\travelight\system\Database\MySQLi\Connection.php:171
Stack trace:
#0 C:\xampp\htdocs\travelight\system\Database\MySQLi\Connection.php(171): mysqli->real_connect('localhost', 'root', '', 'travelight', 3306, '', 0)
#1 C:\xampp\htdocs\travelight\system\Database\BaseConnection.php(382): CodeIgniter\Database\MySQLi\Connection->connect(false)
#2 C:\xampp\htdocs\travelight\system\Database\BaseConnection.php(561): CodeIgniter\Database\BaseConnection->initialize()
#3 C:\xampp\htdocs\travelight\system\Database\BaseBuilder.php(1916): CodeIgniter\Database\BaseConnection->query('INSERT INTO `cu...', Array, false)
#4 C:\xampp\htdocs\travelight\system\Model.php(279): CodeIgniter\Database\BaseBuilder->insert()
#5 C:\xampp\htdocs\travelight\system\BaseModel.php(749): CodeIgniter\Model->doInsert(Array)
#6 C:\xampp\htdocs\travelight\system\Model.php(667): CodeIgniter\BaseModel->insert(Array, false)
#7 C:\xampp\htdocs\travelight\system\BaseModel.php(659): CodeIgniter\Model->insert(Array, false)
#8 C:\xampp\htdocs\travelight\app\Controllers\SignUp.php(45): CodeIgniter\BaseModel->save(Array)
#9 C:\xampp\htdocs\travelight\system\CodeIgniter.php(927): App\Controllers\SignUp->save_customer()
#10 C:\xampp\htdocs\travelight\system\CodeIgniter.php(482): CodeIgniter\CodeIgniter->runController(Object(App\Controllers\SignUp))
#11 C:\xampp\htdocs\travelight\system\CodeIgniter.php(351): CodeIgniter\CodeIgniter->handleRequest(NULL, Object(Config\Cache), false)
#12 C:\xampp\htdocs\travelight\public\index.php(67): CodeIgniter\CodeIgniter->run()
#13 {main}

Next CodeIgniter\Database\Exceptions\DatabaseException: Unknown database 'travelight' in C:\xampp\htdocs\travelight\system\Database\MySQLi\Connection.php:215
Stack trace:
#0 C:\xampp\htdocs\travelight\system\Database\BaseConnection.php(382): CodeIgniter\Database\MySQLi\Connection->connect(false)
#1 C:\xampp\htdocs\travelight\system\Database\BaseConnection.php(561): CodeIgniter\Database\BaseConnection->initialize()
#2 C:\xampp\htdocs\travelight\system\Database\BaseBuilder.php(1916): CodeIgniter\Database\BaseConnection->query('INSERT INTO `cu...', Array, false)
#3 C:\xampp\htdocs\travelight\system\Model.php(279): CodeIgniter\Database\BaseBuilder->insert()
#4 C:\xampp\htdocs\travelight\system\BaseModel.php(749): CodeIgniter\Model->doInsert(Array)
#5 C:\xampp\htdocs\travelight\system\Model.php(667): CodeIgniter\BaseModel->insert(Array, false)
#6 C:\xampp\htdocs\travelight\system\BaseModel.php(659): CodeIgniter\Model->insert(Array, false)
#7 C:\xampp\htdocs\travelight\app\Controllers\SignUp.php(45): CodeIgniter\BaseModel->save(Array)
#8 C:\xampp\htdocs\travelight\system\CodeIgniter.php(927): App\Controllers\SignUp->save_customer()
#9 C:\xampp\htdocs\travelight\system\CodeIgniter.php(482): CodeIgniter\CodeIgniter->runController(Object(App\Controllers\SignUp))
#10 C:\xampp\htdocs\travelight\system\CodeIgniter.php(351): CodeIgniter\CodeIgniter->handleRequest(NULL, Object(Config\Cache), false)
#11 C:\xampp\htdocs\travelight\public\index.php(67): CodeIgniter\CodeIgniter->run()
#12 {main}
CRITICAL - 2022-12-06 04:36:58 --> Unable to connect to the database.
Main connection [MySQLi]: Unknown database 'travelight'
in SYSTEMPATH\Database\BaseConnection.php on line 418.
 1 SYSTEMPATH\Database\BaseConnection.php(561): CodeIgniter\Database\BaseConnection->initialize()
 2 SYSTEMPATH\Database\BaseBuilder.php(1916): CodeIgniter\Database\BaseConnection->query('INSERT INTO `customer` (`namaCustomer`, `noHpCustomer`, `emailCustomer`, `alamatCustomer`, `username`, `password`) VALUES (:namaCustomer:, :noHpCustomer:, :emailCustomer:, :alamatCustomer:, :username:, :password:)', [...], false)
 3 SYSTEMPATH\Model.php(279): CodeIgniter\Database\BaseBuilder->insert()
 4 SYSTEMPATH\BaseModel.php(749): CodeIgniter\Model->doInsert([...])
 5 SYSTEMPATH\Model.php(667): CodeIgniter\BaseModel->insert([...], false)
 6 SYSTEMPATH\BaseModel.php(659): CodeIgniter\Model->insert([...], false)
 7 APPPATH\Controllers\SignUp.php(45): CodeIgniter\BaseModel->save([...])
 8 SYSTEMPATH\CodeIgniter.php(927): App\Controllers\SignUp->save_customer()
 9 SYSTEMPATH\CodeIgniter.php(482): CodeIgniter\CodeIgniter->runController(Object(App\Controllers\SignUp))
10 SYSTEMPATH\CodeIgniter.php(351): CodeIgniter\CodeIgniter->handleRequest(null, Object(Config\Cache), false)
11 FCPATH\index.php(67): CodeIgniter\CodeIgniter->run()
ERROR - 2022-12-06 05:10:29 --> mysqli_sql_exception: Duplicate entry 'gisell' for key 'username' in C:\xampp\htdocs\travelight\system\Database\MySQLi\Connection.php:292
Stack trace:
#0 C:\xampp\htdocs\travelight\system\Database\MySQLi\Connection.php(292): mysqli->query('INSERT INTO `cu...', 0)
#1 C:\xampp\htdocs\travelight\system\Database\BaseConnection.php(666): CodeIgniter\Database\MySQLi\Connection->execute('INSERT INTO `cu...')
#2 C:\xampp\htdocs\travelight\system\Database\BaseConnection.php(593): CodeIgniter\Database\BaseConnection->simpleQuery('INSERT INTO `cu...')
#3 C:\xampp\htdocs\travelight\system\Database\BaseBuilder.php(1916): CodeIgniter\Database\BaseConnection->query('INSERT INTO `cu...', Array, false)
#4 C:\xampp\htdocs\travelight\system\Model.php(279): CodeIgniter\Database\BaseBuilder->insert()
#5 C:\xampp\htdocs\travelight\system\BaseModel.php(749): CodeIgniter\Model->doInsert(Array)
#6 C:\xampp\htdocs\travelight\system\Model.php(667): CodeIgniter\BaseModel->insert(Array, false)
#7 C:\xampp\htdocs\travelight\system\BaseModel.php(659): CodeIgniter\Model->insert(Array, false)
#8 C:\xampp\htdocs\travelight\app\Controllers\SignUp.php(45): CodeIgniter\BaseModel->save(Array)
#9 C:\xampp\htdocs\travelight\system\CodeIgniter.php(927): App\Controllers\SignUp->save_customer()
#10 C:\xampp\htdocs\travelight\system\CodeIgniter.php(482): CodeIgniter\CodeIgniter->runController(Object(App\Controllers\SignUp))
#11 C:\xampp\htdocs\travelight\system\CodeIgniter.php(351): CodeIgniter\CodeIgniter->handleRequest(NULL, Object(Config\Cache), false)
#12 C:\xampp\htdocs\travelight\public\index.php(67): CodeIgniter\CodeIgniter->run()
#13 {main}
CRITICAL - 2022-12-06 05:10:29 --> Duplicate entry 'gisell' for key 'username'
in SYSTEMPATH\Database\MySQLi\Connection.php on line 292.
 1 SYSTEMPATH\Database\MySQLi\Connection.php(292): mysqli->query('INSERT INTO `customer` (`namaCustomer`, `noHpCustomer`, `emailCustomer`, `alamatCustomer`, `username`, `password`) VALUES (\'Gisella Vania Dwipayana\', \'08124738478\', \'gisellavd17@gmail.com\', \'jl mangga\', \'gisell\', \'sel\')', 0)
 2 SYSTEMPATH\Database\BaseConnection.php(666): CodeIgniter\Database\MySQLi\Connection->execute('INSERT INTO `customer` (`namaCustomer`, `noHpCustomer`, `emailCustomer`, `alamatCustomer`, `username`, `password`) VALUES (\'Gisella Vania Dwipayana\', \'08124738478\', \'gisellavd17@gmail.com\', \'jl mangga\', \'gisell\', \'sel\')')
 3 SYSTEMPATH\Database\BaseConnection.php(593): CodeIgniter\Database\BaseConnection->simpleQuery('INSERT INTO `customer` (`namaCustomer`, `noHpCustomer`, `emailCustomer`, `alamatCustomer`, `username`, `password`) VALUES (\'Gisella Vania Dwipayana\', \'08124738478\', \'gisellavd17@gmail.com\', \'jl mangga\', \'gisell\', \'sel\')')
 4 SYSTEMPATH\Database\BaseBuilder.php(1916): CodeIgniter\Database\BaseConnection->query('INSERT INTO `customer` (`namaCustomer`, `noHpCustomer`, `emailCustomer`, `alamatCustomer`, `username`, `password`) VALUES (:namaCustomer:, :noHpCustomer:, :emailCustomer:, :alamatCustomer:, :username:, :password:)', [...], false)
 5 SYSTEMPATH\Model.php(279): CodeIgniter\Database\BaseBuilder->insert()
 6 SYSTEMPATH\BaseModel.php(749): CodeIgniter\Model->doInsert([...])
 7 SYSTEMPATH\Model.php(667): CodeIgniter\BaseModel->insert([...], false)
 8 SYSTEMPATH\BaseModel.php(659): CodeIgniter\Model->insert([...], false)
 9 APPPATH\Controllers\SignUp.php(45): CodeIgniter\BaseModel->save([...])
10 SYSTEMPATH\CodeIgniter.php(927): App\Controllers\SignUp->save_customer()
11 SYSTEMPATH\CodeIgniter.php(482): CodeIgniter\CodeIgniter->runController(Object(App\Controllers\SignUp))
12 SYSTEMPATH\CodeIgniter.php(351): CodeIgniter\CodeIgniter->handleRequest(null, Object(Config\Cache), false)
13 FCPATH\index.php(67): CodeIgniter\CodeIgniter->run()
ERROR - 2022-12-06 05:24:21 --> mysqli_sql_exception: Duplicate entry 'gisellavd' for key 'username' in C:\xampp\htdocs\travelight\system\Database\MySQLi\Connection.php:292
Stack trace:
#0 C:\xampp\htdocs\travelight\system\Database\MySQLi\Connection.php(292): mysqli->query('INSERT INTO `pe...', 0)
#1 C:\xampp\htdocs\travelight\system\Database\BaseConnection.php(666): CodeIgniter\Database\MySQLi\Connection->execute('INSERT INTO `pe...')
#2 C:\xampp\htdocs\travelight\system\Database\BaseConnection.php(593): CodeIgniter\Database\BaseConnection->simpleQuery('INSERT INTO `pe...')
#3 C:\xampp\htdocs\travelight\system\Database\BaseBuilder.php(1916): CodeIgniter\Database\BaseConnection->query('INSERT INTO `pe...', Array, false)
#4 C:\xampp\htdocs\travelight\system\Model.php(279): CodeIgniter\Database\BaseBuilder->insert()
#5 C:\xampp\htdocs\travelight\system\BaseModel.php(749): CodeIgniter\Model->doInsert(Array)
#6 C:\xampp\htdocs\travelight\system\Model.php(667): CodeIgniter\BaseModel->insert(Array, false)
#7 C:\xampp\htdocs\travelight\system\BaseModel.php(659): CodeIgniter\Model->insert(Array, false)
#8 C:\xampp\htdocs\travelight\app\Controllers\SignUp.php(86): CodeIgniter\BaseModel->save(Array)
#9 C:\xampp\htdocs\travelight\system\CodeIgniter.php(927): App\Controllers\SignUp->save_owner()
#10 C:\xampp\htdocs\travelight\system\CodeIgniter.php(482): CodeIgniter\CodeIgniter->runController(Object(App\Controllers\SignUp))
#11 C:\xampp\htdocs\travelight\system\CodeIgniter.php(351): CodeIgniter\CodeIgniter->handleRequest(NULL, Object(Config\Cache), false)
#12 C:\xampp\htdocs\travelight\public\index.php(67): CodeIgniter\CodeIgniter->run()
#13 {main}
CRITICAL - 2022-12-06 05:24:21 --> Duplicate entry 'gisellavd' for key 'username'
in SYSTEMPATH\Database\MySQLi\Connection.php on line 292.
 1 SYSTEMPATH\Database\MySQLi\Connection.php(292): mysqli->query('INSERT INTO `pemilik_hotel` (`namaPemilikHotel`, `noHpPemilikHotel`, `emailPemilikHotel`, `alamatPemilikHotel`, `noRekPemilikHotel`, `username`, `password`) VALUES (\'Gisella Vania Dwipayana\', \'08124738478\', \'gisellavd17@gmail.com\', \'jl mangga\', \'2123434\', \'gisellavd\', \'adsa\')', 0)
 2 SYSTEMPATH\Database\BaseConnection.php(666): CodeIgniter\Database\MySQLi\Connection->execute('INSERT INTO `pemilik_hotel` (`namaPemilikHotel`, `noHpPemilikHotel`, `emailPemilikHotel`, `alamatPemilikHotel`, `noRekPemilikHotel`, `username`, `password`) VALUES (\'Gisella Vania Dwipayana\', \'08124738478\', \'gisellavd17@gmail.com\', \'jl mangga\', \'2123434\', \'gisellavd\', \'adsa\')')
 3 SYSTEMPATH\Database\BaseConnection.php(593): CodeIgniter\Database\BaseConnection->simpleQuery('INSERT INTO `pemilik_hotel` (`namaPemilikHotel`, `noHpPemilikHotel`, `emailPemilikHotel`, `alamatPemilikHotel`, `noRekPemilikHotel`, `username`, `password`) VALUES (\'Gisella Vania Dwipayana\', \'08124738478\', \'gisellavd17@gmail.com\', \'jl mangga\', \'2123434\', \'gisellavd\', \'adsa\')')
 4 SYSTEMPATH\Database\BaseBuilder.php(1916): CodeIgniter\Database\BaseConnection->query('INSERT INTO `pemilik_hotel` (`namaPemilikHotel`, `noHpPemilikHotel`, `emailPemilikHotel`, `alamatPemilikHotel`, `noRekPemilikHotel`, `username`, `password`) VALUES (:namaPemilikHotel:, :noHpPemilikHotel:, :emailPemilikHotel:, :alamatPemilikHotel:, :noRekPemilikHotel:, :username:, :password:)', [...], false)
 5 SYSTEMPATH\Model.php(279): CodeIgniter\Database\BaseBuilder->insert()
 6 SYSTEMPATH\BaseModel.php(749): CodeIgniter\Model->doInsert([...])
 7 SYSTEMPATH\Model.php(667): CodeIgniter\BaseModel->insert([...], false)
 8 SYSTEMPATH\BaseModel.php(659): CodeIgniter\Model->insert([...], false)
 9 APPPATH\Controllers\SignUp.php(86): CodeIgniter\BaseModel->save([...])
10 SYSTEMPATH\CodeIgniter.php(927): App\Controllers\SignUp->save_owner()
11 SYSTEMPATH\CodeIgniter.php(482): CodeIgniter\CodeIgniter->runController(Object(App\Controllers\SignUp))
12 SYSTEMPATH\CodeIgniter.php(351): CodeIgniter\CodeIgniter->handleRequest(null, Object(Config\Cache), false)
13 FCPATH\index.php(67): CodeIgniter\CodeIgniter->run()
CRITICAL - 2022-12-06 06:22:09 --> syntax error, unexpected token "<<", expecting end of file
in APPPATH\Config\Routes.php on line 40.
 1 SYSTEMPATH\CodeIgniter.php(430): CodeIgniter\CodeIgniter->tryToRouteIt(null)
 2 SYSTEMPATH\CodeIgniter.php(347): CodeIgniter\CodeIgniter->handleRequest(null, Object(Config\Cache), false)
 3 SYSTEMPATH\CLI\Console.php(48): CodeIgniter\CodeIgniter->run()
 4 ROOTPATH\spark(98): CodeIgniter\CLI\Console->run()
CRITICAL - 2022-12-06 06:22:35 --> syntax error, unexpected token "<<", expecting "function" or "const"
in APPPATH\Controllers\Home.php on line 12.
 1 SYSTEMPATH\Autoloader\Autoloader.php(259): CodeIgniter\Autoloader\Autoloader->includeFile('APPPATH\\Controllers\\Home.php')
 2 SYSTEMPATH\Autoloader\Autoloader.php(237): CodeIgniter\Autoloader\Autoloader->loadInNamespace('App\\Controllers\\Home')
 3 [internal function]: CodeIgniter\Autoloader\Autoloader->loadClass('App\\Controllers\\Home')
 4 SYSTEMPATH\CodeIgniter.php(877): class_exists('\\App\\Controllers\\Home', true)
 5 SYSTEMPATH\CodeIgniter.php(469): CodeIgniter\CodeIgniter->startController()
 6 SYSTEMPATH\CodeIgniter.php(351): CodeIgniter\CodeIgniter->handleRequest(null, Object(Config\Cache), false)
 7 FCPATH\index.php(67): CodeIgniter\CodeIgniter->run()
 8 SYSTEMPATH\Commands\Server\rewrite.php(46): require_once('FCPATH\\index.php')
CRITICAL - 2022-12-06 08:07:32 --> Undefined variable $customer
in APPPATH\Views\profile.php on line 32.
 1 APPPATH\Views\profile.php(32): CodeIgniter\Debug\Exceptions->errorHandler(2, 'Undefined variable $customer', 'APPPATH\\Views\\profile.php', 32)
 2 SYSTEMPATH\View\View.php(213): include('APPPATH\\Views\\profile.php')
 3 SYSTEMPATH\View\View.php(216): CodeIgniter\View\View->CodeIgniter\View\{closure}()
 4 SYSTEMPATH\Common.php(1134): CodeIgniter\View\View->render('profile', [], true)
 5 APPPATH\Controllers\Profile.php(22): view('profile')
 6 SYSTEMPATH\CodeIgniter.php(927): App\Controllers\Profile->index()
 7 SYSTEMPATH\CodeIgniter.php(482): CodeIgniter\CodeIgniter->runController(Object(App\Controllers\Profile))
 8 SYSTEMPATH\CodeIgniter.php(351): CodeIgniter\CodeIgniter->handleRequest(null, Object(Config\Cache), false)
 9 FCPATH\index.php(67): CodeIgniter\CodeIgniter->run()
CRITICAL - 2022-12-06 08:09:58 --> Call to a member function findAll() on null
in APPPATH\Controllers\Profile.php on line 21.
 1 SYSTEMPATH\CodeIgniter.php(927): App\Controllers\Profile->index()
 2 SYSTEMPATH\CodeIgniter.php(482): CodeIgniter\CodeIgniter->runController(Object(App\Controllers\Profile))
 3 SYSTEMPATH\CodeIgniter.php(351): CodeIgniter\CodeIgniter->handleRequest(null, Object(Config\Cache), false)
 4 FCPATH\index.php(67): CodeIgniter\CodeIgniter->run()
CRITICAL - 2022-12-06 08:13:35 --> Call to a member function findAll() on null
in APPPATH\Controllers\Profile.php on line 21.
 1 SYSTEMPATH\CodeIgniter.php(927): App\Controllers\Profile->index()
 2 SYSTEMPATH\CodeIgniter.php(482): CodeIgniter\CodeIgniter->runController(Object(App\Controllers\Profile))
 3 SYSTEMPATH\CodeIgniter.php(351): CodeIgniter\CodeIgniter->handleRequest(null, Object(Config\Cache), false)
 4 FCPATH\index.php(67): CodeIgniter\CodeIgniter->run()
CRITICAL - 2022-12-06 08:13:52 --> Object of class App\Controllers\Profile could not be converted to string
in APPPATH\Controllers\Profile.php on line 21.
 1 SYSTEMPATH\CodeIgniter.php(927): App\Controllers\Profile->index()
 2 SYSTEMPATH\CodeIgniter.php(482): CodeIgniter\CodeIgniter->runController(Object(App\Controllers\Profile))
 3 SYSTEMPATH\CodeIgniter.php(351): CodeIgniter\CodeIgniter->handleRequest(null, Object(Config\Cache), false)
 4 FCPATH\index.php(67): CodeIgniter\CodeIgniter->run()
CRITICAL - 2022-12-06 08:15:23 --> Object of class App\Controllers\Customer could not be converted to string
in APPPATH\Controllers\Customer.php on line 21.
 1 SYSTEMPATH\CodeIgniter.php(927): App\Controllers\Customer->index()
 2 SYSTEMPATH\CodeIgniter.php(482): CodeIgniter\CodeIgniter->runController(Object(App\Controllers\Customer))
 3 SYSTEMPATH\CodeIgniter.php(351): CodeIgniter\CodeIgniter->handleRequest(null, Object(Config\Cache), false)
 4 FCPATH\index.php(67): CodeIgniter\CodeIgniter->run()
CRITICAL - 2022-12-06 08:15:36 --> Call to a member function findAll() on null
in APPPATH\Controllers\Customer.php on line 22.
 1 SYSTEMPATH\CodeIgniter.php(927): App\Controllers\Customer->index()
 2 SYSTEMPATH\CodeIgniter.php(482): CodeIgniter\CodeIgniter->runController(Object(App\Controllers\Customer))
 3 SYSTEMPATH\CodeIgniter.php(351): CodeIgniter\CodeIgniter->handleRequest(null, Object(Config\Cache), false)
 4 FCPATH\index.php(67): CodeIgniter\CodeIgniter->run()
CRITICAL - 2022-12-06 08:17:14 --> Call to a member function findAll() on null
in APPPATH\Controllers\Profile.php on line 26.
 1 SYSTEMPATH\CodeIgniter.php(927): App\Controllers\Profile->index()
 2 SYSTEMPATH\CodeIgniter.php(482): CodeIgniter\CodeIgniter->runController(Object(App\Controllers\Profile))
 3 SYSTEMPATH\CodeIgniter.php(351): CodeIgniter\CodeIgniter->handleRequest(null, Object(Config\Cache), false)
 4 FCPATH\index.php(67): CodeIgniter\CodeIgniter->run()
CRITICAL - 2022-12-06 08:19:20 --> Call to a member function findAll() on null
in APPPATH\Controllers\Profile.php on line 26.
 1 SYSTEMPATH\CodeIgniter.php(927): App\Controllers\Profile->index()
 2 SYSTEMPATH\CodeIgniter.php(482): CodeIgniter\CodeIgniter->runController(Object(App\Controllers\Profile))
 3 SYSTEMPATH\CodeIgniter.php(351): CodeIgniter\CodeIgniter->handleRequest(null, Object(Config\Cache), false)
 4 FCPATH\index.php(67): CodeIgniter\CodeIgniter->run()
CRITICAL - 2022-12-06 08:20:29 --> Call to a member function findAll() on null
in APPPATH\Controllers\Profile.php on line 26.
 1 SYSTEMPATH\CodeIgniter.php(927): App\Controllers\Profile->index()
 2 SYSTEMPATH\CodeIgniter.php(482): CodeIgniter\CodeIgniter->runController(Object(App\Controllers\Profile))
 3 SYSTEMPATH\CodeIgniter.php(351): CodeIgniter\CodeIgniter->handleRequest(null, Object(Config\Cache), false)
 4 FCPATH\index.php(67): CodeIgniter\CodeIgniter->run()
CRITICAL - 2022-12-06 08:22:44 --> Call to a member function findAll() on null
in APPPATH\Controllers\Profile.php on line 26.
 1 SYSTEMPATH\CodeIgniter.php(927): App\Controllers\Profile->index()
 2 SYSTEMPATH\CodeIgniter.php(482): CodeIgniter\CodeIgniter->runController(Object(App\Controllers\Profile))
 3 SYSTEMPATH\CodeIgniter.php(351): CodeIgniter\CodeIgniter->handleRequest(null, Object(Config\Cache), false)
 4 FCPATH\index.php(67): CodeIgniter\CodeIgniter->run()
CRITICAL - 2022-12-06 08:22:46 --> Call to a member function findAll() on null
in APPPATH\Controllers\Profile.php on line 26.
 1 SYSTEMPATH\CodeIgniter.php(927): App\Controllers\Profile->index()
 2 SYSTEMPATH\CodeIgniter.php(482): CodeIgniter\CodeIgniter->runController(Object(App\Controllers\Profile))
 3 SYSTEMPATH\CodeIgniter.php(351): CodeIgniter\CodeIgniter->handleRequest(null, Object(Config\Cache), false)
 4 FCPATH\index.php(67): CodeIgniter\CodeIgniter->run()
CRITICAL - 2022-12-06 08:23:00 --> Call to a member function findAll() on null
in APPPATH\Controllers\Profile.php on line 26.
 1 SYSTEMPATH\CodeIgniter.php(927): App\Controllers\Profile->index()
 2 SYSTEMPATH\CodeIgniter.php(482): CodeIgniter\CodeIgniter->runController(Object(App\Controllers\Profile))
 3 SYSTEMPATH\CodeIgniter.php(351): CodeIgniter\CodeIgniter->handleRequest(null, Object(Config\Cache), false)
 4 FCPATH\index.php(67): CodeIgniter\CodeIgniter->run()
CRITICAL - 2022-12-06 08:23:59 --> Attempt to read property "namaCustomer" on array
in APPPATH\Views\profile.php on line 35.
 1 APPPATH\Views\profile.php(35): CodeIgniter\Debug\Exceptions->errorHandler(2, 'Attempt to read property "namaCustomer" on array', 'APPPATH\\Views\\profile.php', 35)
 2 SYSTEMPATH\View\View.php(213): include('APPPATH\\Views\\profile.php')
 3 SYSTEMPATH\View\View.php(216): CodeIgniter\View\View->CodeIgniter\View\{closure}()
 4 SYSTEMPATH\Common.php(1134): CodeIgniter\View\View->render('profile', [], true)
 5 APPPATH\Controllers\Profile.php(29): view('profile', [...])
 6 SYSTEMPATH\CodeIgniter.php(927): App\Controllers\Profile->index()
 7 SYSTEMPATH\CodeIgniter.php(482): CodeIgniter\CodeIgniter->runController(Object(App\Controllers\Profile))
 8 SYSTEMPATH\CodeIgniter.php(351): CodeIgniter\CodeIgniter->handleRequest(null, Object(Config\Cache), false)
 9 FCPATH\index.php(67): CodeIgniter\CodeIgniter->run()
CRITICAL - 2022-12-06 08:24:51 --> Attempt to read property "namaCustomer" on array
in APPPATH\Views\profile.php on line 35.
 1 APPPATH\Views\profile.php(35): CodeIgniter\Debug\Exceptions->errorHandler(2, 'Attempt to read property "namaCustomer" on array', 'APPPATH\\Views\\profile.php', 35)
 2 SYSTEMPATH\View\View.php(213): include('APPPATH\\Views\\profile.php')
 3 SYSTEMPATH\View\View.php(216): CodeIgniter\View\View->CodeIgniter\View\{closure}()
 4 SYSTEMPATH\Common.php(1134): CodeIgniter\View\View->render('profile', [], true)
 5 APPPATH\Controllers\Profile.php(29): view('profile', [...])
 6 SYSTEMPATH\CodeIgniter.php(927): App\Controllers\Profile->index()
 7 SYSTEMPATH\CodeIgniter.php(482): CodeIgniter\CodeIgniter->runController(Object(App\Controllers\Profile))
 8 SYSTEMPATH\CodeIgniter.php(351): CodeIgniter\CodeIgniter->handleRequest(null, Object(Config\Cache), false)
 9 FCPATH\index.php(67): CodeIgniter\CodeIgniter->run()
CRITICAL - 2022-12-06 08:25:29 --> Attempt to read property "namaCustomer" on array
in APPPATH\Views\profile.php on line 35.
 1 APPPATH\Views\profile.php(35): CodeIgniter\Debug\Exceptions->errorHandler(2, 'Attempt to read property "namaCustomer" on array', 'APPPATH\\Views\\profile.php', 35)
 2 SYSTEMPATH\View\View.php(213): include('APPPATH\\Views\\profile.php')
 3 SYSTEMPATH\View\View.php(216): CodeIgniter\View\View->CodeIgniter\View\{closure}()
 4 SYSTEMPATH\Common.php(1134): CodeIgniter\View\View->render('profile', [], true)
 5 APPPATH\Controllers\Profile.php(29): view('profile', [...])
 6 SYSTEMPATH\CodeIgniter.php(927): App\Controllers\Profile->index()
 7 SYSTEMPATH\CodeIgniter.php(482): CodeIgniter\CodeIgniter->runController(Object(App\Controllers\Profile))
 8 SYSTEMPATH\CodeIgniter.php(351): CodeIgniter\CodeIgniter->handleRequest(null, Object(Config\Cache), false)
 9 FCPATH\index.php(67): CodeIgniter\CodeIgniter->run()
CRITICAL - 2022-12-06 08:29:54 --> Attempt to read property "namaCustomer" on array
in APPPATH\Views\profile.php on line 35.
 1 APPPATH\Views\profile.php(35): CodeIgniter\Debug\Exceptions->errorHandler(2, 'Attempt to read property "namaCustomer" on array', 'APPPATH\\Views\\profile.php', 35)
 2 SYSTEMPATH\View\View.php(213): include('APPPATH\\Views\\profile.php')
 3 SYSTEMPATH\View\View.php(216): CodeIgniter\View\View->CodeIgniter\View\{closure}()
 4 SYSTEMPATH\Common.php(1134): CodeIgniter\View\View->render('profile', [], true)
 5 APPPATH\Controllers\Profile.php(29): view('profile', [...])
 6 SYSTEMPATH\CodeIgniter.php(927): App\Controllers\Profile->index()
 7 SYSTEMPATH\CodeIgniter.php(482): CodeIgniter\CodeIgniter->runController(Object(App\Controllers\Profile))
 8 SYSTEMPATH\CodeIgniter.php(351): CodeIgniter\CodeIgniter->handleRequest(null, Object(Config\Cache), false)
 9 FCPATH\index.php(67): CodeIgniter\CodeIgniter->run()
CRITICAL - 2022-12-06 08:32:59 --> Undefined array key 0
in APPPATH\Views\profile.php on line 35.
 1 APPPATH\Views\profile.php(35): CodeIgniter\Debug\Exceptions->errorHandler(2, 'Undefined array key 0', 'APPPATH\\Views\\profile.php', 35)
 2 SYSTEMPATH\View\View.php(213): include('APPPATH\\Views\\profile.php')
 3 SYSTEMPATH\View\View.php(216): CodeIgniter\View\View->CodeIgniter\View\{closure}()
 4 SYSTEMPATH\Common.php(1134): CodeIgniter\View\View->render('profile', [], true)
 5 APPPATH\Controllers\Profile.php(29): view('profile', [...])
 6 SYSTEMPATH\CodeIgniter.php(927): App\Controllers\Profile->index()
 7 SYSTEMPATH\CodeIgniter.php(482): CodeIgniter\CodeIgniter->runController(Object(App\Controllers\Profile))
 8 SYSTEMPATH\CodeIgniter.php(351): CodeIgniter\CodeIgniter->handleRequest(null, Object(Config\Cache), false)
 9 FCPATH\index.php(67): CodeIgniter\CodeIgniter->run()
CRITICAL - 2022-12-06 08:33:40 --> Array to string conversion
in APPPATH\Views\profile.php on line 33.
 1 APPPATH\Views\profile.php(33): CodeIgniter\Debug\Exceptions->errorHandler(2, 'Array to string conversion', 'APPPATH\\Views\\profile.php', 33)
 2 SYSTEMPATH\View\View.php(213): include('APPPATH\\Views\\profile.php')
 3 SYSTEMPATH\View\View.php(216): CodeIgniter\View\View->CodeIgniter\View\{closure}()
 4 SYSTEMPATH\Common.php(1134): CodeIgniter\View\View->render('profile', [], true)
 5 APPPATH\Controllers\Profile.php(29): view('profile', [...])
 6 SYSTEMPATH\CodeIgniter.php(927): App\Controllers\Profile->index()
 7 SYSTEMPATH\CodeIgniter.php(482): CodeIgniter\CodeIgniter->runController(Object(App\Controllers\Profile))
 8 SYSTEMPATH\CodeIgniter.php(351): CodeIgniter\CodeIgniter->handleRequest(null, Object(Config\Cache), false)
 9 FCPATH\index.php(67): CodeIgniter\CodeIgniter->run()
CRITICAL - 2022-12-06 08:34:16 --> Attempt to read property "namaCustomer" on array
in APPPATH\Views\profile.php on line 36.
 1 APPPATH\Views\profile.php(36): CodeIgniter\Debug\Exceptions->errorHandler(2, 'Attempt to read property "namaCustomer" on array', 'APPPATH\\Views\\profile.php', 36)
 2 SYSTEMPATH\View\View.php(213): include('APPPATH\\Views\\profile.php')
 3 SYSTEMPATH\View\View.php(216): CodeIgniter\View\View->CodeIgniter\View\{closure}()
 4 SYSTEMPATH\Common.php(1134): CodeIgniter\View\View->render('profile', [], true)
 5 APPPATH\Controllers\Profile.php(29): view('profile', [...])
 6 SYSTEMPATH\CodeIgniter.php(927): App\Controllers\Profile->index()
 7 SYSTEMPATH\CodeIgniter.php(482): CodeIgniter\CodeIgniter->runController(Object(App\Controllers\Profile))
 8 SYSTEMPATH\CodeIgniter.php(351): CodeIgniter\CodeIgniter->handleRequest(null, Object(Config\Cache), false)
 9 FCPATH\index.php(67): CodeIgniter\CodeIgniter->run()
CRITICAL - 2022-12-06 08:34:35 --> Attempt to read property "namaCustomer" on array
in APPPATH\Views\profile.php on line 36.
 1 APPPATH\Views\profile.php(36): CodeIgniter\Debug\Exceptions->errorHandler(2, 'Attempt to read property "namaCustomer" on array', 'APPPATH\\Views\\profile.php', 36)
 2 SYSTEMPATH\View\View.php(213): include('APPPATH\\Views\\profile.php')
 3 SYSTEMPATH\View\View.php(216): CodeIgniter\View\View->CodeIgniter\View\{closure}()
 4 SYSTEMPATH\Common.php(1134): CodeIgniter\View\View->render('profile', [], true)
 5 APPPATH\Controllers\Profile.php(29): view('profile', [...])
 6 SYSTEMPATH\CodeIgniter.php(927): App\Controllers\Profile->index()
 7 SYSTEMPATH\CodeIgniter.php(482): CodeIgniter\CodeIgniter->runController(Object(App\Controllers\Profile))
 8 SYSTEMPATH\CodeIgniter.php(351): CodeIgniter\CodeIgniter->handleRequest(null, Object(Config\Cache), false)
 9 FCPATH\index.php(67): CodeIgniter\CodeIgniter->run()
CRITICAL - 2022-12-06 08:34:41 --> Attempt to read property "namaCustomer" on array
in APPPATH\Views\profile.php on line 36.
 1 APPPATH\Views\profile.php(36): CodeIgniter\Debug\Exceptions->errorHandler(2, 'Attempt to read property "namaCustomer" on array', 'APPPATH\\Views\\profile.php', 36)
 2 SYSTEMPATH\View\View.php(213): include('APPPATH\\Views\\profile.php')
 3 SYSTEMPATH\View\View.php(216): CodeIgniter\View\View->CodeIgniter\View\{closure}()
 4 SYSTEMPATH\Common.php(1134): CodeIgniter\View\View->render('profile', [], true)
 5 APPPATH\Controllers\Profile.php(29): view('profile', [...])
 6 SYSTEMPATH\CodeIgniter.php(927): App\Controllers\Profile->index()
 7 SYSTEMPATH\CodeIgniter.php(482): CodeIgniter\CodeIgniter->runController(Object(App\Controllers\Profile))
 8 SYSTEMPATH\CodeIgniter.php(351): CodeIgniter\CodeIgniter->handleRequest(null, Object(Config\Cache), false)
 9 FCPATH\index.php(67): CodeIgniter\CodeIgniter->run()
CRITICAL - 2022-12-06 08:35:45 --> Undefined constant "namaCustomer"
in APPPATH\Views\profile.php on line 36.
 1 SYSTEMPATH\View\View.php(213): include()
 2 SYSTEMPATH\View\View.php(216): CodeIgniter\View\View->CodeIgniter\View\{closure}()
 3 SYSTEMPATH\Common.php(1134): CodeIgniter\View\View->render('profile', [], true)
 4 APPPATH\Controllers\Profile.php(29): view('profile', [...])
 5 SYSTEMPATH\CodeIgniter.php(927): App\Controllers\Profile->index()
 6 SYSTEMPATH\CodeIgniter.php(482): CodeIgniter\CodeIgniter->runController(Object(App\Controllers\Profile))
 7 SYSTEMPATH\CodeIgniter.php(351): CodeIgniter\CodeIgniter->handleRequest(null, Object(Config\Cache), false)
 8 FCPATH\index.php(67): CodeIgniter\CodeIgniter->run()
CRITICAL - 2022-12-06 08:35:51 --> Undefined constant "namaCustomer"
in APPPATH\Views\profile.php on line 36.
 1 SYSTEMPATH\View\View.php(213): include()
 2 SYSTEMPATH\View\View.php(216): CodeIgniter\View\View->CodeIgniter\View\{closure}()
 3 SYSTEMPATH\Common.php(1134): CodeIgniter\View\View->render('profile', [], true)
 4 APPPATH\Controllers\Profile.php(29): view('profile', [...])
 5 SYSTEMPATH\CodeIgniter.php(927): App\Controllers\Profile->index()
 6 SYSTEMPATH\CodeIgniter.php(482): CodeIgniter\CodeIgniter->runController(Object(App\Controllers\Profile))
 7 SYSTEMPATH\CodeIgniter.php(351): CodeIgniter\CodeIgniter->handleRequest(null, Object(Config\Cache), false)
 8 FCPATH\index.php(67): CodeIgniter\CodeIgniter->run()
CRITICAL - 2022-12-06 08:41:51 --> Undefined constant "namaCustomer"
in APPPATH\Views\profile.php on line 37.
 1 SYSTEMPATH\View\View.php(213): include()
 2 SYSTEMPATH\View\View.php(216): CodeIgniter\View\View->CodeIgniter\View\{closure}()
 3 SYSTEMPATH\Common.php(1134): CodeIgniter\View\View->render('profile', [], true)
 4 APPPATH\Controllers\Profile.php(29): view('profile', [...])
 5 SYSTEMPATH\CodeIgniter.php(927): App\Controllers\Profile->index()
 6 SYSTEMPATH\CodeIgniter.php(482): CodeIgniter\CodeIgniter->runController(Object(App\Controllers\Profile))
 7 SYSTEMPATH\CodeIgniter.php(351): CodeIgniter\CodeIgniter->handleRequest(null, Object(Config\Cache), false)
 8 FCPATH\index.php(67): CodeIgniter\CodeIgniter->run()
CRITICAL - 2022-12-06 08:42:05 --> Attempt to read property "namaCustomer" on string
in APPPATH\Views\profile.php on line 37.
 1 APPPATH\Views\profile.php(37): CodeIgniter\Debug\Exceptions->errorHandler(2, 'Attempt to read property "namaCustomer" on string', 'APPPATH\\Views\\profile.php', 37)
 2 SYSTEMPATH\View\View.php(213): include('APPPATH\\Views\\profile.php')
 3 SYSTEMPATH\View\View.php(216): CodeIgniter\View\View->CodeIgniter\View\{closure}()
 4 SYSTEMPATH\Common.php(1134): CodeIgniter\View\View->render('profile', [], true)
 5 APPPATH\Controllers\Profile.php(29): view('profile', [...])
 6 SYSTEMPATH\CodeIgniter.php(927): App\Controllers\Profile->index()
 7 SYSTEMPATH\CodeIgniter.php(482): CodeIgniter\CodeIgniter->runController(Object(App\Controllers\Profile))
 8 SYSTEMPATH\CodeIgniter.php(351): CodeIgniter\CodeIgniter->handleRequest(null, Object(Config\Cache), false)
 9 FCPATH\index.php(67): CodeIgniter\CodeIgniter->run()
CRITICAL - 2022-12-06 08:42:30 --> Attempt to read property "namaCustomer" on string
in APPPATH\Views\profile.php on line 34.
 1 APPPATH\Views\profile.php(34): CodeIgniter\Debug\Exceptions->errorHandler(2, 'Attempt to read property "namaCustomer" on string', 'APPPATH\\Views\\profile.php', 34)
 2 SYSTEMPATH\View\View.php(213): include('APPPATH\\Views\\profile.php')
 3 SYSTEMPATH\View\View.php(216): CodeIgniter\View\View->CodeIgniter\View\{closure}()
 4 SYSTEMPATH\Common.php(1134): CodeIgniter\View\View->render('profile', [], true)
 5 APPPATH\Controllers\Profile.php(29): view('profile', [...])
 6 SYSTEMPATH\CodeIgniter.php(927): App\Controllers\Profile->index()
 7 SYSTEMPATH\CodeIgniter.php(482): CodeIgniter\CodeIgniter->runController(Object(App\Controllers\Profile))
 8 SYSTEMPATH\CodeIgniter.php(351): CodeIgniter\CodeIgniter->handleRequest(null, Object(Config\Cache), false)
 9 FCPATH\index.php(67): CodeIgniter\CodeIgniter->run()
CRITICAL - 2022-12-06 08:42:44 --> Undefined constant "namaCustomer"
in APPPATH\Views\profile.php on line 34.
 1 SYSTEMPATH\View\View.php(213): include()
 2 SYSTEMPATH\View\View.php(216): CodeIgniter\View\View->CodeIgniter\View\{closure}()
 3 SYSTEMPATH\Common.php(1134): CodeIgniter\View\View->render('profile', [], true)
 4 APPPATH\Controllers\Profile.php(29): view('profile', [...])
 5 SYSTEMPATH\CodeIgniter.php(927): App\Controllers\Profile->index()
 6 SYSTEMPATH\CodeIgniter.php(482): CodeIgniter\CodeIgniter->runController(Object(App\Controllers\Profile))
 7 SYSTEMPATH\CodeIgniter.php(351): CodeIgniter\CodeIgniter->handleRequest(null, Object(Config\Cache), false)
 8 FCPATH\index.php(67): CodeIgniter\CodeIgniter->run()
CRITICAL - 2022-12-06 08:42:56 --> Attempt to read property "namaCustomer" on string
in APPPATH\Views\profile.php on line 38.
 1 APPPATH\Views\profile.php(38): CodeIgniter\Debug\Exceptions->errorHandler(2, 'Attempt to read property "namaCustomer" on string', 'APPPATH\\Views\\profile.php', 38)
 2 SYSTEMPATH\View\View.php(213): include('APPPATH\\Views\\profile.php')
 3 SYSTEMPATH\View\View.php(216): CodeIgniter\View\View->CodeIgniter\View\{closure}()
 4 SYSTEMPATH\Common.php(1134): CodeIgniter\View\View->render('profile', [], true)
 5 APPPATH\Controllers\Profile.php(29): view('profile', [...])
 6 SYSTEMPATH\CodeIgniter.php(927): App\Controllers\Profile->index()
 7 SYSTEMPATH\CodeIgniter.php(482): CodeIgniter\CodeIgniter->runController(Object(App\Controllers\Profile))
 8 SYSTEMPATH\CodeIgniter.php(351): CodeIgniter\CodeIgniter->handleRequest(null, Object(Config\Cache), false)
 9 FCPATH\index.php(67): CodeIgniter\CodeIgniter->run()
CRITICAL - 2022-12-06 08:44:50 --> Undefined array key 0
in APPPATH\Views\profile.php on line 33.
 1 APPPATH\Views\profile.php(33): CodeIgniter\Debug\Exceptions->errorHandler(2, 'Undefined array key 0', 'APPPATH\\Views\\profile.php', 33)
 2 SYSTEMPATH\View\View.php(213): include('APPPATH\\Views\\profile.php')
 3 SYSTEMPATH\View\View.php(216): CodeIgniter\View\View->CodeIgniter\View\{closure}()
 4 SYSTEMPATH\Common.php(1134): CodeIgniter\View\View->render('profile', [], true)
 5 APPPATH\Controllers\Profile.php(29): view('profile', [...])
 6 SYSTEMPATH\CodeIgniter.php(927): App\Controllers\Profile->index()
 7 SYSTEMPATH\CodeIgniter.php(482): CodeIgniter\CodeIgniter->runController(Object(App\Controllers\Profile))
 8 SYSTEMPATH\CodeIgniter.php(351): CodeIgniter\CodeIgniter->handleRequest(null, Object(Config\Cache), false)
 9 FCPATH\index.php(67): CodeIgniter\CodeIgniter->run()
CRITICAL - 2022-12-06 08:44:55 --> Undefined array key 0
in APPPATH\Views\profile.php on line 33.
 1 APPPATH\Views\profile.php(33): CodeIgniter\Debug\Exceptions->errorHandler(2, 'Undefined array key 0', 'APPPATH\\Views\\profile.php', 33)
 2 SYSTEMPATH\View\View.php(213): include('APPPATH\\Views\\profile.php')
 3 SYSTEMPATH\View\View.php(216): CodeIgniter\View\View->CodeIgniter\View\{closure}()
 4 SYSTEMPATH\Common.php(1134): CodeIgniter\View\View->render('profile', [], true)
 5 APPPATH\Controllers\Profile.php(29): view('profile', [...])
 6 SYSTEMPATH\CodeIgniter.php(927): App\Controllers\Profile->index()
 7 SYSTEMPATH\CodeIgniter.php(482): CodeIgniter\CodeIgniter->runController(Object(App\Controllers\Profile))
 8 SYSTEMPATH\CodeIgniter.php(351): CodeIgniter\CodeIgniter->handleRequest(null, Object(Config\Cache), false)
 9 FCPATH\index.php(67): CodeIgniter\CodeIgniter->run()
CRITICAL - 2022-12-06 09:14:35 --> Undefined variable $customer
in APPPATH\Views\products.php on line 32.
 1 APPPATH\Views\products.php(32): CodeIgniter\Debug\Exceptions->errorHandler(2, 'Undefined variable $customer', 'APPPATH\\Views\\products.php', 32)
 2 SYSTEMPATH\View\View.php(213): include('APPPATH\\Views\\products.php')
 3 SYSTEMPATH\View\View.php(216): CodeIgniter\View\View->CodeIgniter\View\{closure}()
 4 SYSTEMPATH\Common.php(1134): CodeIgniter\View\View->render('products', [], true)
 5 APPPATH\Controllers\Product.php(12): view('products')
 6 SYSTEMPATH\CodeIgniter.php(927): App\Controllers\Product->index()
 7 SYSTEMPATH\CodeIgniter.php(482): CodeIgniter\CodeIgniter->runController(Object(App\Controllers\Product))
 8 SYSTEMPATH\CodeIgniter.php(351): CodeIgniter\CodeIgniter->handleRequest(null, Object(Config\Cache), false)
 9 FCPATH\index.php(67): CodeIgniter\CodeIgniter->run()
CRITICAL - 2022-12-06 09:44:37 --> Undefined property: App\Controllers\Product::$product
in APPPATH\Controllers\Product.php on line 18.
 1 APPPATH\Controllers\Product.php(18): CodeIgniter\Debug\Exceptions->errorHandler(2, 'Undefined property: App\\Controllers\\Product::$product', 'APPPATH\\Controllers\\Product.php', 18)
 2 SYSTEMPATH\CodeIgniter.php(927): App\Controllers\Product->index()
 3 SYSTEMPATH\CodeIgniter.php(482): CodeIgniter\CodeIgniter->runController(Object(App\Controllers\Product))
 4 SYSTEMPATH\CodeIgniter.php(351): CodeIgniter\CodeIgniter->handleRequest(null, Object(Config\Cache), false)
 5 FCPATH\index.php(67): CodeIgniter\CodeIgniter->run()
CRITICAL - 2022-12-06 09:57:08 --> Call to undefined function set_value()
in APPPATH\Views\products_add.php on line 24.
 1 SYSTEMPATH\View\View.php(213): include()
 2 SYSTEMPATH\View\View.php(216): CodeIgniter\View\View->CodeIgniter\View\{closure}()
 3 SYSTEMPATH\Common.php(1134): CodeIgniter\View\View->render('products_add', [], true)
 4 APPPATH\Controllers\Product.php(26): view('products_add')
 5 SYSTEMPATH\CodeIgniter.php(927): App\Controllers\Product->add()
 6 SYSTEMPATH\CodeIgniter.php(482): CodeIgniter\CodeIgniter->runController(Object(App\Controllers\Product))
 7 SYSTEMPATH\CodeIgniter.php(351): CodeIgniter\CodeIgniter->handleRequest(null, Object(Config\Cache), false)
 8 FCPATH\index.php(67): CodeIgniter\CodeIgniter->run()
CRITICAL - 2022-12-06 10:10:16 --> Call to undefined function set_value()
in APPPATH\Views\products_add.php on line 24.
 1 SYSTEMPATH\View\View.php(213): include()
 2 SYSTEMPATH\View\View.php(216): CodeIgniter\View\View->CodeIgniter\View\{closure}()
 3 SYSTEMPATH\Common.php(1134): CodeIgniter\View\View->render('products_add', [], true)
 4 APPPATH\Controllers\Product.php(26): view('products_add')
 5 SYSTEMPATH\CodeIgniter.php(927): App\Controllers\Product->add()
 6 SYSTEMPATH\CodeIgniter.php(482): CodeIgniter\CodeIgniter->runController(Object(App\Controllers\Product))
 7 SYSTEMPATH\CodeIgniter.php(351): CodeIgniter\CodeIgniter->handleRequest(null, Object(Config\Cache), false)
 8 FCPATH\index.php(67): CodeIgniter\CodeIgniter->run()
CRITICAL - 2022-12-06 10:11:01 --> Call to undefined function set_value()
in APPPATH\Views\products_add.php on line 24.
 1 SYSTEMPATH\View\View.php(213): include()
 2 SYSTEMPATH\View\View.php(216): CodeIgniter\View\View->CodeIgniter\View\{closure}()
 3 SYSTEMPATH\Common.php(1134): CodeIgniter\View\View->render('products_add', [], true)
 4 APPPATH\Controllers\Product.php(26): view('products_add')
 5 SYSTEMPATH\CodeIgniter.php(927): App\Controllers\Product->add()
 6 SYSTEMPATH\CodeIgniter.php(482): CodeIgniter\CodeIgniter->runController(Object(App\Controllers\Product))
 7 SYSTEMPATH\CodeIgniter.php(351): CodeIgniter\CodeIgniter->handleRequest(null, Object(Config\Cache), false)
 8 FCPATH\index.php(67): CodeIgniter\CodeIgniter->run()
CRITICAL - 2022-12-06 10:11:39 --> Call to undefined function set_value()
in APPPATH\Views\products_add.php on line 24.
 1 SYSTEMPATH\View\View.php(213): include()
 2 SYSTEMPATH\View\View.php(216): CodeIgniter\View\View->CodeIgniter\View\{closure}()
 3 SYSTEMPATH\Common.php(1134): CodeIgniter\View\View->render('products_add', [], true)
 4 APPPATH\Controllers\Product.php(26): view('products_add')
 5 SYSTEMPATH\CodeIgniter.php(927): App\Controllers\Product->add()
 6 SYSTEMPATH\CodeIgniter.php(482): CodeIgniter\CodeIgniter->runController(Object(App\Controllers\Product))
 7 SYSTEMPATH\CodeIgniter.php(351): CodeIgniter\CodeIgniter->handleRequest(null, Object(Config\Cache), false)
 8 FCPATH\index.php(67): CodeIgniter\CodeIgniter->run()
CRITICAL - 2022-12-06 10:12:55 --> Call to undefined function set_value()
in APPPATH\Views\products_add.php on line 28.
 1 SYSTEMPATH\View\View.php(213): include()
 2 SYSTEMPATH\View\View.php(216): CodeIgniter\View\View->CodeIgniter\View\{closure}()
 3 SYSTEMPATH\Common.php(1134): CodeIgniter\View\View->render('products_add', [], true)
 4 APPPATH\Controllers\Product.php(26): view('products_add')
 5 SYSTEMPATH\CodeIgniter.php(927): App\Controllers\Product->add()
 6 SYSTEMPATH\CodeIgniter.php(482): CodeIgniter\CodeIgniter->runController(Object(App\Controllers\Product))
 7 SYSTEMPATH\CodeIgniter.php(351): CodeIgniter\CodeIgniter->handleRequest(null, Object(Config\Cache), false)
 8 FCPATH\index.php(67): CodeIgniter\CodeIgniter->run()
CRITICAL - 2022-12-06 13:51:43 --> Class "App\Controllers\CustomerModel" not found
in APPPATH/Controllers/TampilSeluruhData.php on line 29.
 1 SYSTEMPATH/CodeIgniter.php(927): App\Controllers\TampilSeluruhData->customer()
 2 SYSTEMPATH/CodeIgniter.php(482): CodeIgniter\CodeIgniter->runController(Object(App\Controllers\TampilSeluruhData))
 3 SYSTEMPATH/CodeIgniter.php(351): CodeIgniter\CodeIgniter->handleRequest(null, Object(Config\Cache), false)
 4 FCPATH/index.php(67): CodeIgniter\CodeIgniter->run()
CRITICAL - 2022-12-06 14:03:22 --> Undefined array key "idPemilikHotel"
in APPPATH/Views/tampilseluruhdata.php on line 66.
 1 APPPATH/Views/tampilseluruhdata.php(66): CodeIgniter\Debug\Exceptions->errorHandler(2, 'Undefined array key "idPemilikHotel"', 'APPPATH/Views/tampilseluruhdata.php', 66)
 2 SYSTEMPATH/View/View.php(213): include('APPPATH/Views/tampilseluruhdata.php')
 3 SYSTEMPATH/View/View.php(216): CodeIgniter\View\View->CodeIgniter\View\{closure}()
 4 SYSTEMPATH/Common.php(1134): CodeIgniter\View\View->render('tampilseluruhdata', [], true)
 5 APPPATH/Controllers/TampilSeluruhData.php(34): view('tampilseluruhdata', [...])
 6 SYSTEMPATH/CodeIgniter.php(927): App\Controllers\TampilSeluruhData->customer()
 7 SYSTEMPATH/CodeIgniter.php(482): CodeIgniter\CodeIgniter->runController(Object(App\Controllers\TampilSeluruhData))
 8 SYSTEMPATH/CodeIgniter.php(351): CodeIgniter\CodeIgniter->handleRequest(null, Object(Config\Cache), false)
 9 FCPATH/index.php(67): CodeIgniter\CodeIgniter->run()
CRITICAL - 2022-12-06 14:03:46 --> Undefined variable $owner
in APPPATH/Views/tampilseluruhdata.php on line 63.
 1 APPPATH/Views/tampilseluruhdata.php(63): CodeIgniter\Debug\Exceptions->errorHandler(2, 'Undefined variable $owner', 'APPPATH/Views/tampilseluruhdata.php', 63)
 2 SYSTEMPATH/View/View.php(213): include('APPPATH/Views/tampilseluruhdata.php')
 3 SYSTEMPATH/View/View.php(216): CodeIgniter\View\View->CodeIgniter\View\{closure}()
 4 SYSTEMPATH/Common.php(1134): CodeIgniter\View\View->render('tampilseluruhdata', [], true)
 5 APPPATH/Controllers/TampilSeluruhData.php(34): view('tampilseluruhdata', [...])
 6 SYSTEMPATH/CodeIgniter.php(927): App\Controllers\TampilSeluruhData->customer()
 7 SYSTEMPATH/CodeIgniter.php(482): CodeIgniter\CodeIgniter->runController(Object(App\Controllers\TampilSeluruhData))
 8 SYSTEMPATH/CodeIgniter.php(351): CodeIgniter\CodeIgniter->handleRequest(null, Object(Config\Cache), false)
 9 FCPATH/index.php(67): CodeIgniter\CodeIgniter->run()
CRITICAL - 2022-12-06 14:04:30 --> Undefined variable $owner
in APPPATH/Views/tampilseluruhdata.php on line 63.
 1 APPPATH/Views/tampilseluruhdata.php(63): CodeIgniter\Debug\Exceptions->errorHandler(2, 'Undefined variable $owner', 'APPPATH/Views/tampilseluruhdata.php', 63)
 2 SYSTEMPATH/View/View.php(213): include('APPPATH/Views/tampilseluruhdata.php')
 3 SYSTEMPATH/View/View.php(216): CodeIgniter\View\View->CodeIgniter\View\{closure}()
 4 SYSTEMPATH/Common.php(1134): CodeIgniter\View\View->render('tampilseluruhdata', [], true)
 5 APPPATH/Controllers/TampilSeluruhData.php(34): view('tampilseluruhdata', [...])
 6 SYSTEMPATH/CodeIgniter.php(927): App\Controllers\TampilSeluruhData->customer()
 7 SYSTEMPATH/CodeIgniter.php(482): CodeIgniter\CodeIgniter->runController(Object(App\Controllers\TampilSeluruhData))
 8 SYSTEMPATH/CodeIgniter.php(351): CodeIgniter\CodeIgniter->handleRequest(null, Object(Config\Cache), false)
 9 FCPATH/index.php(67): CodeIgniter\CodeIgniter->run()
CRITICAL - 2022-12-06 14:05:10 --> Undefined variable $owner
in APPPATH/Views/tampilseluruhdata.php on line 63.
 1 APPPATH/Views/tampilseluruhdata.php(63): CodeIgniter\Debug\Exceptions->errorHandler(2, 'Undefined variable $owner', 'APPPATH/Views/tampilseluruhdata.php', 63)
 2 SYSTEMPATH/View/View.php(213): include('APPPATH/Views/tampilseluruhdata.php')
 3 SYSTEMPATH/View/View.php(216): CodeIgniter\View\View->CodeIgniter\View\{closure}()
 4 SYSTEMPATH/Common.php(1134): CodeIgniter\View\View->render('tampilseluruhdata', [], true)
 5 APPPATH/Controllers/TampilSeluruhData.php(34): view('tampilseluruhdata', [...])
 6 SYSTEMPATH/CodeIgniter.php(927): App\Controllers\TampilSeluruhData->customer()
 7 SYSTEMPATH/CodeIgniter.php(482): CodeIgniter\CodeIgniter->runController(Object(App\Controllers\TampilSeluruhData))
 8 SYSTEMPATH/CodeIgniter.php(351): CodeIgniter\CodeIgniter->handleRequest(null, Object(Config\Cache), false)
 9 FCPATH/index.php(67): CodeIgniter\CodeIgniter->run()
CRITICAL - 2022-12-06 14:05:32 --> Undefined variable $pemilik_hotel
in APPPATH/Views/tampilseluruhdata.php on line 63.
 1 APPPATH/Views/tampilseluruhdata.php(63): CodeIgniter\Debug\Exceptions->errorHandler(2, 'Undefined variable $pemilik_hotel', 'APPPATH/Views/tampilseluruhdata.php', 63)
 2 SYSTEMPATH/View/View.php(213): include('APPPATH/Views/tampilseluruhdata.php')
 3 SYSTEMPATH/View/View.php(216): CodeIgniter\View\View->CodeIgniter\View\{closure}()
 4 SYSTEMPATH/Common.php(1134): CodeIgniter\View\View->render('tampilseluruhdata', [], true)
 5 APPPATH/Controllers/TampilSeluruhData.php(34): view('tampilseluruhdata', [...])
 6 SYSTEMPATH/CodeIgniter.php(927): App\Controllers\TampilSeluruhData->customer()
 7 SYSTEMPATH/CodeIgniter.php(482): CodeIgniter\CodeIgniter->runController(Object(App\Controllers\TampilSeluruhData))
 8 SYSTEMPATH/CodeIgniter.php(351): CodeIgniter\CodeIgniter->handleRequest(null, Object(Config\Cache), false)
 9 FCPATH/index.php(67): CodeIgniter\CodeIgniter->run()
CRITICAL - 2022-12-06 14:05:48 --> Undefined variable $pemilik_hotel
in APPPATH/Views/tampilseluruhdata.php on line 63.
 1 APPPATH/Views/tampilseluruhdata.php(63): CodeIgniter\Debug\Exceptions->errorHandler(2, 'Undefined variable $pemilik_hotel', 'APPPATH/Views/tampilseluruhdata.php', 63)
 2 SYSTEMPATH/View/View.php(213): include('APPPATH/Views/tampilseluruhdata.php')
 3 SYSTEMPATH/View/View.php(216): CodeIgniter\View\View->CodeIgniter\View\{closure}()
 4 SYSTEMPATH/Common.php(1134): CodeIgniter\View\View->render('tampilseluruhdata', [], true)
 5 APPPATH/Controllers/TampilSeluruhData.php(34): view('tampilseluruhdata', [...])
 6 SYSTEMPATH/CodeIgniter.php(927): App\Controllers\TampilSeluruhData->customer()
 7 SYSTEMPATH/CodeIgniter.php(482): CodeIgniter\CodeIgniter->runController(Object(App\Controllers\TampilSeluruhData))
 8 SYSTEMPATH/CodeIgniter.php(351): CodeIgniter\CodeIgniter->handleRequest(null, Object(Config\Cache), false)
 9 FCPATH/index.php(67): CodeIgniter\CodeIgniter->run()
CRITICAL - 2022-12-06 14:05:49 --> Undefined variable $pemilik_hotel
in APPPATH/Views/tampilseluruhdata.php on line 63.
 1 APPPATH/Views/tampilseluruhdata.php(63): CodeIgniter\Debug\Exceptions->errorHandler(2, 'Undefined variable $pemilik_hotel', 'APPPATH/Views/tampilseluruhdata.php', 63)
 2 SYSTEMPATH/View/View.php(213): include('APPPATH/Views/tampilseluruhdata.php')
 3 SYSTEMPATH/View/View.php(216): CodeIgniter\View\View->CodeIgniter\View\{closure}()
 4 SYSTEMPATH/Common.php(1134): CodeIgniter\View\View->render('tampilseluruhdata', [], true)
 5 APPPATH/Controllers/TampilSeluruhData.php(34): view('tampilseluruhdata', [...])
 6 SYSTEMPATH/CodeIgniter.php(927): App\Controllers\TampilSeluruhData->customer()
 7 SYSTEMPATH/CodeIgniter.php(482): CodeIgniter\CodeIgniter->runController(Object(App\Controllers\TampilSeluruhData))
 8 SYSTEMPATH/CodeIgniter.php(351): CodeIgniter\CodeIgniter->handleRequest(null, Object(Config\Cache), false)
 9 FCPATH/index.php(67): CodeIgniter\CodeIgniter->run()
CRITICAL - 2022-12-06 14:06:02 --> Undefined variable $pemilik_hotel
in APPPATH/Views/tampilseluruhdata.php on line 63.
 1 APPPATH/Views/tampilseluruhdata.php(63): CodeIgniter\Debug\Exceptions->errorHandler(2, 'Undefined variable $pemilik_hotel', 'APPPATH/Views/tampilseluruhdata.php', 63)
 2 SYSTEMPATH/View/View.php(213): include('APPPATH/Views/tampilseluruhdata.php')
 3 SYSTEMPATH/View/View.php(216): CodeIgniter\View\View->CodeIgniter\View\{closure}()
 4 SYSTEMPATH/Common.php(1134): CodeIgniter\View\View->render('tampilseluruhdata', [], true)
 5 APPPATH/Controllers/TampilSeluruhData.php(34): view('tampilseluruhdata', [...])
 6 SYSTEMPATH/CodeIgniter.php(927): App\Controllers\TampilSeluruhData->customer()
 7 SYSTEMPATH/CodeIgniter.php(482): CodeIgniter\CodeIgniter->runController(Object(App\Controllers\TampilSeluruhData))
 8 SYSTEMPATH/CodeIgniter.php(351): CodeIgniter\CodeIgniter->handleRequest(null, Object(Config\Cache), false)
 9 FCPATH/index.php(67): CodeIgniter\CodeIgniter->run()
CRITICAL - 2022-12-06 14:06:33 --> Undefined variable $pemilik_hotel
in APPPATH/Views/tampilseluruhdata.php on line 63.
 1 APPPATH/Views/tampilseluruhdata.php(63): CodeIgniter\Debug\Exceptions->errorHandler(2, 'Undefined variable $pemilik_hotel', 'APPPATH/Views/tampilseluruhdata.php', 63)
 2 SYSTEMPATH/View/View.php(213): include('APPPATH/Views/tampilseluruhdata.php')
 3 SYSTEMPATH/View/View.php(216): CodeIgniter\View\View->CodeIgniter\View\{closure}()
 4 SYSTEMPATH/Common.php(1134): CodeIgniter\View\View->render('tampilseluruhdata', [], true)
 5 APPPATH/Controllers/TampilSeluruhData.php(34): view('tampilseluruhdata', [...])
 6 SYSTEMPATH/CodeIgniter.php(927): App\Controllers\TampilSeluruhData->customer()
 7 SYSTEMPATH/CodeIgniter.php(482): CodeIgniter\CodeIgniter->runController(Object(App\Controllers\TampilSeluruhData))
 8 SYSTEMPATH/CodeIgniter.php(351): CodeIgniter\CodeIgniter->handleRequest(null, Object(Config\Cache), false)
 9 FCPATH/index.php(67): CodeIgniter\CodeIgniter->run()
CRITICAL - 2022-12-06 14:06:50 --> Undefined variable $pemilik_hotel
in APPPATH/Views/tampilseluruhdata.php on line 63.
 1 APPPATH/Views/tampilseluruhdata.php(63): CodeIgniter\Debug\Exceptions->errorHandler(2, 'Undefined variable $pemilik_hotel', 'APPPATH/Views/tampilseluruhdata.php', 63)
 2 SYSTEMPATH/View/View.php(213): include('APPPATH/Views/tampilseluruhdata.php')
 3 SYSTEMPATH/View/View.php(216): CodeIgniter\View\View->CodeIgniter\View\{closure}()
 4 SYSTEMPATH/Common.php(1134): CodeIgniter\View\View->render('tampilseluruhdata', [], true)
 5 APPPATH/Controllers/TampilSeluruhData.php(34): view('tampilseluruhdata', [...])
 6 SYSTEMPATH/CodeIgniter.php(927): App\Controllers\TampilSeluruhData->customer()
 7 SYSTEMPATH/CodeIgniter.php(482): CodeIgniter\CodeIgniter->runController(Object(App\Controllers\TampilSeluruhData))
 8 SYSTEMPATH/CodeIgniter.php(351): CodeIgniter\CodeIgniter->handleRequest(null, Object(Config\Cache), false)
 9 FCPATH/index.php(67): CodeIgniter\CodeIgniter->run()
CRITICAL - 2022-12-06 14:08:21 --> Undefined variable $pemilik_hotel
in APPPATH/Views/tampilseluruhdata.php on line 63.
 1 APPPATH/Views/tampilseluruhdata.php(63): CodeIgniter\Debug\Exceptions->errorHandler(2, 'Undefined variable $pemilik_hotel', 'APPPATH/Views/tampilseluruhdata.php', 63)
 2 SYSTEMPATH/View/View.php(213): include('APPPATH/Views/tampilseluruhdata.php')
 3 SYSTEMPATH/View/View.php(216): CodeIgniter\View\View->CodeIgniter\View\{closure}()
 4 SYSTEMPATH/Common.php(1134): CodeIgniter\View\View->render('tampilseluruhdata', [...], true)
 5 APPPATH/Controllers/TampilSeluruhData.php(37): view('tampilseluruhdata', [...], [...])
 6 SYSTEMPATH/CodeIgniter.php(927): App\Controllers\TampilSeluruhData->customer()
 7 SYSTEMPATH/CodeIgniter.php(482): CodeIgniter\CodeIgniter->runController(Object(App\Controllers\TampilSeluruhData))
 8 SYSTEMPATH/CodeIgniter.php(351): CodeIgniter\CodeIgniter->handleRequest(null, Object(Config\Cache), false)
 9 FCPATH/index.php(67): CodeIgniter\CodeIgniter->run()
CRITICAL - 2022-12-06 14:08:24 --> Undefined variable $pemilik_hotel
in APPPATH/Views/tampilseluruhdata.php on line 63.
 1 APPPATH/Views/tampilseluruhdata.php(63): CodeIgniter\Debug\Exceptions->errorHandler(2, 'Undefined variable $pemilik_hotel', 'APPPATH/Views/tampilseluruhdata.php', 63)
 2 SYSTEMPATH/View/View.php(213): include('APPPATH/Views/tampilseluruhdata.php')
 3 SYSTEMPATH/View/View.php(216): CodeIgniter\View\View->CodeIgniter\View\{closure}()
 4 SYSTEMPATH/Common.php(1134): CodeIgniter\View\View->render('tampilseluruhdata', [...], true)
 5 APPPATH/Controllers/TampilSeluruhData.php(37): view('tampilseluruhdata', [...], [...])
 6 SYSTEMPATH/CodeIgniter.php(927): App\Controllers\TampilSeluruhData->customer()
 7 SYSTEMPATH/CodeIgniter.php(482): CodeIgniter\CodeIgniter->runController(Object(App\Controllers\TampilSeluruhData))
 8 SYSTEMPATH/CodeIgniter.php(351): CodeIgniter\CodeIgniter->handleRequest(null, Object(Config\Cache), false)
 9 FCPATH/index.php(67): CodeIgniter\CodeIgniter->run()
CRITICAL - 2022-12-06 14:08:24 --> Undefined variable $pemilik_hotel
in APPPATH/Views/tampilseluruhdata.php on line 63.
 1 APPPATH/Views/tampilseluruhdata.php(63): CodeIgniter\Debug\Exceptions->errorHandler(2, 'Undefined variable $pemilik_hotel', 'APPPATH/Views/tampilseluruhdata.php', 63)
 2 SYSTEMPATH/View/View.php(213): include('APPPATH/Views/tampilseluruhdata.php')
 3 SYSTEMPATH/View/View.php(216): CodeIgniter\View\View->CodeIgniter\View\{closure}()
 4 SYSTEMPATH/Common.php(1134): CodeIgniter\View\View->render('tampilseluruhdata', [...], true)
 5 APPPATH/Controllers/TampilSeluruhData.php(37): view('tampilseluruhdata', [...], [...])
 6 SYSTEMPATH/CodeIgniter.php(927): App\Controllers\TampilSeluruhData->customer()
 7 SYSTEMPATH/CodeIgniter.php(482): CodeIgniter\CodeIgniter->runController(Object(App\Controllers\TampilSeluruhData))
 8 SYSTEMPATH/CodeIgniter.php(351): CodeIgniter\CodeIgniter->handleRequest(null, Object(Config\Cache), false)
 9 FCPATH/index.php(67): CodeIgniter\CodeIgniter->run()
CRITICAL - 2022-12-06 14:08:56 --> Undefined variable $customer
in APPPATH/Views/tampilseluruhdata.php on line 30.
 1 APPPATH/Views/tampilseluruhdata.php(30): CodeIgniter\Debug\Exceptions->errorHandler(2, 'Undefined variable $customer', 'APPPATH/Views/tampilseluruhdata.php', 30)
 2 SYSTEMPATH/View/View.php(213): include('APPPATH/Views/tampilseluruhdata.php')
 3 SYSTEMPATH/View/View.php(216): CodeIgniter\View\View->CodeIgniter\View\{closure}()
 4 SYSTEMPATH/Common.php(1134): CodeIgniter\View\View->render('tampilseluruhdata', [], true)
 5 APPPATH/Controllers/TampilSeluruhData.php(36): view('tampilseluruhdata', [...])
 6 SYSTEMPATH/CodeIgniter.php(927): App\Controllers\TampilSeluruhData->customer()
 7 SYSTEMPATH/CodeIgniter.php(482): CodeIgniter\CodeIgniter->runController(Object(App\Controllers\TampilSeluruhData))
 8 SYSTEMPATH/CodeIgniter.php(351): CodeIgniter\CodeIgniter->handleRequest(null, Object(Config\Cache), false)
 9 FCPATH/index.php(67): CodeIgniter\CodeIgniter->run()
CRITICAL - 2022-12-06 14:09:14 --> Undefined variable $row
in APPPATH/Views/tampilseluruhdata.php on line 37.
 1 APPPATH/Views/tampilseluruhdata.php(37): CodeIgniter\Debug\Exceptions->errorHandler(2, 'Undefined variable $row', 'APPPATH/Views/tampilseluruhdata.php', 37)
 2 SYSTEMPATH/View/View.php(213): include('APPPATH/Views/tampilseluruhdata.php')
 3 SYSTEMPATH/View/View.php(216): CodeIgniter\View\View->CodeIgniter\View\{closure}()
 4 SYSTEMPATH/Common.php(1134): CodeIgniter\View\View->render('tampilseluruhdata', [], true)
 5 APPPATH/Controllers/TampilSeluruhData.php(36): view('tampilseluruhdata', [...])
 6 SYSTEMPATH/CodeIgniter.php(927): App\Controllers\TampilSeluruhData->customer()
 7 SYSTEMPATH/CodeIgniter.php(482): CodeIgniter\CodeIgniter->runController(Object(App\Controllers\TampilSeluruhData))
 8 SYSTEMPATH/CodeIgniter.php(351): CodeIgniter\CodeIgniter->handleRequest(null, Object(Config\Cache), false)
 9 FCPATH/index.php(67): CodeIgniter\CodeIgniter->run()
CRITICAL - 2022-12-06 14:10:06 --> Undefined variable $pemilik_hotel
in APPPATH/Views/tampilseluruhdata.php on line 63.
 1 APPPATH/Views/tampilseluruhdata.php(63): CodeIgniter\Debug\Exceptions->errorHandler(2, 'Undefined variable $pemilik_hotel', 'APPPATH/Views/tampilseluruhdata.php', 63)
 2 SYSTEMPATH/View/View.php(213): include('APPPATH/Views/tampilseluruhdata.php')
 3 SYSTEMPATH/View/View.php(216): CodeIgniter\View\View->CodeIgniter\View\{closure}()
 4 SYSTEMPATH/Common.php(1134): CodeIgniter\View\View->render('tampilseluruhdata', [...], true)
 5 APPPATH/Controllers/TampilSeluruhData.php(37): view('tampilseluruhdata', [...], [...])
 6 SYSTEMPATH/CodeIgniter.php(927): App\Controllers\TampilSeluruhData->customer()
 7 SYSTEMPATH/CodeIgniter.php(482): CodeIgniter\CodeIgniter->runController(Object(App\Controllers\TampilSeluruhData))
 8 SYSTEMPATH/CodeIgniter.php(351): CodeIgniter\CodeIgniter->handleRequest(null, Object(Config\Cache), false)
 9 FCPATH/index.php(67): CodeIgniter\CodeIgniter->run()
CRITICAL - 2022-12-06 14:11:03 --> Undefined variable $customer
in APPPATH/Views/tampilseluruhdata.php on line 30.
 1 APPPATH/Views/tampilseluruhdata.php(30): CodeIgniter\Debug\Exceptions->errorHandler(2, 'Undefined variable $customer', 'APPPATH/Views/tampilseluruhdata.php', 30)
 2 SYSTEMPATH/View/View.php(213): include('APPPATH/Views/tampilseluruhdata.php')
 3 SYSTEMPATH/View/View.php(216): CodeIgniter\View\View->CodeIgniter\View\{closure}()
 4 SYSTEMPATH/Common.php(1134): CodeIgniter\View\View->render('tampilseluruhdata', [], true)
 5 APPPATH/Controllers/TampilSeluruhData.php(37): view('tampilseluruhdata', [...])
 6 SYSTEMPATH/CodeIgniter.php(927): App\Controllers\TampilSeluruhData->customer()
 7 SYSTEMPATH/CodeIgniter.php(482): CodeIgniter\CodeIgniter->runController(Object(App\Controllers\TampilSeluruhData))
 8 SYSTEMPATH/CodeIgniter.php(351): CodeIgniter\CodeIgniter->handleRequest(null, Object(Config\Cache), false)
 9 FCPATH/index.php(67): CodeIgniter\CodeIgniter->run()
CRITICAL - 2022-12-06 14:11:32 --> Undefined variable $pemilik_hotel
in APPPATH/Views/tampilseluruhdata.php on line 33.
 1 APPPATH/Views/tampilseluruhdata.php(33): CodeIgniter\Debug\Exceptions->errorHandler(2, 'Undefined variable $pemilik_hotel', 'APPPATH/Views/tampilseluruhdata.php', 33)
 2 SYSTEMPATH/View/View.php(213): include('APPPATH/Views/tampilseluruhdata.php')
 3 SYSTEMPATH/View/View.php(216): CodeIgniter\View\View->CodeIgniter\View\{closure}()
 4 SYSTEMPATH/Common.php(1134): CodeIgniter\View\View->render('tampilseluruhdata', [], true)
 5 APPPATH/Controllers/TampilSeluruhData.php(37): view('tampilseluruhdata', [...])
 6 SYSTEMPATH/CodeIgniter.php(927): App\Controllers\TampilSeluruhData->customer()
 7 SYSTEMPATH/CodeIgniter.php(482): CodeIgniter\CodeIgniter->runController(Object(App\Controllers\TampilSeluruhData))
 8 SYSTEMPATH/CodeIgniter.php(351): CodeIgniter\CodeIgniter->handleRequest(null, Object(Config\Cache), false)
 9 FCPATH/index.php(67): CodeIgniter\CodeIgniter->run()
CRITICAL - 2022-12-06 14:12:22 --> Undefined variable $customer
in APPPATH/Views/tampilseluruhdata.php on line 30.
 1 APPPATH/Views/tampilseluruhdata.php(30): CodeIgniter\Debug\Exceptions->errorHandler(2, 'Undefined variable $customer', 'APPPATH/Views/tampilseluruhdata.php', 30)
 2 SYSTEMPATH/View/View.php(213): include('APPPATH/Views/tampilseluruhdata.php')
 3 SYSTEMPATH/View/View.php(216): CodeIgniter\View\View->CodeIgniter\View\{closure}()
 4 SYSTEMPATH/Common.php(1134): CodeIgniter\View\View->render('tampilseluruhdata', [], true)
 5 APPPATH/Controllers/TampilSeluruhData.php(39): view('tampilseluruhdata', [...])
 6 SYSTEMPATH/CodeIgniter.php(927): App\Controllers\TampilSeluruhData->customer()
 7 SYSTEMPATH/CodeIgniter.php(482): CodeIgniter\CodeIgniter->runController(Object(App\Controllers\TampilSeluruhData))
 8 SYSTEMPATH/CodeIgniter.php(351): CodeIgniter\CodeIgniter->handleRequest(null, Object(Config\Cache), false)
 9 FCPATH/index.php(67): CodeIgniter\CodeIgniter->run()
CRITICAL - 2022-12-06 14:13:51 --> Undefined variable $pemilik_hotel
in APPPATH/Views/tampilseluruhdata.php on line 63.
 1 APPPATH/Views/tampilseluruhdata.php(63): CodeIgniter\Debug\Exceptions->errorHandler(2, 'Undefined variable $pemilik_hotel', 'APPPATH/Views/tampilseluruhdata.php', 63)
 2 SYSTEMPATH/View/View.php(213): include('APPPATH/Views/tampilseluruhdata.php')
 3 SYSTEMPATH/View/View.php(216): CodeIgniter\View\View->CodeIgniter\View\{closure}()
 4 SYSTEMPATH/Common.php(1134): CodeIgniter\View\View->render('tampilseluruhdata', [], true)
 5 APPPATH/Controllers/TampilSeluruhData.php(34): view('tampilseluruhdata', [...])
 6 SYSTEMPATH/CodeIgniter.php(927): App\Controllers\TampilSeluruhData->customer()
 7 SYSTEMPATH/CodeIgniter.php(482): CodeIgniter\CodeIgniter->runController(Object(App\Controllers\TampilSeluruhData))
 8 SYSTEMPATH/CodeIgniter.php(351): CodeIgniter\CodeIgniter->handleRequest(null, Object(Config\Cache), false)
 9 FCPATH/index.php(67): CodeIgniter\CodeIgniter->run()
