CRITICAL - 2023-01-04 08:14:44 --> Undefined variable $row
in APPPATH\Views\search_view.php on line 24.
 1 APPPATH\Views\search_view.php(24): CodeIgniter\Debug\Exceptions->errorHandler(2, 'Undefined variable $row', 'APPPATH\\Views\\search_view.php', 24)
 2 SYSTEMPATH\View\View.php(213): include('APPPATH\\Views\\search_view.php')
 3 SYSTEMPATH\View\View.php(216): CodeIgniter\View\View->CodeIgniter\View\{closure}()
 4 SYSTEMPATH\Common.php(1134): CodeIgniter\View\View->render('search_view', [], true)
 5 APPPATH\Controllers\Searching.php(45): view('search_view', [...])
 6 SYSTEMPATH\CodeIgniter.php(927): App\Controllers\Searching->cari()
 7 SYSTEMPATH\CodeIgniter.php(482): CodeIgniter\CodeIgniter->runController(Object(App\Controllers\Searching))
 8 SYSTEMPATH\CodeIgniter.php(351): CodeIgniter\CodeIgniter->handleRequest(null, Object(Config\Cache), false)
 9 FCPATH\index.php(67): CodeIgniter\CodeIgniter->run()
CRITICAL - 2023-01-04 08:24:12 --> Call to undefined method CodeIgniter\Database\MySQLi\Builder::group_by()
in APPPATH\Controllers\Searching.php on line 44.
 1 SYSTEMPATH\CodeIgniter.php(927): App\Controllers\Searching->cari()
 2 SYSTEMPATH\CodeIgniter.php(482): CodeIgniter\CodeIgniter->runController(Object(App\Controllers\Searching))
 3 SYSTEMPATH\CodeIgniter.php(351): CodeIgniter\CodeIgniter->handleRequest(null, Object(Config\Cache), false)
 4 FCPATH\index.php(67): CodeIgniter\CodeIgniter->run()
CRITICAL - 2023-01-04 08:30:35 --> Call to undefined method CodeIgniter\Database\MySQLi\Builder::group_by()
in APPPATH\Controllers\Searching.php on line 44.
 1 SYSTEMPATH\CodeIgniter.php(927): App\Controllers\Searching->cari()
 2 SYSTEMPATH\CodeIgniter.php(482): CodeIgniter\CodeIgniter->runController(Object(App\Controllers\Searching))
 3 SYSTEMPATH\CodeIgniter.php(351): CodeIgniter\CodeIgniter->handleRequest(null, Object(Config\Cache), false)
 4 FCPATH\index.php(67): CodeIgniter\CodeIgniter->run()
CRITICAL - 2023-01-04 08:31:02 --> Call to undefined method CodeIgniter\Database\MySQLi\Builder::group_by()
in APPPATH\Controllers\Searching.php on line 44.
 1 SYSTEMPATH\CodeIgniter.php(927): App\Controllers\Searching->cari()
 2 SYSTEMPATH\CodeIgniter.php(482): CodeIgniter\CodeIgniter->runController(Object(App\Controllers\Searching))
 3 SYSTEMPATH\CodeIgniter.php(351): CodeIgniter\CodeIgniter->handleRequest(null, Object(Config\Cache), false)
 4 FCPATH\index.php(67): CodeIgniter\CodeIgniter->run()
CRITICAL - 2023-01-04 08:42:41 --> Call to undefined method CodeIgniter\Database\MySQLi\Builder::group_by()
in APPPATH\Controllers\Searching.php on line 44.
 1 SYSTEMPATH\CodeIgniter.php(927): App\Controllers\Searching->cari()
 2 SYSTEMPATH\CodeIgniter.php(482): CodeIgniter\CodeIgniter->runController(Object(App\Controllers\Searching))
 3 SYSTEMPATH\CodeIgniter.php(351): CodeIgniter\CodeIgniter->handleRequest(null, Object(Config\Cache), false)
 4 FCPATH\index.php(67): CodeIgniter\CodeIgniter->run()
CRITICAL - 2023-01-04 08:47:06 --> Call to undefined method CodeIgniter\Database\MySQLi\Connection::distinct()
in APPPATH\Controllers\Searching.php on line 43.
 1 SYSTEMPATH\CodeIgniter.php(927): App\Controllers\Searching->cari()
 2 SYSTEMPATH\CodeIgniter.php(482): CodeIgniter\CodeIgniter->runController(Object(App\Controllers\Searching))
 3 SYSTEMPATH\CodeIgniter.php(351): CodeIgniter\CodeIgniter->handleRequest(null, Object(Config\Cache), false)
 4 FCPATH\index.php(67): CodeIgniter\CodeIgniter->run()
CRITICAL - 2023-01-04 08:47:22 --> Call to undefined method CodeIgniter\Database\MySQLi\Builder::group_by()
in APPPATH\Controllers\Searching.php on line 44.
 1 SYSTEMPATH\CodeIgniter.php(927): App\Controllers\Searching->cari()
 2 SYSTEMPATH\CodeIgniter.php(482): CodeIgniter\CodeIgniter->runController(Object(App\Controllers\Searching))
 3 SYSTEMPATH\CodeIgniter.php(351): CodeIgniter\CodeIgniter->handleRequest(null, Object(Config\Cache), false)
 4 FCPATH\index.php(67): CodeIgniter\CodeIgniter->run()
CRITICAL - 2023-01-04 08:49:07 --> Call to undefined method CodeIgniter\Database\MySQLi\Result::distinct()
in APPPATH\Controllers\Searching.php on line 44.
 1 SYSTEMPATH\CodeIgniter.php(927): App\Controllers\Searching->cari()
 2 SYSTEMPATH\CodeIgniter.php(482): CodeIgniter\CodeIgniter->runController(Object(App\Controllers\Searching))
 3 SYSTEMPATH\CodeIgniter.php(351): CodeIgniter\CodeIgniter->handleRequest(null, Object(Config\Cache), false)
 4 FCPATH\index.php(67): CodeIgniter\CodeIgniter->run()
CRITICAL - 2023-01-04 08:49:12 --> Call to undefined method CodeIgniter\Database\MySQLi\Result::distinct()
in APPPATH\Controllers\Searching.php on line 44.
 1 SYSTEMPATH\CodeIgniter.php(927): App\Controllers\Searching->cari()
 2 SYSTEMPATH\CodeIgniter.php(482): CodeIgniter\CodeIgniter->runController(Object(App\Controllers\Searching))
 3 SYSTEMPATH\CodeIgniter.php(351): CodeIgniter\CodeIgniter->handleRequest(null, Object(Config\Cache), false)
 4 FCPATH\index.php(67): CodeIgniter\CodeIgniter->run()
ERROR - 2023-01-04 08:56:35 --> mysqli_sql_exception: You have an error in your SQL syntax; check the manual that corresponds to your MariaDB server version for the right syntax to use near 'kamar.status = "available"  group by kamar.idKamar' at line 1 in C:\xampp\htdocs\travelight\system\Database\MySQLi\Connection.php:292
Stack trace:
#0 C:\xampp\htdocs\travelight\system\Database\MySQLi\Connection.php(292): mysqli->query('SELECT * FROM k...', 0)
#1 C:\xampp\htdocs\travelight\system\Database\BaseConnection.php(666): CodeIgniter\Database\MySQLi\Connection->execute('SELECT * FROM k...')
#2 C:\xampp\htdocs\travelight\system\Database\BaseConnection.php(593): CodeIgniter\Database\BaseConnection->simpleQuery('SELECT * FROM k...')
#3 C:\xampp\htdocs\travelight\app\Controllers\Searching.php(44): CodeIgniter\Database\BaseConnection->query('SELECT * FROM k...')
#4 C:\xampp\htdocs\travelight\system\CodeIgniter.php(927): App\Controllers\Searching->cari()
#5 C:\xampp\htdocs\travelight\system\CodeIgniter.php(482): CodeIgniter\CodeIgniter->runController(Object(App\Controllers\Searching))
#6 C:\xampp\htdocs\travelight\system\CodeIgniter.php(351): CodeIgniter\CodeIgniter->handleRequest(NULL, Object(Config\Cache), false)
#7 C:\xampp\htdocs\travelight\public\index.php(67): CodeIgniter\CodeIgniter->run()
#8 {main}
CRITICAL - 2023-01-04 08:56:35 --> You have an error in your SQL syntax; check the manual that corresponds to your MariaDB server version for the right syntax to use near 'kamar.status = "available"  group by kamar.idKamar' at line 1
in SYSTEMPATH\Database\MySQLi\Connection.php on line 292.
 1 SYSTEMPATH\Database\MySQLi\Connection.php(292): mysqli->query('SELECT * FROM kamar join hotel on kamar.idHotel=hotel.idHotel where kamar.stok >= 1and kamar.status = "available"  group by kamar.idKamar', 0)
 2 SYSTEMPATH\Database\BaseConnection.php(666): CodeIgniter\Database\MySQLi\Connection->execute('SELECT * FROM kamar join hotel on kamar.idHotel=hotel.idHotel where kamar.stok >= 1and kamar.status = "available"  group by kamar.idKamar')
 3 SYSTEMPATH\Database\BaseConnection.php(593): CodeIgniter\Database\BaseConnection->simpleQuery('SELECT * FROM kamar join hotel on kamar.idHotel=hotel.idHotel where kamar.stok >= 1and kamar.status = "available"  group by kamar.idKamar')
 4 APPPATH\Controllers\Searching.php(44): CodeIgniter\Database\BaseConnection->query('SELECT * FROM kamar join hotel on kamar.idHotel=hotel.idHotel where kamar.stok >= 1and kamar.status = "available"  group by kamar.idKamar')
 5 SYSTEMPATH\CodeIgniter.php(927): App\Controllers\Searching->cari()
 6 SYSTEMPATH\CodeIgniter.php(482): CodeIgniter\CodeIgniter->runController(Object(App\Controllers\Searching))
 7 SYSTEMPATH\CodeIgniter.php(351): CodeIgniter\CodeIgniter->handleRequest(null, Object(Config\Cache), false)
 8 FCPATH\index.php(67): CodeIgniter\CodeIgniter->run()
CRITICAL - 2023-01-04 08:57:30 --> Cannot use object of type mysqli as array
in APPPATH\Views\search_view.php on line 29.
 1 SYSTEMPATH\View\View.php(213): include()
 2 SYSTEMPATH\View\View.php(216): CodeIgniter\View\View->CodeIgniter\View\{closure}()
 3 SYSTEMPATH\Common.php(1134): CodeIgniter\View\View->render('search_view', [], true)
 4 APPPATH\Controllers\Searching.php(48): view('search_view', [...])
 5 SYSTEMPATH\CodeIgniter.php(927): App\Controllers\Searching->cari()
 6 SYSTEMPATH\CodeIgniter.php(482): CodeIgniter\CodeIgniter->runController(Object(App\Controllers\Searching))
 7 SYSTEMPATH\CodeIgniter.php(351): CodeIgniter\CodeIgniter->handleRequest(null, Object(Config\Cache), false)
 8 FCPATH\index.php(67): CodeIgniter\CodeIgniter->run()
CRITICAL - 2023-01-04 08:58:24 --> Call to undefined method CodeIgniter\Database\MySQLi\Result::fetch_assoc()
in APPPATH\Controllers\Searching.php on line 45.
 1 SYSTEMPATH\CodeIgniter.php(927): App\Controllers\Searching->cari()
 2 SYSTEMPATH\CodeIgniter.php(482): CodeIgniter\CodeIgniter->runController(Object(App\Controllers\Searching))
 3 SYSTEMPATH\CodeIgniter.php(351): CodeIgniter\CodeIgniter->handleRequest(null, Object(Config\Cache), false)
 4 FCPATH\index.php(67): CodeIgniter\CodeIgniter->run()
CRITICAL - 2023-01-04 08:58:44 --> Call to undefined method CodeIgniter\Database\MySQLi\Result::get()
in APPPATH\Controllers\Searching.php on line 45.
 1 SYSTEMPATH\CodeIgniter.php(927): App\Controllers\Searching->cari()
 2 SYSTEMPATH\CodeIgniter.php(482): CodeIgniter\CodeIgniter->runController(Object(App\Controllers\Searching))
 3 SYSTEMPATH\CodeIgniter.php(351): CodeIgniter\CodeIgniter->handleRequest(null, Object(Config\Cache), false)
 4 FCPATH\index.php(67): CodeIgniter\CodeIgniter->run()
