CRITICAL - 2022-11-28 02:54:19 --> Class "App\Controllers\UserModel" not found
in APPPATH/Controllers/Login.php on line 17.
 1 SYSTEMPATH/CodeIgniter.php(927): App\Controllers\Login->auth()
 2 SYSTEMPATH/CodeIgniter.php(482): CodeIgniter\CodeIgniter->runController(Object(App\Controllers\Login))
 3 SYSTEMPATH/CodeIgniter.php(351): CodeIgniter\CodeIgniter->handleRequest(null, Object(Config\Cache), false)
 4 FCPATH/index.php(67): CodeIgniter\CodeIgniter->run()
CRITICAL - 2022-11-28 02:54:55 --> Class "App\Models\LoginAdmin" not found
in APPPATH/Controllers/Login.php on line 17.
 1 SYSTEMPATH/CodeIgniter.php(927): App\Controllers\Login->auth()
 2 SYSTEMPATH/CodeIgniter.php(482): CodeIgniter\CodeIgniter->runController(Object(App\Controllers\Login))
 3 SYSTEMPATH/CodeIgniter.php(351): CodeIgniter\CodeIgniter->handleRequest(null, Object(Config\Cache), false)
 4 FCPATH/index.php(67): CodeIgniter\CodeIgniter->run()
CRITICAL - 2022-11-28 02:56:03 --> Class "App\Models\LoginAdmin" not found
in APPPATH/Controllers/Login.php on line 17.
 1 SYSTEMPATH/CodeIgniter.php(927): App\Controllers\Login->auth()
 2 SYSTEMPATH/CodeIgniter.php(482): CodeIgniter\CodeIgniter->runController(Object(App\Controllers\Login))
 3 SYSTEMPATH/CodeIgniter.php(351): CodeIgniter\CodeIgniter->handleRequest(null, Object(Config\Cache), false)
 4 FCPATH/index.php(67): CodeIgniter\CodeIgniter->run()
CRITICAL - 2022-11-28 02:56:46 --> Undefined variable $user_nama
in APPPATH/Controllers/Login.php on line 20.
 1 APPPATH/Controllers/Login.php(20): CodeIgniter\Debug\Exceptions->errorHandler(2, 'Undefined variable $user_nama', 'APPPATH/Controllers/Login.php', 20)
 2 SYSTEMPATH/CodeIgniter.php(927): App\Controllers\Login->auth()
 3 SYSTEMPATH/CodeIgniter.php(482): CodeIgniter\CodeIgniter->runController(Object(App\Controllers\Login))
 4 SYSTEMPATH/CodeIgniter.php(351): CodeIgniter\CodeIgniter->handleRequest(null, Object(Config\Cache), false)
 5 FCPATH/index.php(67): CodeIgniter\CodeIgniter->run()
CRITICAL - 2022-11-28 02:57:03 --> Undefined array key "user_pass"
in APPPATH/Controllers/Login.php on line 22.
 1 APPPATH/Controllers/Login.php(22): CodeIgniter\Debug\Exceptions->errorHandler(2, 'Undefined array key "user_pass"', 'APPPATH/Controllers/Login.php', 22)
 2 SYSTEMPATH/CodeIgniter.php(927): App\Controllers\Login->auth()
 3 SYSTEMPATH/CodeIgniter.php(482): CodeIgniter\CodeIgniter->runController(Object(App\Controllers\Login))
 4 SYSTEMPATH/CodeIgniter.php(351): CodeIgniter\CodeIgniter->handleRequest(null, Object(Config\Cache), false)
 5 FCPATH/index.php(67): CodeIgniter\CodeIgniter->run()
CRITICAL - 2022-11-28 02:57:58 --> Invalid file: user_view.php
in SYSTEMPATH/Exceptions/FrameworkException.php on line 33.
 1 SYSTEMPATH/View/View.php(201): CodeIgniter\Exceptions\FrameworkException::forInvalidFile('user_view.php')
 2 SYSTEMPATH/Common.php(1134): CodeIgniter\View\View->render('user_view', [], true)
 3 APPPATH/Controllers/Dashboard.php(16): view('user_view')
 4 SYSTEMPATH/CodeIgniter.php(927): App\Controllers\Dashboard->index()
 5 SYSTEMPATH/CodeIgniter.php(482): CodeIgniter\CodeIgniter->runController(Object(App\Controllers\Dashboard))
 6 SYSTEMPATH/CodeIgniter.php(351): CodeIgniter\CodeIgniter->handleRequest(null, Object(Config\Cache), false)
 7 FCPATH/index.php(67): CodeIgniter\CodeIgniter->run()
CRITICAL - 2022-11-28 08:18:38 --> Class "App\Controllers\LoginCustomer" not found
in APPPATH/Controllers/Login.php on line 23.
 1 SYSTEMPATH/CodeIgniter.php(927): App\Controllers\Login->customer_auth()
 2 SYSTEMPATH/CodeIgniter.php(482): CodeIgniter\CodeIgniter->runController(Object(App\Controllers\Login))
 3 SYSTEMPATH/CodeIgniter.php(351): CodeIgniter\CodeIgniter->handleRequest(null, Object(Config\Cache), false)
 4 FCPATH/index.php(67): CodeIgniter\CodeIgniter->run()
CRITICAL - 2022-11-28 08:19:22 --> Class "App\Controllers\LoginCustomer" not found
in APPPATH/Controllers/Login.php on line 23.
 1 SYSTEMPATH/CodeIgniter.php(927): App\Controllers\Login->customer_auth()
 2 SYSTEMPATH/CodeIgniter.php(482): CodeIgniter\CodeIgniter->runController(Object(App\Controllers\Login))
 3 SYSTEMPATH/CodeIgniter.php(351): CodeIgniter\CodeIgniter->handleRequest(null, Object(Config\Cache), false)
 4 FCPATH/index.php(67): CodeIgniter\CodeIgniter->run()
CRITICAL - 2022-11-28 08:19:34 --> Class "App\Controllers\LoginCustomer" not found
in APPPATH/Controllers/Login.php on line 23.
 1 SYSTEMPATH/CodeIgniter.php(927): App\Controllers\Login->customer_auth()
 2 SYSTEMPATH/CodeIgniter.php(482): CodeIgniter\CodeIgniter->runController(Object(App\Controllers\Login))
 3 SYSTEMPATH/CodeIgniter.php(351): CodeIgniter\CodeIgniter->handleRequest(null, Object(Config\Cache), false)
 4 FCPATH/index.php(67): CodeIgniter\CodeIgniter->run()
CRITICAL - 2022-11-28 08:21:39 --> Class "App\Controllers\LoginCustomer" not found
in APPPATH/Controllers/Login.php on line 24.
 1 SYSTEMPATH/CodeIgniter.php(927): App\Controllers\Login->customer_auth()
 2 SYSTEMPATH/CodeIgniter.php(482): CodeIgniter\CodeIgniter->runController(Object(App\Controllers\Login))
 3 SYSTEMPATH/CodeIgniter.php(351): CodeIgniter\CodeIgniter->handleRequest(null, Object(Config\Cache), false)
 4 FCPATH/index.php(67): CodeIgniter\CodeIgniter->run()
CRITICAL - 2022-11-28 08:22:53 --> Class "App\Controllers\LoginCustomer" not found
in APPPATH/Controllers/Login.php on line 24.
 1 SYSTEMPATH/CodeIgniter.php(927): App\Controllers\Login->customer_auth()
 2 SYSTEMPATH/CodeIgniter.php(482): CodeIgniter\CodeIgniter->runController(Object(App\Controllers\Login))
 3 SYSTEMPATH/CodeIgniter.php(351): CodeIgniter\CodeIgniter->handleRequest(null, Object(Config\Cache), false)
 4 FCPATH/index.php(67): CodeIgniter\CodeIgniter->run()
CRITICAL - 2022-11-28 08:24:12 --> Class "App\Controllers\LoginCustomer" not found
in APPPATH/Controllers/Login.php on line 24.
 1 SYSTEMPATH/CodeIgniter.php(927): App\Controllers\Login->customer_auth()
 2 SYSTEMPATH/CodeIgniter.php(482): CodeIgniter\CodeIgniter->runController(Object(App\Controllers\Login))
 3 SYSTEMPATH/CodeIgniter.php(351): CodeIgniter\CodeIgniter->handleRequest(null, Object(Config\Cache), false)
 4 FCPATH/index.php(67): CodeIgniter\CodeIgniter->run()
CRITICAL - 2022-11-28 08:45:26 --> Class "App\Controllers\LoginCustomer" not found
in APPPATH/Controllers/Login.php on line 24.
 1 SYSTEMPATH/CodeIgniter.php(927): App\Controllers\Login->customer_auth()
 2 SYSTEMPATH/CodeIgniter.php(482): CodeIgniter\CodeIgniter->runController(Object(App\Controllers\Login))
 3 SYSTEMPATH/CodeIgniter.php(351): CodeIgniter\CodeIgniter->handleRequest(null, Object(Config\Cache), false)
 4 FCPATH/index.php(67): CodeIgniter\CodeIgniter->run()
CRITICAL - 2022-11-28 08:49:26 --> Class "App\Controllers\LoginAdmin" not found
in APPPATH/Controllers/Login.php on line 65.
 1 SYSTEMPATH/CodeIgniter.php(927): App\Controllers\Login->admin_auth()
 2 SYSTEMPATH/CodeIgniter.php(482): CodeIgniter\CodeIgniter->runController(Object(App\Controllers\Login))
 3 SYSTEMPATH/CodeIgniter.php(351): CodeIgniter\CodeIgniter->handleRequest(null, Object(Config\Cache), false)
 4 FCPATH/index.php(67): CodeIgniter\CodeIgniter->run()
CRITICAL - 2022-11-28 08:49:48 --> Class "App\Controllers\LoginAdmin" not found
in APPPATH/Controllers/Login.php on line 65.
 1 SYSTEMPATH/CodeIgniter.php(927): App\Controllers\Login->admin_auth()
 2 SYSTEMPATH/CodeIgniter.php(482): CodeIgniter\CodeIgniter->runController(Object(App\Controllers\Login))
 3 SYSTEMPATH/CodeIgniter.php(351): CodeIgniter\CodeIgniter->handleRequest(null, Object(Config\Cache), false)
 4 FCPATH/index.php(67): CodeIgniter\CodeIgniter->run()
CRITICAL - 2022-11-28 08:50:29 --> Class "App\Controllers\LoginAdmin" not found
in APPPATH/Controllers/Login.php on line 27.
 1 SYSTEMPATH/CodeIgniter.php(927): App\Controllers\Login->admin_auth()
 2 SYSTEMPATH/CodeIgniter.php(482): CodeIgniter\CodeIgniter->runController(Object(App\Controllers\Login))
 3 SYSTEMPATH/CodeIgniter.php(351): CodeIgniter\CodeIgniter->handleRequest(null, Object(Config\Cache), false)
 4 FCPATH/index.php(67): CodeIgniter\CodeIgniter->run()
CRITICAL - 2022-11-28 08:51:49 --> Class "App\Models\LoginAdmin" not found
in APPPATH/Controllers/Login.php on line 17.
 1 SYSTEMPATH/CodeIgniter.php(927): App\Controllers\Login->auth()
 2 SYSTEMPATH/CodeIgniter.php(482): CodeIgniter\CodeIgniter->runController(Object(App\Controllers\Login))
 3 SYSTEMPATH/CodeIgniter.php(351): CodeIgniter\CodeIgniter->handleRequest(null, Object(Config\Cache), false)
 4 FCPATH/index.php(67): CodeIgniter\CodeIgniter->run()
CRITICAL - 2022-11-28 08:52:10 --> Class "App\Models\LoginAdmin" not found
in APPPATH/Controllers/Login.php on line 17.
 1 SYSTEMPATH/CodeIgniter.php(927): App\Controllers\Login->auth()
 2 SYSTEMPATH/CodeIgniter.php(482): CodeIgniter\CodeIgniter->runController(Object(App\Controllers\Login))
 3 SYSTEMPATH/CodeIgniter.php(351): CodeIgniter\CodeIgniter->handleRequest(null, Object(Config\Cache), false)
 4 FCPATH/index.php(67): CodeIgniter\CodeIgniter->run()
CRITICAL - 2022-11-28 08:52:14 --> Class "App\Models\LoginAdmin" not found
in APPPATH/Controllers/Login.php on line 17.
 1 SYSTEMPATH/CodeIgniter.php(927): App\Controllers\Login->auth()
 2 SYSTEMPATH/CodeIgniter.php(482): CodeIgniter\CodeIgniter->runController(Object(App\Controllers\Login))
 3 SYSTEMPATH/CodeIgniter.php(351): CodeIgniter\CodeIgniter->handleRequest(null, Object(Config\Cache), false)
 4 FCPATH/index.php(67): CodeIgniter\CodeIgniter->run()
CRITICAL - 2022-11-28 08:53:34 --> Class "App\Controllers\MLoginAdmin" not found
in APPPATH/Controllers/Login.php on line 17.
 1 SYSTEMPATH/CodeIgniter.php(927): App\Controllers\Login->auth()
 2 SYSTEMPATH/CodeIgniter.php(482): CodeIgniter\CodeIgniter->runController(Object(App\Controllers\Login))
 3 SYSTEMPATH/CodeIgniter.php(351): CodeIgniter\CodeIgniter->handleRequest(null, Object(Config\Cache), false)
 4 FCPATH/index.php(67): CodeIgniter\CodeIgniter->run()
CRITICAL - 2022-11-28 08:58:35 --> Invalid file: login.php
in SYSTEMPATH/Exceptions/FrameworkException.php on line 33.
 1 SYSTEMPATH/View/View.php(201): CodeIgniter\Exceptions\FrameworkException::forInvalidFile('login.php')
 2 SYSTEMPATH/Common.php(1134): CodeIgniter\View\View->render('login', [], true)
 3 APPPATH/Controllers/Login.php(11): view('login')
 4 SYSTEMPATH/CodeIgniter.php(927): App\Controllers\Login->index()
 5 SYSTEMPATH/CodeIgniter.php(482): CodeIgniter\CodeIgniter->runController(Object(App\Controllers\Login))
 6 SYSTEMPATH/CodeIgniter.php(351): CodeIgniter\CodeIgniter->handleRequest(null, Object(Config\Cache), false)
 7 FCPATH/index.php(67): CodeIgniter\CodeIgniter->run()
CRITICAL - 2022-11-28 08:58:47 --> Invalid file: login/admin.php
in SYSTEMPATH/Exceptions/FrameworkException.php on line 33.
 1 SYSTEMPATH/View/View.php(201): CodeIgniter\Exceptions\FrameworkException::forInvalidFile('login/admin.php')
 2 SYSTEMPATH/Common.php(1134): CodeIgniter\View\View->render('login/admin', [], true)
 3 APPPATH/Controllers/Login.php(11): view('login/admin')
 4 SYSTEMPATH/CodeIgniter.php(927): App\Controllers\Login->index()
 5 SYSTEMPATH/CodeIgniter.php(482): CodeIgniter\CodeIgniter->runController(Object(App\Controllers\Login))
 6 SYSTEMPATH/CodeIgniter.php(351): CodeIgniter\CodeIgniter->handleRequest(null, Object(Config\Cache), false)
 7 FCPATH/index.php(67): CodeIgniter\CodeIgniter->run()
CRITICAL - 2022-11-28 08:59:00 --> Invalid file: login/admin_admin.php
in SYSTEMPATH/Exceptions/FrameworkException.php on line 33.
 1 SYSTEMPATH/View/View.php(201): CodeIgniter\Exceptions\FrameworkException::forInvalidFile('login/admin_admin.php')
 2 SYSTEMPATH/Common.php(1134): CodeIgniter\View\View->render('login/admin_admin', [], true)
 3 APPPATH/Controllers/Login.php(11): view('login/admin_admin')
 4 SYSTEMPATH/CodeIgniter.php(927): App\Controllers\Login->index()
 5 SYSTEMPATH/CodeIgniter.php(482): CodeIgniter\CodeIgniter->runController(Object(App\Controllers\Login))
 6 SYSTEMPATH/CodeIgniter.php(351): CodeIgniter\CodeIgniter->handleRequest(null, Object(Config\Cache), false)
 7 FCPATH/index.php(67): CodeIgniter\CodeIgniter->run()
CRITICAL - 2022-11-28 09:08:58 --> Class "App\Controllers\LoginAdmin" not found
in APPPATH/Controllers/Login.php on line 17.
 1 SYSTEMPATH/CodeIgniter.php(927): App\Controllers\Login->auth()
 2 SYSTEMPATH/CodeIgniter.php(482): CodeIgniter\CodeIgniter->runController(Object(App\Controllers\Login))
 3 SYSTEMPATH/CodeIgniter.php(351): CodeIgniter\CodeIgniter->handleRequest(null, Object(Config\Cache), false)
 4 FCPATH/index.php(67): CodeIgniter\CodeIgniter->run()
