CRITICAL - 2022-12-22 08:09:50 --> Too few arguments to function CodeIgniter\Router\RouteCollection::get(), 1 passed in C:\xampp\htdocs\travelight\app\Config\Routes.php on line 76 and at least 2 expected
in SYSTEMPATH\Router\RouteCollection.php on line 884.
 1 APPPATH\Config\Routes.php(76): CodeIgniter\Router\RouteCollection->get('/orders')
 2 SYSTEMPATH\CodeIgniter.php(789): require('APPPATH\\Config\\Routes.php')
 3 SYSTEMPATH\CodeIgniter.php(430): CodeIgniter\CodeIgniter->tryToRouteIt(Object(CodeIgniter\Router\RouteCollection))
 4 SYSTEMPATH\CodeIgniter.php(351): CodeIgniter\CodeIgniter->handleRequest(null, Object(Config\Cache), false)
 5 FCPATH\index.php(67): CodeIgniter\CodeIgniter->run()
CRITICAL - 2022-12-22 08:09:50 --> Too few arguments to function CodeIgniter\Router\RouteCollection::get(), 1 passed in C:\xampp\htdocs\travelight\app\Config\Routes.php on line 76 and at least 2 expected
in SYSTEMPATH\Router\RouteCollection.php on line 884.
 1 APPPATH\Config\Routes.php(76): CodeIgniter\Router\RouteCollection->get('/orders')
 2 SYSTEMPATH\CodeIgniter.php(789): require('APPPATH\\Config\\Routes.php')
 3 SYSTEMPATH\CodeIgniter.php(430): CodeIgniter\CodeIgniter->tryToRouteIt(Object(CodeIgniter\Router\RouteCollection))
 4 SYSTEMPATH\CodeIgniter.php(351): CodeIgniter\CodeIgniter->handleRequest(null, Object(Config\Cache), false)
 5 FCPATH\index.php(67): CodeIgniter\CodeIgniter->run()
ERROR - 2022-12-22 08:34:25 --> mysqli_sql_exception: You have an error in your SQL syntax; check the manual that corresponds to your MariaDB server version for the right syntax to use near '`=` = '1'' at line 3 in C:\xampp\htdocs\travelight\system\Database\MySQLi\Connection.php:292
Stack trace:
#0 C:\xampp\htdocs\travelight\system\Database\MySQLi\Connection.php(292): mysqli->query('SELECT *\nFROM `...', 0)
#1 C:\xampp\htdocs\travelight\system\Database\BaseConnection.php(666): CodeIgniter\Database\MySQLi\Connection->execute('SELECT *\nFROM `...')
#2 C:\xampp\htdocs\travelight\system\Database\BaseConnection.php(593): CodeIgniter\Database\BaseConnection->simpleQuery('SELECT *\nFROM `...')
#3 C:\xampp\htdocs\travelight\system\Database\BaseBuilder.php(1585): CodeIgniter\Database\BaseConnection->query('SELECT *\nFROM `...', Array, false)
#4 C:\xampp\htdocs\travelight\app\Controllers\Payment.php(29): CodeIgniter\Database\BaseBuilder->get()
#5 C:\xampp\htdocs\travelight\system\CodeIgniter.php(927): App\Controllers\Payment->index()
#6 C:\xampp\htdocs\travelight\system\CodeIgniter.php(482): CodeIgniter\CodeIgniter->runController(Object(App\Controllers\Payment))
#7 C:\xampp\htdocs\travelight\system\CodeIgniter.php(351): CodeIgniter\CodeIgniter->handleRequest(NULL, Object(Config\Cache), false)
#8 C:\xampp\htdocs\travelight\public\index.php(67): CodeIgniter\CodeIgniter->run()
#9 {main}
CRITICAL - 2022-12-22 08:34:25 --> You have an error in your SQL syntax; check the manual that corresponds to your MariaDB server version for the right syntax to use near '`=` = '1'' at line 3
in SYSTEMPATH\Database\MySQLi\Connection.php on line 292.
 1 SYSTEMPATH\Database\MySQLi\Connection.php(292): mysqli->query('SELECT *
FROM `pesanan`
WHERE `idCustomer` `=` = \'1\'', 0)
 2 SYSTEMPATH\Database\BaseConnection.php(666): CodeIgniter\Database\MySQLi\Connection->execute('SELECT *
FROM `pesanan`
WHERE `idCustomer` `=` = \'1\'')
 3 SYSTEMPATH\Database\BaseConnection.php(593): CodeIgniter\Database\BaseConnection->simpleQuery('SELECT *
FROM `pesanan`
WHERE `idCustomer` `=` = \'1\'')
 4 SYSTEMPATH\Database\BaseBuilder.php(1585): CodeIgniter\Database\BaseConnection->query('SELECT *
FROM `pesanan`
WHERE `idCustomer` `=` = :idCustomer =:', [...], false)
 5 APPPATH\Controllers\Payment.php(29): CodeIgniter\Database\BaseBuilder->get()
 6 SYSTEMPATH\CodeIgniter.php(927): App\Controllers\Payment->index()
 7 SYSTEMPATH\CodeIgniter.php(482): CodeIgniter\CodeIgniter->runController(Object(App\Controllers\Payment))
 8 SYSTEMPATH\CodeIgniter.php(351): CodeIgniter\CodeIgniter->handleRequest(null, Object(Config\Cache), false)
 9 FCPATH\index.php(67): CodeIgniter\CodeIgniter->run()
CRITICAL - 2022-12-22 08:35:13 --> Cannot use object of type stdClass as array
in APPPATH\Views\orders.php on line 20.
 1 SYSTEMPATH\View\View.php(213): include()
 2 SYSTEMPATH\View\View.php(216): CodeIgniter\View\View->CodeIgniter\View\{closure}()
 3 SYSTEMPATH\Common.php(1134): CodeIgniter\View\View->render('orders', [], true)
 4 APPPATH\Controllers\Payment.php(30): view('orders', [...])
 5 SYSTEMPATH\CodeIgniter.php(927): App\Controllers\Payment->index()
 6 SYSTEMPATH\CodeIgniter.php(482): CodeIgniter\CodeIgniter->runController(Object(App\Controllers\Payment))
 7 SYSTEMPATH\CodeIgniter.php(351): CodeIgniter\CodeIgniter->handleRequest(null, Object(Config\Cache), false)
 8 FCPATH\index.php(67): CodeIgniter\CodeIgniter->run()
CRITICAL - 2022-12-22 08:36:01 --> Cannot use object of type stdClass as array
in APPPATH\Views\orders.php on line 20.
 1 SYSTEMPATH\View\View.php(213): include()
 2 SYSTEMPATH\View\View.php(216): CodeIgniter\View\View->CodeIgniter\View\{closure}()
 3 SYSTEMPATH\Common.php(1134): CodeIgniter\View\View->render('orders', [], true)
 4 APPPATH\Controllers\Payment.php(30): view('orders', [...])
 5 SYSTEMPATH\CodeIgniter.php(927): App\Controllers\Payment->index()
 6 SYSTEMPATH\CodeIgniter.php(482): CodeIgniter\CodeIgniter->runController(Object(App\Controllers\Payment))
 7 SYSTEMPATH\CodeIgniter.php(351): CodeIgniter\CodeIgniter->handleRequest(null, Object(Config\Cache), false)
 8 FCPATH\index.php(67): CodeIgniter\CodeIgniter->run()
CRITICAL - 2022-12-22 08:36:32 --> Cannot use object of type stdClass as array
in APPPATH\Views\orders.php on line 20.
 1 SYSTEMPATH\View\View.php(213): include()
 2 SYSTEMPATH\View\View.php(216): CodeIgniter\View\View->CodeIgniter\View\{closure}()
 3 SYSTEMPATH\Common.php(1134): CodeIgniter\View\View->render('orders', [], true)
 4 APPPATH\Controllers\Payment.php(30): view('orders', [...])
 5 SYSTEMPATH\CodeIgniter.php(927): App\Controllers\Payment->index()
 6 SYSTEMPATH\CodeIgniter.php(482): CodeIgniter\CodeIgniter->runController(Object(App\Controllers\Payment))
 7 SYSTEMPATH\CodeIgniter.php(351): CodeIgniter\CodeIgniter->handleRequest(null, Object(Config\Cache), false)
 8 FCPATH\index.php(67): CodeIgniter\CodeIgniter->run()
CRITICAL - 2022-12-22 08:37:42 --> json_decode(): Argument #1 ($json) must be of type string, stdClass given
in APPPATH\Views\orders.php on line 17.
 1 APPPATH\Views\orders.php(17): json_decode(Object(stdClass), true)
 2 SYSTEMPATH\View\View.php(213): include('APPPATH\\Views\\orders.php')
 3 SYSTEMPATH\View\View.php(216): CodeIgniter\View\View->CodeIgniter\View\{closure}()
 4 SYSTEMPATH\Common.php(1134): CodeIgniter\View\View->render('orders', [], true)
 5 APPPATH\Controllers\Payment.php(30): view('orders', [...])
 6 SYSTEMPATH\CodeIgniter.php(927): App\Controllers\Payment->index()
 7 SYSTEMPATH\CodeIgniter.php(482): CodeIgniter\CodeIgniter->runController(Object(App\Controllers\Payment))
 8 SYSTEMPATH\CodeIgniter.php(351): CodeIgniter\CodeIgniter->handleRequest(null, Object(Config\Cache), false)
 9 FCPATH\index.php(67): CodeIgniter\CodeIgniter->run()
CRITICAL - 2022-12-22 08:38:27 --> json_decode(): Argument #1 ($json) must be of type string, stdClass given
in APPPATH\Views\orders.php on line 17.
 1 APPPATH\Views\orders.php(17): json_decode(Object(stdClass))
 2 SYSTEMPATH\View\View.php(213): include('APPPATH\\Views\\orders.php')
 3 SYSTEMPATH\View\View.php(216): CodeIgniter\View\View->CodeIgniter\View\{closure}()
 4 SYSTEMPATH\Common.php(1134): CodeIgniter\View\View->render('orders', [], true)
 5 APPPATH\Controllers\Payment.php(30): view('orders', [...])
 6 SYSTEMPATH\CodeIgniter.php(927): App\Controllers\Payment->index()
 7 SYSTEMPATH\CodeIgniter.php(482): CodeIgniter\CodeIgniter->runController(Object(App\Controllers\Payment))
 8 SYSTEMPATH\CodeIgniter.php(351): CodeIgniter\CodeIgniter->handleRequest(null, Object(Config\Cache), false)
 9 FCPATH\index.php(67): CodeIgniter\CodeIgniter->run()
CRITICAL - 2022-12-22 08:38:27 --> json_decode(): Argument #1 ($json) must be of type string, stdClass given
in APPPATH\Views\orders.php on line 17.
 1 APPPATH\Views\orders.php(17): json_decode(Object(stdClass))
 2 SYSTEMPATH\View\View.php(213): include('APPPATH\\Views\\orders.php')
 3 SYSTEMPATH\View\View.php(216): CodeIgniter\View\View->CodeIgniter\View\{closure}()
 4 SYSTEMPATH\Common.php(1134): CodeIgniter\View\View->render('orders', [], true)
 5 APPPATH\Controllers\Payment.php(30): view('orders', [...])
 6 SYSTEMPATH\CodeIgniter.php(927): App\Controllers\Payment->index()
 7 SYSTEMPATH\CodeIgniter.php(482): CodeIgniter\CodeIgniter->runController(Object(App\Controllers\Payment))
 8 SYSTEMPATH\CodeIgniter.php(351): CodeIgniter\CodeIgniter->handleRequest(null, Object(Config\Cache), false)
 9 FCPATH\index.php(67): CodeIgniter\CodeIgniter->run()
CRITICAL - 2022-12-22 08:41:29 --> Undefined variable $idCustomer
in APPPATH\Controllers\Product.php on line 36.
 1 APPPATH\Controllers\Product.php(36): CodeIgniter\Debug\Exceptions->errorHandler(2, 'Undefined variable $idCustomer', 'APPPATH\\Controllers\\Product.php', 36)
 2 SYSTEMPATH\CodeIgniter.php(927): App\Controllers\Product->index()
 3 SYSTEMPATH\CodeIgniter.php(482): CodeIgniter\CodeIgniter->runController(Object(App\Controllers\Product))
 4 SYSTEMPATH\CodeIgniter.php(351): CodeIgniter\CodeIgniter->handleRequest(null, Object(Config\Cache), false)
 5 FCPATH\index.php(67): CodeIgniter\CodeIgniter->run()
CRITICAL - 2022-12-22 08:42:57 --> Undefined variable $idCustomer
in APPPATH\Controllers\Product.php on line 36.
 1 APPPATH\Controllers\Product.php(36): CodeIgniter\Debug\Exceptions->errorHandler(2, 'Undefined variable $idCustomer', 'APPPATH\\Controllers\\Product.php', 36)
 2 SYSTEMPATH\CodeIgniter.php(927): App\Controllers\Product->index()
 3 SYSTEMPATH\CodeIgniter.php(482): CodeIgniter\CodeIgniter->runController(Object(App\Controllers\Product))
 4 SYSTEMPATH\CodeIgniter.php(351): CodeIgniter\CodeIgniter->handleRequest(null, Object(Config\Cache), false)
 5 FCPATH\index.php(67): CodeIgniter\CodeIgniter->run()
ERROR - 2022-12-22 08:43:08 --> mysqli_sql_exception: Table 'travelight.product' doesn't exist in C:\xampp\htdocs\travelight\system\Database\MySQLi\Connection.php:292
Stack trace:
#0 C:\xampp\htdocs\travelight\system\Database\MySQLi\Connection.php(292): mysqli->query('SELECT *\nFROM `...', 0)
#1 C:\xampp\htdocs\travelight\system\Database\BaseConnection.php(666): CodeIgniter\Database\MySQLi\Connection->execute('SELECT *\nFROM `...')
#2 C:\xampp\htdocs\travelight\system\Database\BaseConnection.php(593): CodeIgniter\Database\BaseConnection->simpleQuery('SELECT *\nFROM `...')
#3 C:\xampp\htdocs\travelight\system\Database\BaseBuilder.php(1585): CodeIgniter\Database\BaseConnection->query('SELECT *\nFROM `...', Array, false)
#4 C:\xampp\htdocs\travelight\app\Controllers\Product.php(36): CodeIgniter\Database\BaseBuilder->get()
#5 C:\xampp\htdocs\travelight\system\CodeIgniter.php(927): App\Controllers\Product->index()
#6 C:\xampp\htdocs\travelight\system\CodeIgniter.php(482): CodeIgniter\CodeIgniter->runController(Object(App\Controllers\Product))
#7 C:\xampp\htdocs\travelight\system\CodeIgniter.php(351): CodeIgniter\CodeIgniter->handleRequest(NULL, Object(Config\Cache), false)
#8 C:\xampp\htdocs\travelight\public\index.php(67): CodeIgniter\CodeIgniter->run()
#9 {main}
CRITICAL - 2022-12-22 08:43:08 --> Table 'travelight.product' doesn't exist
in SYSTEMPATH\Database\MySQLi\Connection.php on line 292.
 1 SYSTEMPATH\Database\MySQLi\Connection.php(292): mysqli->query('SELECT *
FROM `product`
WHERE `idPemilikHotel` IS NULL', 0)
 2 SYSTEMPATH\Database\BaseConnection.php(666): CodeIgniter\Database\MySQLi\Connection->execute('SELECT *
FROM `product`
WHERE `idPemilikHotel` IS NULL')
 3 SYSTEMPATH\Database\BaseConnection.php(593): CodeIgniter\Database\BaseConnection->simpleQuery('SELECT *
FROM `product`
WHERE `idPemilikHotel` IS NULL')
 4 SYSTEMPATH\Database\BaseBuilder.php(1585): CodeIgniter\Database\BaseConnection->query('SELECT *
FROM `product`
WHERE `idPemilikHotel` IS NULL', [], false)
 5 APPPATH\Controllers\Product.php(36): CodeIgniter\Database\BaseBuilder->get()
 6 SYSTEMPATH\CodeIgniter.php(927): App\Controllers\Product->index()
 7 SYSTEMPATH\CodeIgniter.php(482): CodeIgniter\CodeIgniter->runController(Object(App\Controllers\Product))
 8 SYSTEMPATH\CodeIgniter.php(351): CodeIgniter\CodeIgniter->handleRequest(null, Object(Config\Cache), false)
 9 FCPATH\index.php(67): CodeIgniter\CodeIgniter->run()
CRITICAL - 2022-12-22 09:00:09 --> Undefined property: App\Controllers\Payment::$pesanan
in APPPATH\Controllers\Payment.php on line 35.
 1 APPPATH\Controllers\Payment.php(35): CodeIgniter\Debug\Exceptions->errorHandler(2, 'Undefined property: App\\Controllers\\Payment::$pesanan', 'APPPATH\\Controllers\\Payment.php', 35)
 2 SYSTEMPATH\CodeIgniter.php(927): App\Controllers\Payment->bayar('9')
 3 SYSTEMPATH\CodeIgniter.php(482): CodeIgniter\CodeIgniter->runController(Object(App\Controllers\Payment))
 4 SYSTEMPATH\CodeIgniter.php(351): CodeIgniter\CodeIgniter->handleRequest(null, Object(Config\Cache), false)
 5 FCPATH\index.php(67): CodeIgniter\CodeIgniter->run()
CRITICAL - 2022-12-22 09:01:17 --> Undefined variable $room
in APPPATH\Views\pay_view.php on line 24.
 1 APPPATH\Views\pay_view.php(24): CodeIgniter\Debug\Exceptions->errorHandler(2, 'Undefined variable $room', 'APPPATH\\Views\\pay_view.php', 24)
 2 SYSTEMPATH\View\View.php(213): include('APPPATH\\Views\\pay_view.php')
 3 SYSTEMPATH\View\View.php(216): CodeIgniter\View\View->CodeIgniter\View\{closure}()
 4 SYSTEMPATH\Common.php(1134): CodeIgniter\View\View->render('pay_view', [], true)
 5 APPPATH\Controllers\Payment.php(40): view('pay_view', [...])
 6 SYSTEMPATH\CodeIgniter.php(927): App\Controllers\Payment->bayar('9')
 7 SYSTEMPATH\CodeIgniter.php(482): CodeIgniter\CodeIgniter->runController(Object(App\Controllers\Payment))
 8 SYSTEMPATH\CodeIgniter.php(351): CodeIgniter\CodeIgniter->handleRequest(null, Object(Config\Cache), false)
 9 FCPATH\index.php(67): CodeIgniter\CodeIgniter->run()
CRITICAL - 2022-12-22 09:07:24 --> Undefined array key "status"
in APPPATH\Views\orders.php on line 18.
 1 APPPATH\Views\orders.php(18): CodeIgniter\Debug\Exceptions->errorHandler(2, 'Undefined array key "status"', 'APPPATH\\Views\\orders.php', 18)
 2 SYSTEMPATH\View\View.php(213): include('APPPATH\\Views\\orders.php')
 3 SYSTEMPATH\View\View.php(216): CodeIgniter\View\View->CodeIgniter\View\{closure}()
 4 SYSTEMPATH\Common.php(1134): CodeIgniter\View\View->render('orders', [], true)
 5 APPPATH\Controllers\Payment.php(30): view('orders', [...])
 6 SYSTEMPATH\CodeIgniter.php(927): App\Controllers\Payment->index()
 7 SYSTEMPATH\CodeIgniter.php(482): CodeIgniter\CodeIgniter->runController(Object(App\Controllers\Payment))
 8 SYSTEMPATH\CodeIgniter.php(351): CodeIgniter\CodeIgniter->handleRequest(null, Object(Config\Cache), false)
 9 FCPATH\index.php(67): CodeIgniter\CodeIgniter->run()
CRITICAL - 2022-12-22 09:07:40 --> Undefined variable $room
in APPPATH\Views\pay_view.php on line 31.
 1 APPPATH\Views\pay_view.php(31): CodeIgniter\Debug\Exceptions->errorHandler(2, 'Undefined variable $room', 'APPPATH\\Views\\pay_view.php', 31)
 2 SYSTEMPATH\View\View.php(213): include('APPPATH\\Views\\pay_view.php')
 3 SYSTEMPATH\View\View.php(216): CodeIgniter\View\View->CodeIgniter\View\{closure}()
 4 SYSTEMPATH\Common.php(1134): CodeIgniter\View\View->render('pay_view', [], true)
 5 APPPATH\Controllers\Payment.php(40): view('pay_view', [...])
 6 SYSTEMPATH\CodeIgniter.php(927): App\Controllers\Payment->bayar('9')
 7 SYSTEMPATH\CodeIgniter.php(482): CodeIgniter\CodeIgniter->runController(Object(App\Controllers\Payment))
 8 SYSTEMPATH\CodeIgniter.php(351): CodeIgniter\CodeIgniter->handleRequest(null, Object(Config\Cache), false)
 9 FCPATH\index.php(67): CodeIgniter\CodeIgniter->run()
CRITICAL - 2022-12-22 10:31:47 --> Undefined variable $product
in APPPATH\Views\verif_view.php on line 22.
 1 APPPATH\Views\verif_view.php(22): CodeIgniter\Debug\Exceptions->errorHandler(2, 'Undefined variable $product', 'APPPATH\\Views\\verif_view.php', 22)
 2 SYSTEMPATH\View\View.php(213): include('APPPATH\\Views\\verif_view.php')
 3 SYSTEMPATH\View\View.php(216): CodeIgniter\View\View->CodeIgniter\View\{closure}()
 4 SYSTEMPATH\Common.php(1134): CodeIgniter\View\View->render('verif_view', [], true)
 5 APPPATH\Controllers\VerifPayment.php(36): view('verif_view', [...])
 6 SYSTEMPATH\CodeIgniter.php(927): App\Controllers\VerifPayment->verif('1')
 7 SYSTEMPATH\CodeIgniter.php(482): CodeIgniter\CodeIgniter->runController(Object(App\Controllers\VerifPayment))
 8 SYSTEMPATH\CodeIgniter.php(351): CodeIgniter\CodeIgniter->handleRequest(null, Object(Config\Cache), false)
 9 FCPATH\index.php(67): CodeIgniter\CodeIgniter->run()
