CRITICAL - 2023-01-05 08:19:44 --> Undefined variable $prod
in APPPATH\Views\products_view.php on line 56.
 1 APPPATH\Views\products_view.php(56): CodeIgniter\Debug\Exceptions->errorHandler(2, 'Undefined variable $prod', 'APPPATH\\Views\\products_view.php', 56)
 2 SYSTEMPATH\View\View.php(213): include('APPPATH\\Views\\products_view.php')
 3 SYSTEMPATH\View\View.php(216): CodeIgniter\View\View->CodeIgniter\View\{closure}()
 4 SYSTEMPATH\Common.php(1134): CodeIgniter\View\View->render('products_view', [], true)
 5 APPPATH\Controllers\Dashboard.php(40): view('products_view', [...])
 6 SYSTEMPATH\CodeIgniter.php(927): App\Controllers\Dashboard->view('11')
 7 SYSTEMPATH\CodeIgniter.php(482): CodeIgniter\CodeIgniter->runController(Object(App\Controllers\Dashboard))
 8 SYSTEMPATH\CodeIgniter.php(351): CodeIgniter\CodeIgniter->handleRequest(null, Object(Config\Cache), false)
 9 FCPATH\index.php(67): CodeIgniter\CodeIgniter->run()
CRITICAL - 2023-01-05 10:49:26 --> Undefined variable $room
in APPPATH\Views\book_view.php on line 66.
 1 APPPATH\Views\book_view.php(66): CodeIgniter\Debug\Exceptions->errorHandler(2, 'Undefined variable $room', 'APPPATH\\Views\\book_view.php', 66)
 2 SYSTEMPATH\View\View.php(213): include('APPPATH\\Views\\book_view.php')
 3 SYSTEMPATH\View\View.php(216): CodeIgniter\View\View->CodeIgniter\View\{closure}()
 4 SYSTEMPATH\Common.php(1134): CodeIgniter\View\View->render('book_view', [], true)
 5 APPPATH\Controllers\Booking.php(92): view('book_view', [...])
 6 SYSTEMPATH\CodeIgniter.php(927): App\Controllers\Booking->save_pesan('14')
 7 SYSTEMPATH\CodeIgniter.php(482): CodeIgniter\CodeIgniter->runController(Object(App\Controllers\Booking))
 8 SYSTEMPATH\CodeIgniter.php(351): CodeIgniter\CodeIgniter->handleRequest(null, Object(Config\Cache), false)
 9 FCPATH\index.php(67): CodeIgniter\CodeIgniter->run()
CRITICAL - 2023-01-05 10:50:03 --> Undefined variable $room
in APPPATH\Views\book_view.php on line 66.
 1 APPPATH\Views\book_view.php(66): CodeIgniter\Debug\Exceptions->errorHandler(2, 'Undefined variable $room', 'APPPATH\\Views\\book_view.php', 66)
 2 SYSTEMPATH\View\View.php(213): include('APPPATH\\Views\\book_view.php')
 3 SYSTEMPATH\View\View.php(216): CodeIgniter\View\View->CodeIgniter\View\{closure}()
 4 SYSTEMPATH\Common.php(1134): CodeIgniter\View\View->render('book_view', [], true)
 5 APPPATH\Controllers\Booking.php(92): view('book_view', [...])
 6 SYSTEMPATH\CodeIgniter.php(927): App\Controllers\Booking->save_pesan('14')
 7 SYSTEMPATH\CodeIgniter.php(482): CodeIgniter\CodeIgniter->runController(Object(App\Controllers\Booking))
 8 SYSTEMPATH\CodeIgniter.php(351): CodeIgniter\CodeIgniter->handleRequest(null, Object(Config\Cache), false)
 9 FCPATH\index.php(67): CodeIgniter\CodeIgniter->run()
CRITICAL - 2023-01-05 10:50:23 --> Undefined variable $room
in APPPATH\Views\book_view.php on line 66.
 1 APPPATH\Views\book_view.php(66): CodeIgniter\Debug\Exceptions->errorHandler(2, 'Undefined variable $room', 'APPPATH\\Views\\book_view.php', 66)
 2 SYSTEMPATH\View\View.php(213): include('APPPATH\\Views\\book_view.php')
 3 SYSTEMPATH\View\View.php(216): CodeIgniter\View\View->CodeIgniter\View\{closure}()
 4 SYSTEMPATH\Common.php(1134): CodeIgniter\View\View->render('book_view', [], true)
 5 APPPATH\Controllers\Booking.php(92): view('book_view', [...])
 6 SYSTEMPATH\CodeIgniter.php(927): App\Controllers\Booking->save_pesan('14')
 7 SYSTEMPATH\CodeIgniter.php(482): CodeIgniter\CodeIgniter->runController(Object(App\Controllers\Booking))
 8 SYSTEMPATH\CodeIgniter.php(351): CodeIgniter\CodeIgniter->handleRequest(null, Object(Config\Cache), false)
 9 FCPATH\index.php(67): CodeIgniter\CodeIgniter->run()
CRITICAL - 2023-01-05 10:50:54 --> Undefined variable $room
in APPPATH\Views\book_view.php on line 66.
 1 APPPATH\Views\book_view.php(66): CodeIgniter\Debug\Exceptions->errorHandler(2, 'Undefined variable $room', 'APPPATH\\Views\\book_view.php', 66)
 2 SYSTEMPATH\View\View.php(213): include('APPPATH\\Views\\book_view.php')
 3 SYSTEMPATH\View\View.php(216): CodeIgniter\View\View->CodeIgniter\View\{closure}()
 4 SYSTEMPATH\Common.php(1134): CodeIgniter\View\View->render('book_view', [], true)
 5 APPPATH\Controllers\Booking.php(92): view('book_view', [...])
 6 SYSTEMPATH\CodeIgniter.php(927): App\Controllers\Booking->save_pesan('14')
 7 SYSTEMPATH\CodeIgniter.php(482): CodeIgniter\CodeIgniter->runController(Object(App\Controllers\Booking))
 8 SYSTEMPATH\CodeIgniter.php(351): CodeIgniter\CodeIgniter->handleRequest(null, Object(Config\Cache), false)
 9 FCPATH\index.php(67): CodeIgniter\CodeIgniter->run()
CRITICAL - 2023-01-05 10:52:39 --> Undefined variable $room
in APPPATH\Views\book_view.php on line 66.
 1 APPPATH\Views\book_view.php(66): CodeIgniter\Debug\Exceptions->errorHandler(2, 'Undefined variable $room', 'APPPATH\\Views\\book_view.php', 66)
 2 SYSTEMPATH\View\View.php(213): include('APPPATH\\Views\\book_view.php')
 3 SYSTEMPATH\View\View.php(216): CodeIgniter\View\View->CodeIgniter\View\{closure}()
 4 SYSTEMPATH\Common.php(1134): CodeIgniter\View\View->render('book_view', [], true)
 5 APPPATH\Controllers\Booking.php(92): view('book_view', [...])
 6 SYSTEMPATH\CodeIgniter.php(927): App\Controllers\Booking->save_pesan('14')
 7 SYSTEMPATH\CodeIgniter.php(482): CodeIgniter\CodeIgniter->runController(Object(App\Controllers\Booking))
 8 SYSTEMPATH\CodeIgniter.php(351): CodeIgniter\CodeIgniter->handleRequest(null, Object(Config\Cache), false)
 9 FCPATH\index.php(67): CodeIgniter\CodeIgniter->run()
CRITICAL - 2023-01-05 12:17:47 --> Undefined variable $order
in APPPATH\Views\pay_view.php on line 59.
 1 APPPATH\Views\pay_view.php(59): CodeIgniter\Debug\Exceptions->errorHandler(2, 'Undefined variable $order', 'APPPATH\\Views\\pay_view.php', 59)
 2 SYSTEMPATH\View\View.php(213): include('APPPATH\\Views\\pay_view.php')
 3 SYSTEMPATH\View\View.php(216): CodeIgniter\View\View->CodeIgniter\View\{closure}()
 4 SYSTEMPATH\Common.php(1134): CodeIgniter\View\View->render('pay_view', [], true)
 5 APPPATH\Controllers\Payment.php(75): view('pay_view', [...])
 6 SYSTEMPATH\CodeIgniter.php(927): App\Controllers\Payment->save_bayar('14')
 7 SYSTEMPATH\CodeIgniter.php(482): CodeIgniter\CodeIgniter->runController(Object(App\Controllers\Payment))
 8 SYSTEMPATH\CodeIgniter.php(351): CodeIgniter\CodeIgniter->handleRequest(null, Object(Config\Cache), false)
 9 FCPATH\index.php(67): CodeIgniter\CodeIgniter->run()
CRITICAL - 2023-01-05 12:17:53 --> Undefined variable $order
in APPPATH\Views\pay_view.php on line 59.
 1 APPPATH\Views\pay_view.php(59): CodeIgniter\Debug\Exceptions->errorHandler(2, 'Undefined variable $order', 'APPPATH\\Views\\pay_view.php', 59)
 2 SYSTEMPATH\View\View.php(213): include('APPPATH\\Views\\pay_view.php')
 3 SYSTEMPATH\View\View.php(216): CodeIgniter\View\View->CodeIgniter\View\{closure}()
 4 SYSTEMPATH\Common.php(1134): CodeIgniter\View\View->render('pay_view', [], true)
 5 APPPATH\Controllers\Payment.php(75): view('pay_view', [...])
 6 SYSTEMPATH\CodeIgniter.php(927): App\Controllers\Payment->save_bayar('14')
 7 SYSTEMPATH\CodeIgniter.php(482): CodeIgniter\CodeIgniter->runController(Object(App\Controllers\Payment))
 8 SYSTEMPATH\CodeIgniter.php(351): CodeIgniter\CodeIgniter->handleRequest(null, Object(Config\Cache), false)
 9 FCPATH\index.php(67): CodeIgniter\CodeIgniter->run()
CRITICAL - 2023-01-05 12:17:58 --> Undefined variable $order
in APPPATH\Views\pay_view.php on line 59.
 1 APPPATH\Views\pay_view.php(59): CodeIgniter\Debug\Exceptions->errorHandler(2, 'Undefined variable $order', 'APPPATH\\Views\\pay_view.php', 59)
 2 SYSTEMPATH\View\View.php(213): include('APPPATH\\Views\\pay_view.php')
 3 SYSTEMPATH\View\View.php(216): CodeIgniter\View\View->CodeIgniter\View\{closure}()
 4 SYSTEMPATH\Common.php(1134): CodeIgniter\View\View->render('pay_view', [], true)
 5 APPPATH\Controllers\Payment.php(75): view('pay_view', [...])
 6 SYSTEMPATH\CodeIgniter.php(927): App\Controllers\Payment->save_bayar('14')
 7 SYSTEMPATH\CodeIgniter.php(482): CodeIgniter\CodeIgniter->runController(Object(App\Controllers\Payment))
 8 SYSTEMPATH\CodeIgniter.php(351): CodeIgniter\CodeIgniter->handleRequest(null, Object(Config\Cache), false)
 9 FCPATH\index.php(67): CodeIgniter\CodeIgniter->run()
CRITICAL - 2023-01-05 12:30:19 --> Undefined variable $order
in APPPATH\Views\pay_view.php on line 59.
 1 APPPATH\Views\pay_view.php(59): CodeIgniter\Debug\Exceptions->errorHandler(2, 'Undefined variable $order', 'APPPATH\\Views\\pay_view.php', 59)
 2 SYSTEMPATH\View\View.php(213): include('APPPATH\\Views\\pay_view.php')
 3 SYSTEMPATH\View\View.php(216): CodeIgniter\View\View->CodeIgniter\View\{closure}()
 4 SYSTEMPATH\Common.php(1134): CodeIgniter\View\View->render('pay_view', [], true)
 5 APPPATH\Controllers\Payment.php(75): view('pay_view', [...])
 6 SYSTEMPATH\CodeIgniter.php(927): App\Controllers\Payment->save_bayar('14')
 7 SYSTEMPATH\CodeIgniter.php(482): CodeIgniter\CodeIgniter->runController(Object(App\Controllers\Payment))
 8 SYSTEMPATH\CodeIgniter.php(351): CodeIgniter\CodeIgniter->handleRequest(null, Object(Config\Cache), false)
 9 FCPATH\index.php(67): CodeIgniter\CodeIgniter->run()
CRITICAL - 2023-01-05 12:36:13 --> Undefined variable $room
in APPPATH\Views\book_view.php on line 61.
 1 APPPATH\Views\book_view.php(61): CodeIgniter\Debug\Exceptions->errorHandler(2, 'Undefined variable $room', 'APPPATH\\Views\\book_view.php', 61)
 2 SYSTEMPATH\View\View.php(213): include('APPPATH\\Views\\book_view.php')
 3 SYSTEMPATH\View\View.php(216): CodeIgniter\View\View->CodeIgniter\View\{closure}()
 4 SYSTEMPATH\Common.php(1134): CodeIgniter\View\View->render('book_view', [], true)
 5 APPPATH\Controllers\Booking.php(92): view('book_view', [...])
 6 SYSTEMPATH\CodeIgniter.php(927): App\Controllers\Booking->save_pesan('15')
 7 SYSTEMPATH\CodeIgniter.php(482): CodeIgniter\CodeIgniter->runController(Object(App\Controllers\Booking))
 8 SYSTEMPATH\CodeIgniter.php(351): CodeIgniter\CodeIgniter->handleRequest(null, Object(Config\Cache), false)
 9 FCPATH\index.php(67): CodeIgniter\CodeIgniter->run()
CRITICAL - 2023-01-05 13:24:22 --> Call to undefined method CodeIgniter\Database\MySQLi\Builder::order_by()
in APPPATH\Controllers\Payment.php on line 30.
 1 SYSTEMPATH\CodeIgniter.php(927): App\Controllers\Payment->index()
 2 SYSTEMPATH\CodeIgniter.php(482): CodeIgniter\CodeIgniter->runController(Object(App\Controllers\Payment))
 3 SYSTEMPATH\CodeIgniter.php(351): CodeIgniter\CodeIgniter->handleRequest(null, Object(Config\Cache), false)
 4 FCPATH\index.php(67): CodeIgniter\CodeIgniter->run()
CRITICAL - 2023-01-05 13:27:15 --> Undefined variable $room
in APPPATH\Views\book_view.php on line 61.
 1 APPPATH\Views\book_view.php(61): CodeIgniter\Debug\Exceptions->errorHandler(2, 'Undefined variable $room', 'APPPATH\\Views\\book_view.php', 61)
 2 SYSTEMPATH\View\View.php(213): include('APPPATH\\Views\\book_view.php')
 3 SYSTEMPATH\View\View.php(216): CodeIgniter\View\View->CodeIgniter\View\{closure}()
 4 SYSTEMPATH\Common.php(1134): CodeIgniter\View\View->render('book_view', [], true)
 5 APPPATH\Controllers\Booking.php(92): view('book_view', [...])
 6 SYSTEMPATH\CodeIgniter.php(927): App\Controllers\Booking->save_pesan('15')
 7 SYSTEMPATH\CodeIgniter.php(482): CodeIgniter\CodeIgniter->runController(Object(App\Controllers\Booking))
 8 SYSTEMPATH\CodeIgniter.php(351): CodeIgniter\CodeIgniter->handleRequest(null, Object(Config\Cache), false)
 9 FCPATH\index.php(67): CodeIgniter\CodeIgniter->run()
CRITICAL - 2023-01-05 13:27:22 --> Undefined variable $room
in APPPATH\Views\book_view.php on line 61.
 1 APPPATH\Views\book_view.php(61): CodeIgniter\Debug\Exceptions->errorHandler(2, 'Undefined variable $room', 'APPPATH\\Views\\book_view.php', 61)
 2 SYSTEMPATH\View\View.php(213): include('APPPATH\\Views\\book_view.php')
 3 SYSTEMPATH\View\View.php(216): CodeIgniter\View\View->CodeIgniter\View\{closure}()
 4 SYSTEMPATH\Common.php(1134): CodeIgniter\View\View->render('book_view', [], true)
 5 APPPATH\Controllers\Booking.php(92): view('book_view', [...])
 6 SYSTEMPATH\CodeIgniter.php(927): App\Controllers\Booking->save_pesan('15')
 7 SYSTEMPATH\CodeIgniter.php(482): CodeIgniter\CodeIgniter->runController(Object(App\Controllers\Booking))
 8 SYSTEMPATH\CodeIgniter.php(351): CodeIgniter\CodeIgniter->handleRequest(null, Object(Config\Cache), false)
 9 FCPATH\index.php(67): CodeIgniter\CodeIgniter->run()
CRITICAL - 2023-01-05 13:27:41 --> Undefined variable $room
in APPPATH\Views\book_view.php on line 61.
 1 APPPATH\Views\book_view.php(61): CodeIgniter\Debug\Exceptions->errorHandler(2, 'Undefined variable $room', 'APPPATH\\Views\\book_view.php', 61)
 2 SYSTEMPATH\View\View.php(213): include('APPPATH\\Views\\book_view.php')
 3 SYSTEMPATH\View\View.php(216): CodeIgniter\View\View->CodeIgniter\View\{closure}()
 4 SYSTEMPATH\Common.php(1134): CodeIgniter\View\View->render('book_view', [], true)
 5 APPPATH\Controllers\Booking.php(92): view('book_view', [...])
 6 SYSTEMPATH\CodeIgniter.php(927): App\Controllers\Booking->save_pesan('15')
 7 SYSTEMPATH\CodeIgniter.php(482): CodeIgniter\CodeIgniter->runController(Object(App\Controllers\Booking))
 8 SYSTEMPATH\CodeIgniter.php(351): CodeIgniter\CodeIgniter->handleRequest(null, Object(Config\Cache), false)
 9 FCPATH\index.php(67): CodeIgniter\CodeIgniter->run()
CRITICAL - 2023-01-05 13:27:46 --> Undefined variable $room
in APPPATH\Views\book_view.php on line 61.
 1 APPPATH\Views\book_view.php(61): CodeIgniter\Debug\Exceptions->errorHandler(2, 'Undefined variable $room', 'APPPATH\\Views\\book_view.php', 61)
 2 SYSTEMPATH\View\View.php(213): include('APPPATH\\Views\\book_view.php')
 3 SYSTEMPATH\View\View.php(216): CodeIgniter\View\View->CodeIgniter\View\{closure}()
 4 SYSTEMPATH\Common.php(1134): CodeIgniter\View\View->render('book_view', [], true)
 5 APPPATH\Controllers\Booking.php(92): view('book_view', [...])
 6 SYSTEMPATH\CodeIgniter.php(927): App\Controllers\Booking->save_pesan('15')
 7 SYSTEMPATH\CodeIgniter.php(482): CodeIgniter\CodeIgniter->runController(Object(App\Controllers\Booking))
 8 SYSTEMPATH\CodeIgniter.php(351): CodeIgniter\CodeIgniter->handleRequest(null, Object(Config\Cache), false)
 9 FCPATH\index.php(67): CodeIgniter\CodeIgniter->run()
CRITICAL - 2023-01-05 13:28:17 --> Undefined variable $room
in APPPATH\Views\book_view.php on line 61.
 1 APPPATH\Views\book_view.php(61): CodeIgniter\Debug\Exceptions->errorHandler(2, 'Undefined variable $room', 'APPPATH\\Views\\book_view.php', 61)
 2 SYSTEMPATH\View\View.php(213): include('APPPATH\\Views\\book_view.php')
 3 SYSTEMPATH\View\View.php(216): CodeIgniter\View\View->CodeIgniter\View\{closure}()
 4 SYSTEMPATH\Common.php(1134): CodeIgniter\View\View->render('book_view', [], true)
 5 APPPATH\Controllers\Booking.php(92): view('book_view', [...])
 6 SYSTEMPATH\CodeIgniter.php(927): App\Controllers\Booking->save_pesan('15')
 7 SYSTEMPATH\CodeIgniter.php(482): CodeIgniter\CodeIgniter->runController(Object(App\Controllers\Booking))
 8 SYSTEMPATH\CodeIgniter.php(351): CodeIgniter\CodeIgniter->handleRequest(null, Object(Config\Cache), false)
 9 FCPATH\index.php(67): CodeIgniter\CodeIgniter->run()
CRITICAL - 2023-01-05 13:28:30 --> Undefined variable $room
in APPPATH\Views\book_view.php on line 61.
 1 APPPATH\Views\book_view.php(61): CodeIgniter\Debug\Exceptions->errorHandler(2, 'Undefined variable $room', 'APPPATH\\Views\\book_view.php', 61)
 2 SYSTEMPATH\View\View.php(213): include('APPPATH\\Views\\book_view.php')
 3 SYSTEMPATH\View\View.php(216): CodeIgniter\View\View->CodeIgniter\View\{closure}()
 4 SYSTEMPATH\Common.php(1134): CodeIgniter\View\View->render('book_view', [], true)
 5 APPPATH\Controllers\Booking.php(92): view('book_view', [...])
 6 SYSTEMPATH\CodeIgniter.php(927): App\Controllers\Booking->save_pesan('15')
 7 SYSTEMPATH\CodeIgniter.php(482): CodeIgniter\CodeIgniter->runController(Object(App\Controllers\Booking))
 8 SYSTEMPATH\CodeIgniter.php(351): CodeIgniter\CodeIgniter->handleRequest(null, Object(Config\Cache), false)
 9 FCPATH\index.php(67): CodeIgniter\CodeIgniter->run()
CRITICAL - 2023-01-05 13:29:41 --> Undefined variable $room
in APPPATH\Views\book_view.php on line 61.
 1 APPPATH\Views\book_view.php(61): CodeIgniter\Debug\Exceptions->errorHandler(2, 'Undefined variable $room', 'APPPATH\\Views\\book_view.php', 61)
 2 SYSTEMPATH\View\View.php(213): include('APPPATH\\Views\\book_view.php')
 3 SYSTEMPATH\View\View.php(216): CodeIgniter\View\View->CodeIgniter\View\{closure}()
 4 SYSTEMPATH\Common.php(1134): CodeIgniter\View\View->render('book_view', [], true)
 5 APPPATH\Controllers\Booking.php(92): view('book_view', [...])
 6 SYSTEMPATH\CodeIgniter.php(927): App\Controllers\Booking->save_pesan('15')
 7 SYSTEMPATH\CodeIgniter.php(482): CodeIgniter\CodeIgniter->runController(Object(App\Controllers\Booking))
 8 SYSTEMPATH\CodeIgniter.php(351): CodeIgniter\CodeIgniter->handleRequest(null, Object(Config\Cache), false)
 9 FCPATH\index.php(67): CodeIgniter\CodeIgniter->run()
