CRITICAL - 2022-12-07 03:24:50 --> Undefined variable $row
in APPPATH\Views\products.php on line 35.
 1 APPPATH\Views\products.php(35): CodeIgniter\Debug\Exceptions->errorHandler(2, 'Undefined variable $row', 'APPPATH\\Views\\products.php', 35)
 2 SYSTEMPATH\View\View.php(213): include('APPPATH\\Views\\products.php')
 3 SYSTEMPATH\View\View.php(216): CodeIgniter\View\View->CodeIgniter\View\{closure}()
 4 SYSTEMPATH\Common.php(1134): CodeIgniter\View\View->render('products', [], true)
 5 APPPATH\Controllers\Product.php(19): view('products', [...])
 6 SYSTEMPATH\CodeIgniter.php(927): App\Controllers\Product->index()
 7 SYSTEMPATH\CodeIgniter.php(482): CodeIgniter\CodeIgniter->runController(Object(App\Controllers\Product))
 8 SYSTEMPATH\CodeIgniter.php(351): CodeIgniter\CodeIgniter->handleRequest(null, Object(Config\Cache), false)
 9 FCPATH\index.php(67): CodeIgniter\CodeIgniter->run()
CRITICAL - 2022-12-07 03:27:13 --> Attempt to read property "idHotel" on array
in APPPATH\Views\products.php on line 35.
 1 APPPATH\Views\products.php(35): CodeIgniter\Debug\Exceptions->errorHandler(2, 'Attempt to read property "idHotel" on array', 'APPPATH\\Views\\products.php', 35)
 2 SYSTEMPATH\View\View.php(213): include('APPPATH\\Views\\products.php')
 3 SYSTEMPATH\View\View.php(216): CodeIgniter\View\View->CodeIgniter\View\{closure}()
 4 SYSTEMPATH\Common.php(1134): CodeIgniter\View\View->render('products', [], true)
 5 APPPATH\Controllers\Product.php(19): view('products', [...])
 6 SYSTEMPATH\CodeIgniter.php(927): App\Controllers\Product->index()
 7 SYSTEMPATH\CodeIgniter.php(482): CodeIgniter\CodeIgniter->runController(Object(App\Controllers\Product))
 8 SYSTEMPATH\CodeIgniter.php(351): CodeIgniter\CodeIgniter->handleRequest(null, Object(Config\Cache), false)
 9 FCPATH\index.php(67): CodeIgniter\CodeIgniter->run()
CRITICAL - 2022-12-07 03:27:21 --> Attempt to read property "idHotel" on array
in APPPATH\Views\products.php on line 35.
 1 APPPATH\Views\products.php(35): CodeIgniter\Debug\Exceptions->errorHandler(2, 'Attempt to read property "idHotel" on array', 'APPPATH\\Views\\products.php', 35)
 2 SYSTEMPATH\View\View.php(213): include('APPPATH\\Views\\products.php')
 3 SYSTEMPATH\View\View.php(216): CodeIgniter\View\View->CodeIgniter\View\{closure}()
 4 SYSTEMPATH\Common.php(1134): CodeIgniter\View\View->render('products', [], true)
 5 APPPATH\Controllers\Product.php(19): view('products', [...])
 6 SYSTEMPATH\CodeIgniter.php(927): App\Controllers\Product->index()
 7 SYSTEMPATH\CodeIgniter.php(482): CodeIgniter\CodeIgniter->runController(Object(App\Controllers\Product))
 8 SYSTEMPATH\CodeIgniter.php(351): CodeIgniter\CodeIgniter->handleRequest(null, Object(Config\Cache), false)
 9 FCPATH\index.php(67): CodeIgniter\CodeIgniter->run()
CRITICAL - 2022-12-07 03:45:27 --> Undefined property: App\Controllers\Product::$product
in APPPATH\Controllers\Product.php on line 60.
 1 APPPATH\Controllers\Product.php(60): CodeIgniter\Debug\Exceptions->errorHandler(2, 'Undefined property: App\\Controllers\\Product::$product', 'APPPATH\\Controllers\\Product.php', 60)
 2 SYSTEMPATH\CodeIgniter.php(927): App\Controllers\Product->edit('1')
 3 SYSTEMPATH\CodeIgniter.php(482): CodeIgniter\CodeIgniter->runController(Object(App\Controllers\Product))
 4 SYSTEMPATH\CodeIgniter.php(351): CodeIgniter\CodeIgniter->handleRequest(null, Object(Config\Cache), false)
 5 FCPATH\index.php(67): CodeIgniter\CodeIgniter->run()
ERROR - 2022-12-07 03:46:36 --> mysqli_sql_exception: Unknown column 'hotel.id' in 'where clause' in C:\xampp\htdocs\travelight\system\Database\MySQLi\Connection.php:292
Stack trace:
#0 C:\xampp\htdocs\travelight\system\Database\MySQLi\Connection.php(292): mysqli->query('SELECT *\nFROM `...', 0)
#1 C:\xampp\htdocs\travelight\system\Database\BaseConnection.php(666): CodeIgniter\Database\MySQLi\Connection->execute('SELECT *\nFROM `...')
#2 C:\xampp\htdocs\travelight\system\Database\BaseConnection.php(593): CodeIgniter\Database\BaseConnection->simpleQuery('SELECT *\nFROM `...')
#3 C:\xampp\htdocs\travelight\system\Database\BaseBuilder.php(1585): CodeIgniter\Database\BaseConnection->query('SELECT *\nFROM `...', Array, false)
#4 C:\xampp\htdocs\travelight\system\Model.php(182): CodeIgniter\Database\BaseBuilder->get()
#5 C:\xampp\htdocs\travelight\system\BaseModel.php(524): CodeIgniter\Model->doFind(true, '1')
#6 C:\xampp\htdocs\travelight\app\Controllers\Product.php(67): CodeIgniter\BaseModel->find('1')
#7 C:\xampp\htdocs\travelight\system\CodeIgniter.php(927): App\Controllers\Product->edit('1')
#8 C:\xampp\htdocs\travelight\system\CodeIgniter.php(482): CodeIgniter\CodeIgniter->runController(Object(App\Controllers\Product))
#9 C:\xampp\htdocs\travelight\system\CodeIgniter.php(351): CodeIgniter\CodeIgniter->handleRequest(NULL, Object(Config\Cache), false)
#10 C:\xampp\htdocs\travelight\public\index.php(67): CodeIgniter\CodeIgniter->run()
#11 {main}
CRITICAL - 2022-12-07 03:46:36 --> Unknown column 'hotel.id' in 'where clause'
in SYSTEMPATH\Database\MySQLi\Connection.php on line 292.
 1 SYSTEMPATH\Database\MySQLi\Connection.php(292): mysqli->query('SELECT *
FROM `hotel`
WHERE `hotel`.`id` = \'1\'', 0)
 2 SYSTEMPATH\Database\BaseConnection.php(666): CodeIgniter\Database\MySQLi\Connection->execute('SELECT *
FROM `hotel`
WHERE `hotel`.`id` = \'1\'')
 3 SYSTEMPATH\Database\BaseConnection.php(593): CodeIgniter\Database\BaseConnection->simpleQuery('SELECT *
FROM `hotel`
WHERE `hotel`.`id` = \'1\'')
 4 SYSTEMPATH\Database\BaseBuilder.php(1585): CodeIgniter\Database\BaseConnection->query('SELECT *
FROM `hotel`
WHERE `hotel`.`id` = :hotel.id:', [...], false)
 5 SYSTEMPATH\Model.php(182): CodeIgniter\Database\BaseBuilder->get()
 6 SYSTEMPATH\BaseModel.php(524): CodeIgniter\Model->doFind(true, '1')
 7 APPPATH\Controllers\Product.php(67): CodeIgniter\BaseModel->find('1')
 8 SYSTEMPATH\CodeIgniter.php(927): App\Controllers\Product->edit('1')
 9 SYSTEMPATH\CodeIgniter.php(482): CodeIgniter\CodeIgniter->runController(Object(App\Controllers\Product))
10 SYSTEMPATH\CodeIgniter.php(351): CodeIgniter\CodeIgniter->handleRequest(null, Object(Config\Cache), false)
11 FCPATH\index.php(67): CodeIgniter\CodeIgniter->run()
CRITICAL - 2022-12-07 03:48:44 --> Attempt to read property "idHotel" on array
in APPPATH\Views\products_edit.php on line 21.
 1 APPPATH\Views\products_edit.php(21): CodeIgniter\Debug\Exceptions->errorHandler(2, 'Attempt to read property "idHotel" on array', 'APPPATH\\Views\\products_edit.php', 21)
 2 SYSTEMPATH\View\View.php(213): include('APPPATH\\Views\\products_edit.php')
 3 SYSTEMPATH\View\View.php(216): CodeIgniter\View\View->CodeIgniter\View\{closure}()
 4 SYSTEMPATH\Common.php(1134): CodeIgniter\View\View->render('products_edit', [], true)
 5 APPPATH\Controllers\Product.php(72): view('products_edit', [...])
 6 SYSTEMPATH\CodeIgniter.php(927): App\Controllers\Product->edit('1')
 7 SYSTEMPATH\CodeIgniter.php(482): CodeIgniter\CodeIgniter->runController(Object(App\Controllers\Product))
 8 SYSTEMPATH\CodeIgniter.php(351): CodeIgniter\CodeIgniter->handleRequest(null, Object(Config\Cache), false)
 9 FCPATH\index.php(67): CodeIgniter\CodeIgniter->run()
CRITICAL - 2022-12-07 03:50:51 --> Attempt to read property "namaHotel" on array
in APPPATH\Views\products_edit.php on line 25.
 1 APPPATH\Views\products_edit.php(25): CodeIgniter\Debug\Exceptions->errorHandler(2, 'Attempt to read property "namaHotel" on array', 'APPPATH\\Views\\products_edit.php', 25)
 2 SYSTEMPATH\View\View.php(213): include('APPPATH\\Views\\products_edit.php')
 3 SYSTEMPATH\View\View.php(216): CodeIgniter\View\View->CodeIgniter\View\{closure}()
 4 SYSTEMPATH\Common.php(1134): CodeIgniter\View\View->render('products_edit', [], true)
 5 APPPATH\Controllers\Product.php(72): view('products_edit', [...])
 6 SYSTEMPATH\CodeIgniter.php(927): App\Controllers\Product->edit('1')
 7 SYSTEMPATH\CodeIgniter.php(482): CodeIgniter\CodeIgniter->runController(Object(App\Controllers\Product))
 8 SYSTEMPATH\CodeIgniter.php(351): CodeIgniter\CodeIgniter->handleRequest(null, Object(Config\Cache), false)
 9 FCPATH\index.php(67): CodeIgniter\CodeIgniter->run()
CRITICAL - 2022-12-07 05:02:22 --> Undefined variable $cust
in APPPATH\Views\user_view.php on line 22.
 1 APPPATH\Views\user_view.php(22): CodeIgniter\Debug\Exceptions->errorHandler(2, 'Undefined variable $cust', 'APPPATH\\Views\\user_view.php', 22)
 2 SYSTEMPATH\View\View.php(213): include('APPPATH\\Views\\user_view.php')
 3 SYSTEMPATH\View\View.php(216): CodeIgniter\View\View->CodeIgniter\View\{closure}()
 4 SYSTEMPATH\Common.php(1134): CodeIgniter\View\View->render('user_view', [], true)
 5 APPPATH\Controllers\Dashboard.php(16): view('user_view')
 6 SYSTEMPATH\CodeIgniter.php(927): App\Controllers\Dashboard->index()
 7 SYSTEMPATH\CodeIgniter.php(482): CodeIgniter\CodeIgniter->runController(Object(App\Controllers\Dashboard))
 8 SYSTEMPATH\CodeIgniter.php(351): CodeIgniter\CodeIgniter->handleRequest(null, Object(Config\Cache), false)
 9 FCPATH\index.php(67): CodeIgniter\CodeIgniter->run()
CRITICAL - 2022-12-07 05:05:17 --> Invalid file: customer/edit.php
in SYSTEMPATH\Exceptions\FrameworkException.php on line 33.
 1 SYSTEMPATH\View\View.php(201): CodeIgniter\Exceptions\FrameworkException::forInvalidFile('customer/edit.php')
 2 SYSTEMPATH\Common.php(1134): CodeIgniter\View\View->render('customer/edit', [], true)
 3 APPPATH\Controllers\Profile.php(22): view('customer/edit', [...])
 4 SYSTEMPATH\CodeIgniter.php(927): App\Controllers\Profile->edit('1')
 5 SYSTEMPATH\CodeIgniter.php(482): CodeIgniter\CodeIgniter->runController(Object(App\Controllers\Profile))
 6 SYSTEMPATH\CodeIgniter.php(351): CodeIgniter\CodeIgniter->handleRequest(null, Object(Config\Cache), false)
 7 FCPATH\index.php(67): CodeIgniter\CodeIgniter->run()
CRITICAL - 2022-12-07 05:05:40 --> Invalid file: customer/edit.php
in SYSTEMPATH\Exceptions\FrameworkException.php on line 33.
 1 SYSTEMPATH\View\View.php(201): CodeIgniter\Exceptions\FrameworkException::forInvalidFile('customer/edit.php')
 2 SYSTEMPATH\Common.php(1134): CodeIgniter\View\View->render('customer/edit', [], true)
 3 APPPATH\Controllers\Profile.php(22): view('customer/edit', [...])
 4 SYSTEMPATH\CodeIgniter.php(927): App\Controllers\Profile->edit('1')
 5 SYSTEMPATH\CodeIgniter.php(482): CodeIgniter\CodeIgniter->runController(Object(App\Controllers\Profile))
 6 SYSTEMPATH\CodeIgniter.php(351): CodeIgniter\CodeIgniter->handleRequest(null, Object(Config\Cache), false)
 7 FCPATH\index.php(67): CodeIgniter\CodeIgniter->run()
CRITICAL - 2022-12-07 05:06:24 --> Invalid file: customer/edit.php
in SYSTEMPATH\Exceptions\FrameworkException.php on line 33.
 1 SYSTEMPATH\View\View.php(201): CodeIgniter\Exceptions\FrameworkException::forInvalidFile('customer/edit.php')
 2 SYSTEMPATH\Common.php(1134): CodeIgniter\View\View->render('customer/edit', [], true)
 3 APPPATH\Controllers\Profile.php(22): view('customer/edit', [...])
 4 SYSTEMPATH\CodeIgniter.php(927): App\Controllers\Profile->edit('1')
 5 SYSTEMPATH\CodeIgniter.php(482): CodeIgniter\CodeIgniter->runController(Object(App\Controllers\Profile))
 6 SYSTEMPATH\CodeIgniter.php(351): CodeIgniter\CodeIgniter->handleRequest(null, Object(Config\Cache), false)
 7 FCPATH\index.php(67): CodeIgniter\CodeIgniter->run()
CRITICAL - 2022-12-07 05:06:33 --> Invalid file: customer/edit.php
in SYSTEMPATH\Exceptions\FrameworkException.php on line 33.
 1 SYSTEMPATH\View\View.php(201): CodeIgniter\Exceptions\FrameworkException::forInvalidFile('customer/edit.php')
 2 SYSTEMPATH\Common.php(1134): CodeIgniter\View\View->render('customer/edit', [], true)
 3 APPPATH\Controllers\Profile.php(22): view('customer/edit', [...])
 4 SYSTEMPATH\CodeIgniter.php(927): App\Controllers\Profile->edit('1')
 5 SYSTEMPATH\CodeIgniter.php(482): CodeIgniter\CodeIgniter->runController(Object(App\Controllers\Profile))
 6 SYSTEMPATH\CodeIgniter.php(351): CodeIgniter\CodeIgniter->handleRequest(null, Object(Config\Cache), false)
 7 FCPATH\index.php(67): CodeIgniter\CodeIgniter->run()
CRITICAL - 2022-12-07 05:08:13 --> Call to undefined function set_value()
in APPPATH\Views\edit_profile.php on line 25.
 1 SYSTEMPATH\View\View.php(213): include()
 2 SYSTEMPATH\View\View.php(216): CodeIgniter\View\View->CodeIgniter\View\{closure}()
 3 SYSTEMPATH\Common.php(1134): CodeIgniter\View\View->render('edit_profile', [], true)
 4 APPPATH\Controllers\Profile.php(22): view('edit_profile', [...])
 5 SYSTEMPATH\CodeIgniter.php(927): App\Controllers\Profile->edit('1')
 6 SYSTEMPATH\CodeIgniter.php(482): CodeIgniter\CodeIgniter->runController(Object(App\Controllers\Profile))
 7 SYSTEMPATH\CodeIgniter.php(351): CodeIgniter\CodeIgniter->handleRequest(null, Object(Config\Cache), false)
 8 FCPATH\index.php(67): CodeIgniter\CodeIgniter->run()
CRITICAL - 2022-12-07 05:10:08 --> Undefined array key "email"
in APPPATH\Views\edit_profile.php on line 33.
 1 APPPATH\Views\edit_profile.php(33): CodeIgniter\Debug\Exceptions->errorHandler(2, 'Undefined array key "email"', 'APPPATH\\Views\\edit_profile.php', 33)
 2 SYSTEMPATH\View\View.php(213): include('APPPATH\\Views\\edit_profile.php')
 3 SYSTEMPATH\View\View.php(216): CodeIgniter\View\View->CodeIgniter\View\{closure}()
 4 SYSTEMPATH\Common.php(1134): CodeIgniter\View\View->render('edit_profile', [], true)
 5 APPPATH\Controllers\Profile.php(22): view('edit_profile', [...])
 6 SYSTEMPATH\CodeIgniter.php(927): App\Controllers\Profile->edit('1')
 7 SYSTEMPATH\CodeIgniter.php(482): CodeIgniter\CodeIgniter->runController(Object(App\Controllers\Profile))
 8 SYSTEMPATH\CodeIgniter.php(351): CodeIgniter\CodeIgniter->handleRequest(null, Object(Config\Cache), false)
 9 FCPATH\index.php(67): CodeIgniter\CodeIgniter->run()
CRITICAL - 2022-12-07 05:10:34 --> Call to undefined function App\Controllers\validate()
in APPPATH\Controllers\Profile.php on line 27.
 1 SYSTEMPATH\CodeIgniter.php(927): App\Controllers\Profile->update('1')
 2 SYSTEMPATH\CodeIgniter.php(482): CodeIgniter\CodeIgniter->runController(Object(App\Controllers\Profile))
 3 SYSTEMPATH\CodeIgniter.php(351): CodeIgniter\CodeIgniter->handleRequest(null, Object(Config\Cache), false)
 4 FCPATH\index.php(67): CodeIgniter\CodeIgniter->run()
CRITICAL - 2022-12-07 05:13:04 --> Call to undefined function App\Controllers\validate()
in APPPATH\Controllers\Profile.php on line 27.
 1 SYSTEMPATH\CodeIgniter.php(927): App\Controllers\Profile->update('1')
 2 SYSTEMPATH\CodeIgniter.php(482): CodeIgniter\CodeIgniter->runController(Object(App\Controllers\Profile))
 3 SYSTEMPATH\CodeIgniter.php(351): CodeIgniter\CodeIgniter->handleRequest(null, Object(Config\Cache), false)
 4 FCPATH\index.php(67): CodeIgniter\CodeIgniter->run()
CRITICAL - 2022-12-07 05:14:19 --> Call to undefined function App\Controllers\validate()
in APPPATH\Controllers\Profile.php on line 28.
 1 SYSTEMPATH\CodeIgniter.php(927): App\Controllers\Profile->update('1')
 2 SYSTEMPATH\CodeIgniter.php(482): CodeIgniter\CodeIgniter->runController(Object(App\Controllers\Profile))
 3 SYSTEMPATH\CodeIgniter.php(351): CodeIgniter\CodeIgniter->handleRequest(null, Object(Config\Cache), false)
 4 FCPATH\index.php(67): CodeIgniter\CodeIgniter->run()
CRITICAL - 2022-12-07 05:14:42 --> Call to undefined function App\Controllers\validate()
in APPPATH\Controllers\Profile.php on line 27.
 1 SYSTEMPATH\CodeIgniter.php(927): App\Controllers\Profile->update('1')
 2 SYSTEMPATH\CodeIgniter.php(482): CodeIgniter\CodeIgniter->runController(Object(App\Controllers\Profile))
 3 SYSTEMPATH\CodeIgniter.php(351): CodeIgniter\CodeIgniter->handleRequest(null, Object(Config\Cache), false)
 4 FCPATH\index.php(67): CodeIgniter\CodeIgniter->run()
