CRITICAL - 2022-12-15 02:46:47 --> Undefined array key "waktuMulaiTersedia"
in APPPATH/Views/products_view.php on line 49.
 1 APPPATH/Views/products_view.php(49): CodeIgniter\Debug\Exceptions->errorHandler(2, 'Undefined array key "waktuMulaiTersedia"', 'APPPATH/Views/products_view.php', 49)
 2 SYSTEMPATH/View/View.php(213): include('APPPATH/Views/products_view.php')
 3 SYSTEMPATH/View/View.php(216): CodeIgniter\View\View->CodeIgniter\View\{closure}()
 4 SYSTEMPATH/Common.php(1134): CodeIgniter\View\View->render('products_view', [], true)
 5 APPPATH/Controllers/Dashboard.php(48): view('products_view', [...])
 6 SYSTEMPATH/CodeIgniter.php(927): App\Controllers\Dashboard->view('9')
 7 SYSTEMPATH/CodeIgniter.php(482): CodeIgniter\CodeIgniter->runController(Object(App\Controllers\Dashboard))
 8 SYSTEMPATH/CodeIgniter.php(351): CodeIgniter\CodeIgniter->handleRequest(null, Object(Config\Cache), false)
 9 FCPATH/index.php(67): CodeIgniter\CodeIgniter->run()
CRITICAL - 2022-12-15 13:25:48 --> Undefined array key "waktuMulaiTersedia"
in APPPATH/Views/products_view.php on line 49.
 1 APPPATH/Views/products_view.php(49): CodeIgniter\Debug\Exceptions->errorHandler(2, 'Undefined array key "waktuMulaiTersedia"', 'APPPATH/Views/products_view.php', 49)
 2 SYSTEMPATH/View/View.php(213): include('APPPATH/Views/products_view.php')
 3 SYSTEMPATH/View/View.php(216): CodeIgniter\View\View->CodeIgniter\View\{closure}()
 4 SYSTEMPATH/Common.php(1134): CodeIgniter\View\View->render('products_view', [], true)
 5 APPPATH/Controllers/Dashboard.php(48): view('products_view', [...])
 6 SYSTEMPATH/CodeIgniter.php(927): App\Controllers\Dashboard->view('9')
 7 SYSTEMPATH/CodeIgniter.php(482): CodeIgniter\CodeIgniter->runController(Object(App\Controllers\Dashboard))
 8 SYSTEMPATH/CodeIgniter.php(351): CodeIgniter\CodeIgniter->handleRequest(null, Object(Config\Cache), false)
 9 FCPATH/index.php(67): CodeIgniter\CodeIgniter->run()
CRITICAL - 2022-12-15 13:36:13 --> Undefined array key "waktuMulaiTersedia"
in APPPATH/Views/book_view.php on line 24.
 1 APPPATH/Views/book_view.php(24): CodeIgniter\Debug\Exceptions->errorHandler(2, 'Undefined array key "waktuMulaiTersedia"', 'APPPATH/Views/book_view.php', 24)
 2 SYSTEMPATH/View/View.php(213): include('APPPATH/Views/book_view.php')
 3 SYSTEMPATH/View/View.php(216): CodeIgniter\View\View->CodeIgniter\View\{closure}()
 4 SYSTEMPATH/Common.php(1134): CodeIgniter\View\View->render('book_view', [], true)
 5 APPPATH/Controllers/Booking.php(26): view('book_view', [...])
 6 SYSTEMPATH/CodeIgniter.php(927): App\Controllers\Booking->pesan('12')
 7 SYSTEMPATH/CodeIgniter.php(482): CodeIgniter\CodeIgniter->runController(Object(App\Controllers\Booking))
 8 SYSTEMPATH/CodeIgniter.php(351): CodeIgniter\CodeIgniter->handleRequest(null, Object(Config\Cache), false)
 9 FCPATH/index.php(67): CodeIgniter\CodeIgniter->run()
CRITICAL - 2022-12-15 13:49:02 --> syntax error, unexpected token "echo", expecting "," or ";"
in APPPATH/Views/book_view.php on line 47.
 1 SYSTEMPATH/View/View.php(216): CodeIgniter\View\View->CodeIgniter\View\{closure}()
 2 SYSTEMPATH/Common.php(1134): CodeIgniter\View\View->render('book_view', [], true)
 3 APPPATH/Controllers/Booking.php(26): view('book_view', [...])
 4 SYSTEMPATH/CodeIgniter.php(927): App\Controllers\Booking->pesan('12')
 5 SYSTEMPATH/CodeIgniter.php(482): CodeIgniter\CodeIgniter->runController(Object(App\Controllers\Booking))
 6 SYSTEMPATH/CodeIgniter.php(351): CodeIgniter\CodeIgniter->handleRequest(null, Object(Config\Cache), false)
 7 FCPATH/index.php(67): CodeIgniter\CodeIgniter->run()
CRITICAL - 2022-12-15 14:53:25 --> Cannot access offset of type string on string
in APPPATH/Views/book_view.php on line 25.
 1 SYSTEMPATH/View/View.php(213): include()
 2 SYSTEMPATH/View/View.php(216): CodeIgniter\View\View->CodeIgniter\View\{closure}()
 3 SYSTEMPATH/Common.php(1134): CodeIgniter\View\View->render('book_view', [], true)
 4 APPPATH/Controllers/Booking.php(28): view('book_view', [...])
 5 SYSTEMPATH/CodeIgniter.php(927): App\Controllers\Booking->pesan('13')
 6 SYSTEMPATH/CodeIgniter.php(482): CodeIgniter\CodeIgniter->runController(Object(App\Controllers\Booking))
 7 SYSTEMPATH/CodeIgniter.php(351): CodeIgniter\CodeIgniter->handleRequest(null, Object(Config\Cache), false)
 8 FCPATH/index.php(67): CodeIgniter\CodeIgniter->run()
CRITICAL - 2022-12-15 14:53:49 --> Cannot access offset of type string on string
in APPPATH/Views/book_view.php on line 25.
 1 SYSTEMPATH/View/View.php(213): include()
 2 SYSTEMPATH/View/View.php(216): CodeIgniter\View\View->CodeIgniter\View\{closure}()
 3 SYSTEMPATH/Common.php(1134): CodeIgniter\View\View->render('book_view', [], true)
 4 APPPATH/Controllers/Booking.php(28): view('book_view', [...])
 5 SYSTEMPATH/CodeIgniter.php(927): App\Controllers\Booking->pesan('12')
 6 SYSTEMPATH/CodeIgniter.php(482): CodeIgniter\CodeIgniter->runController(Object(App\Controllers\Booking))
 7 SYSTEMPATH/CodeIgniter.php(351): CodeIgniter\CodeIgniter->handleRequest(null, Object(Config\Cache), false)
 8 FCPATH/index.php(67): CodeIgniter\CodeIgniter->run()
CRITICAL - 2022-12-15 15:01:38 --> Cannot access offset of type string on string
in APPPATH/Views/products_view.php on line 14.
 1 SYSTEMPATH/View/View.php(213): include()
 2 SYSTEMPATH/View/View.php(216): CodeIgniter\View\View->CodeIgniter\View\{closure}()
 3 SYSTEMPATH/Common.php(1134): CodeIgniter\View\View->render('products_view', [], true)
 4 APPPATH/Controllers/Dashboard.php(48): view('products_view', [...])
 5 SYSTEMPATH/CodeIgniter.php(927): App\Controllers\Dashboard->view('9')
 6 SYSTEMPATH/CodeIgniter.php(482): CodeIgniter\CodeIgniter->runController(Object(App\Controllers\Dashboard))
 7 SYSTEMPATH/CodeIgniter.php(351): CodeIgniter\CodeIgniter->handleRequest(null, Object(Config\Cache), false)
 8 FCPATH/index.php(67): CodeIgniter\CodeIgniter->run()
CRITICAL - 2022-12-15 15:04:50 --> Undefined variable $prod
in APPPATH/Views/products_view.php on line 28.
 1 APPPATH/Views/products_view.php(28): CodeIgniter\Debug\Exceptions->errorHandler(2, 'Undefined variable $prod', 'APPPATH/Views/products_view.php', 28)
 2 SYSTEMPATH/View/View.php(213): include('APPPATH/Views/products_view.php')
 3 SYSTEMPATH/View/View.php(216): CodeIgniter\View\View->CodeIgniter\View\{closure}()
 4 SYSTEMPATH/Common.php(1134): CodeIgniter\View\View->render('products_view', [], true)
 5 APPPATH/Controllers/Dashboard.php(48): view('products_view', [...])
 6 SYSTEMPATH/CodeIgniter.php(927): App\Controllers\Dashboard->view('9')
 7 SYSTEMPATH/CodeIgniter.php(482): CodeIgniter\CodeIgniter->runController(Object(App\Controllers\Dashboard))
 8 SYSTEMPATH/CodeIgniter.php(351): CodeIgniter\CodeIgniter->handleRequest(null, Object(Config\Cache), false)
 9 FCPATH/index.php(67): CodeIgniter\CodeIgniter->run()
CRITICAL - 2022-12-15 15:07:08 --> Cannot access offset of type string on string
in APPPATH/Views/book_view.php on line 25.
 1 SYSTEMPATH/View/View.php(213): include()
 2 SYSTEMPATH/View/View.php(216): CodeIgniter\View\View->CodeIgniter\View\{closure}()
 3 SYSTEMPATH/Common.php(1134): CodeIgniter\View\View->render('book_view', [], true)
 4 APPPATH/Controllers/Booking.php(28): view('book_view', [...])
 5 SYSTEMPATH/CodeIgniter.php(927): App\Controllers\Booking->pesan('12')
 6 SYSTEMPATH/CodeIgniter.php(482): CodeIgniter\CodeIgniter->runController(Object(App\Controllers\Booking))
 7 SYSTEMPATH/CodeIgniter.php(351): CodeIgniter\CodeIgniter->handleRequest(null, Object(Config\Cache), false)
 8 FCPATH/index.php(67): CodeIgniter\CodeIgniter->run()
CRITICAL - 2022-12-15 15:09:17 --> syntax error, unexpected identifier "post"
in APPPATH/Views/book_view.php on line 25.
 1 SYSTEMPATH/View/View.php(216): CodeIgniter\View\View->CodeIgniter\View\{closure}()
 2 SYSTEMPATH/Common.php(1134): CodeIgniter\View\View->render('book_view', [], true)
 3 APPPATH/Controllers/Booking.php(28): view('book_view', [...])
 4 SYSTEMPATH/CodeIgniter.php(927): App\Controllers\Booking->pesan('12')
 5 SYSTEMPATH/CodeIgniter.php(482): CodeIgniter\CodeIgniter->runController(Object(App\Controllers\Booking))
 6 SYSTEMPATH/CodeIgniter.php(351): CodeIgniter\CodeIgniter->handleRequest(null, Object(Config\Cache), false)
 7 FCPATH/index.php(67): CodeIgniter\CodeIgniter->run()
CRITICAL - 2022-12-15 15:09:34 --> Cannot access offset of type string on string
in APPPATH/Views/book_view.php on line 25.
 1 SYSTEMPATH/View/View.php(213): include()
 2 SYSTEMPATH/View/View.php(216): CodeIgniter\View\View->CodeIgniter\View\{closure}()
 3 SYSTEMPATH/Common.php(1134): CodeIgniter\View\View->render('book_view', [], true)
 4 APPPATH/Controllers/Booking.php(28): view('book_view', [...])
 5 SYSTEMPATH/CodeIgniter.php(927): App\Controllers\Booking->pesan('12')
 6 SYSTEMPATH/CodeIgniter.php(482): CodeIgniter\CodeIgniter->runController(Object(App\Controllers\Booking))
 7 SYSTEMPATH/CodeIgniter.php(351): CodeIgniter\CodeIgniter->handleRequest(null, Object(Config\Cache), false)
 8 FCPATH/index.php(67): CodeIgniter\CodeIgniter->run()
CRITICAL - 2022-12-15 15:09:56 --> Cannot access offset of type string on string
in APPPATH/Views/book_view.php on line 25.
 1 SYSTEMPATH/View/View.php(213): include()
 2 SYSTEMPATH/View/View.php(216): CodeIgniter\View\View->CodeIgniter\View\{closure}()
 3 SYSTEMPATH/Common.php(1134): CodeIgniter\View\View->render('book_view', [], true)
 4 APPPATH/Controllers/Booking.php(28): view('book_view', [...])
 5 SYSTEMPATH/CodeIgniter.php(927): App\Controllers\Booking->pesan('12')
 6 SYSTEMPATH/CodeIgniter.php(482): CodeIgniter\CodeIgniter->runController(Object(App\Controllers\Booking))
 7 SYSTEMPATH/CodeIgniter.php(351): CodeIgniter\CodeIgniter->handleRequest(null, Object(Config\Cache), false)
 8 FCPATH/index.php(67): CodeIgniter\CodeIgniter->run()
CRITICAL - 2022-12-15 15:10:04 --> Cannot access offset of type string on string
in APPPATH/Views/book_view.php on line 26.
 1 SYSTEMPATH/View/View.php(213): include()
 2 SYSTEMPATH/View/View.php(216): CodeIgniter\View\View->CodeIgniter\View\{closure}()
 3 SYSTEMPATH/Common.php(1134): CodeIgniter\View\View->render('book_view', [], true)
 4 APPPATH/Controllers/Booking.php(28): view('book_view', [...])
 5 SYSTEMPATH/CodeIgniter.php(927): App\Controllers\Booking->pesan('12')
 6 SYSTEMPATH/CodeIgniter.php(482): CodeIgniter\CodeIgniter->runController(Object(App\Controllers\Booking))
 7 SYSTEMPATH/CodeIgniter.php(351): CodeIgniter\CodeIgniter->handleRequest(null, Object(Config\Cache), false)
 8 FCPATH/index.php(67): CodeIgniter\CodeIgniter->run()
CRITICAL - 2022-12-15 15:11:43 --> Cannot access offset of type string on string
in APPPATH/Views/book_view.php on line 26.
 1 SYSTEMPATH/View/View.php(213): include()
 2 SYSTEMPATH/View/View.php(216): CodeIgniter\View\View->CodeIgniter\View\{closure}()
 3 SYSTEMPATH/Common.php(1134): CodeIgniter\View\View->render('book_view', [], true)
 4 APPPATH/Controllers/Booking.php(28): view('book_view', [...])
 5 SYSTEMPATH/CodeIgniter.php(927): App\Controllers\Booking->pesan('12')
 6 SYSTEMPATH/CodeIgniter.php(482): CodeIgniter\CodeIgniter->runController(Object(App\Controllers\Booking))
 7 SYSTEMPATH/CodeIgniter.php(351): CodeIgniter\CodeIgniter->handleRequest(null, Object(Config\Cache), false)
 8 FCPATH/index.php(67): CodeIgniter\CodeIgniter->run()
CRITICAL - 2022-12-15 15:11:50 --> Cannot access offset of type string on string
in APPPATH/Views/book_view.php on line 26.
 1 SYSTEMPATH/View/View.php(213): include()
 2 SYSTEMPATH/View/View.php(216): CodeIgniter\View\View->CodeIgniter\View\{closure}()
 3 SYSTEMPATH/Common.php(1134): CodeIgniter\View\View->render('book_view', [], true)
 4 APPPATH/Controllers/Booking.php(28): view('book_view', [...])
 5 SYSTEMPATH/CodeIgniter.php(927): App\Controllers\Booking->pesan('12')
 6 SYSTEMPATH/CodeIgniter.php(482): CodeIgniter\CodeIgniter->runController(Object(App\Controllers\Booking))
 7 SYSTEMPATH/CodeIgniter.php(351): CodeIgniter\CodeIgniter->handleRequest(null, Object(Config\Cache), false)
 8 FCPATH/index.php(67): CodeIgniter\CodeIgniter->run()
CRITICAL - 2022-12-15 15:45:33 --> Undefined variable $room
in APPPATH/Views/book_view.php on line 21.
 1 APPPATH/Views/book_view.php(21): CodeIgniter\Debug\Exceptions->errorHandler(2, 'Undefined variable $room', 'APPPATH/Views/book_view.php', 21)
 2 SYSTEMPATH/View/View.php(213): include('APPPATH/Views/book_view.php')
 3 SYSTEMPATH/View/View.php(216): CodeIgniter\View\View->CodeIgniter\View\{closure}()
 4 SYSTEMPATH/Common.php(1134): CodeIgniter\View\View->render('book_view', [], true)
 5 APPPATH/Controllers/Booking.php(57): view('book_view', [...])
 6 SYSTEMPATH/CodeIgniter.php(927): App\Controllers\Booking->save_pesan('12')
 7 SYSTEMPATH/CodeIgniter.php(482): CodeIgniter\CodeIgniter->runController(Object(App\Controllers\Booking))
 8 SYSTEMPATH/CodeIgniter.php(351): CodeIgniter\CodeIgniter->handleRequest(null, Object(Config\Cache), false)
 9 FCPATH/index.php(67): CodeIgniter\CodeIgniter->run()
CRITICAL - 2022-12-15 15:49:42 --> Undefined variable $room
in APPPATH/Views/book_view.php on line 21.
 1 APPPATH/Views/book_view.php(21): CodeIgniter\Debug\Exceptions->errorHandler(2, 'Undefined variable $room', 'APPPATH/Views/book_view.php', 21)
 2 SYSTEMPATH/View/View.php(213): include('APPPATH/Views/book_view.php')
 3 SYSTEMPATH/View/View.php(216): CodeIgniter\View\View->CodeIgniter\View\{closure}()
 4 SYSTEMPATH/Common.php(1134): CodeIgniter\View\View->render('book_view', [], true)
 5 APPPATH/Controllers/Booking.php(57): view('book_view', [...])
 6 SYSTEMPATH/CodeIgniter.php(927): App\Controllers\Booking->save_pesan('12')
 7 SYSTEMPATH/CodeIgniter.php(482): CodeIgniter\CodeIgniter->runController(Object(App\Controllers\Booking))
 8 SYSTEMPATH/CodeIgniter.php(351): CodeIgniter\CodeIgniter->handleRequest(null, Object(Config\Cache), false)
 9 FCPATH/index.php(67): CodeIgniter\CodeIgniter->run()
CRITICAL - 2022-12-15 15:49:57 --> Undefined variable $room
in APPPATH/Views/book_view.php on line 21.
 1 APPPATH/Views/book_view.php(21): CodeIgniter\Debug\Exceptions->errorHandler(2, 'Undefined variable $room', 'APPPATH/Views/book_view.php', 21)
 2 SYSTEMPATH/View/View.php(213): include('APPPATH/Views/book_view.php')
 3 SYSTEMPATH/View/View.php(216): CodeIgniter\View\View->CodeIgniter\View\{closure}()
 4 SYSTEMPATH/Common.php(1134): CodeIgniter\View\View->render('book_view', [], true)
 5 APPPATH/Controllers/Booking.php(57): view('book_view', [...])
 6 SYSTEMPATH/CodeIgniter.php(927): App\Controllers\Booking->save_pesan('12')
 7 SYSTEMPATH/CodeIgniter.php(482): CodeIgniter\CodeIgniter->runController(Object(App\Controllers\Booking))
 8 SYSTEMPATH/CodeIgniter.php(351): CodeIgniter\CodeIgniter->handleRequest(null, Object(Config\Cache), false)
 9 FCPATH/index.php(67): CodeIgniter\CodeIgniter->run()
CRITICAL - 2022-12-15 15:50:20 --> Undefined variable $room
in APPPATH/Views/book_view.php on line 21.
 1 APPPATH/Views/book_view.php(21): CodeIgniter\Debug\Exceptions->errorHandler(2, 'Undefined variable $room', 'APPPATH/Views/book_view.php', 21)
 2 SYSTEMPATH/View/View.php(213): include('APPPATH/Views/book_view.php')
 3 SYSTEMPATH/View/View.php(216): CodeIgniter\View\View->CodeIgniter\View\{closure}()
 4 SYSTEMPATH/Common.php(1134): CodeIgniter\View\View->render('book_view', [], true)
 5 APPPATH/Controllers/Booking.php(57): view('book_view', [...])
 6 SYSTEMPATH/CodeIgniter.php(927): App\Controllers\Booking->save_pesan('12')
 7 SYSTEMPATH/CodeIgniter.php(482): CodeIgniter\CodeIgniter->runController(Object(App\Controllers\Booking))
 8 SYSTEMPATH/CodeIgniter.php(351): CodeIgniter\CodeIgniter->handleRequest(null, Object(Config\Cache), false)
 9 FCPATH/index.php(67): CodeIgniter\CodeIgniter->run()
CRITICAL - 2022-12-15 15:50:48 --> Undefined variable $room
in APPPATH/Views/book_view.php on line 21.
 1 APPPATH/Views/book_view.php(21): CodeIgniter\Debug\Exceptions->errorHandler(2, 'Undefined variable $room', 'APPPATH/Views/book_view.php', 21)
 2 SYSTEMPATH/View/View.php(213): include('APPPATH/Views/book_view.php')
 3 SYSTEMPATH/View/View.php(216): CodeIgniter\View\View->CodeIgniter\View\{closure}()
 4 SYSTEMPATH/Common.php(1134): CodeIgniter\View\View->render('book_view', [], true)
 5 APPPATH/Controllers/Booking.php(57): view('book_view', [...])
 6 SYSTEMPATH/CodeIgniter.php(927): App\Controllers\Booking->save_pesan('12')
 7 SYSTEMPATH/CodeIgniter.php(482): CodeIgniter\CodeIgniter->runController(Object(App\Controllers\Booking))
 8 SYSTEMPATH/CodeIgniter.php(351): CodeIgniter\CodeIgniter->handleRequest(null, Object(Config\Cache), false)
 9 FCPATH/index.php(67): CodeIgniter\CodeIgniter->run()
ERROR - 2022-12-15 15:55:47 --> mysqli_sql_exception: Column 'totalHargaPesanan' cannot be null in /opt/lampp/htdocs/travelight/system/Database/MySQLi/Connection.php:292
Stack trace:
#0 /opt/lampp/htdocs/travelight/system/Database/MySQLi/Connection.php(292): mysqli->query('INSERT INTO `pe...', 0)
#1 /opt/lampp/htdocs/travelight/system/Database/BaseConnection.php(666): CodeIgniter\Database\MySQLi\Connection->execute('INSERT INTO `pe...')
#2 /opt/lampp/htdocs/travelight/system/Database/BaseConnection.php(593): CodeIgniter\Database\BaseConnection->simpleQuery('INSERT INTO `pe...')
#3 /opt/lampp/htdocs/travelight/system/Database/BaseBuilder.php(1916): CodeIgniter\Database\BaseConnection->query('INSERT INTO `pe...', Array, false)
#4 /opt/lampp/htdocs/travelight/system/Model.php(279): CodeIgniter\Database\BaseBuilder->insert()
#5 /opt/lampp/htdocs/travelight/system/BaseModel.php(749): CodeIgniter\Model->doInsert(Array)
#6 /opt/lampp/htdocs/travelight/system/Model.php(667): CodeIgniter\BaseModel->insert(Array, false)
#7 /opt/lampp/htdocs/travelight/system/BaseModel.php(659): CodeIgniter\Model->insert(Array, false)
#8 /opt/lampp/htdocs/travelight/app/Controllers/Booking.php(50): CodeIgniter\BaseModel->save(Array)
#9 /opt/lampp/htdocs/travelight/system/CodeIgniter.php(927): App\Controllers\Booking->save_pesan('12')
#10 /opt/lampp/htdocs/travelight/system/CodeIgniter.php(482): CodeIgniter\CodeIgniter->runController(Object(App\Controllers\Booking))
#11 /opt/lampp/htdocs/travelight/system/CodeIgniter.php(351): CodeIgniter\CodeIgniter->handleRequest(NULL, Object(Config\Cache), false)
#12 /opt/lampp/htdocs/travelight/public/index.php(67): CodeIgniter\CodeIgniter->run()
#13 {main}
CRITICAL - 2022-12-15 15:55:47 --> Column 'totalHargaPesanan' cannot be null
in SYSTEMPATH/Database/MySQLi/Connection.php on line 292.
 1 SYSTEMPATH/Database/MySQLi/Connection.php(292): mysqli->query('INSERT INTO `pesanan` (`idCustomer`, `idKamar`, `waktuCheckIn`, `waktuCheckOut`, `totalHargaPesanan`) VALUES (\'4\', \'12\', \'2022-12-17\', \'2022-12-25\', NULL)', 0)
 2 SYSTEMPATH/Database/BaseConnection.php(666): CodeIgniter\Database\MySQLi\Connection->execute('INSERT INTO `pesanan` (`idCustomer`, `idKamar`, `waktuCheckIn`, `waktuCheckOut`, `totalHargaPesanan`) VALUES (\'4\', \'12\', \'2022-12-17\', \'2022-12-25\', NULL)')
 3 SYSTEMPATH/Database/BaseConnection.php(593): CodeIgniter\Database\BaseConnection->simpleQuery('INSERT INTO `pesanan` (`idCustomer`, `idKamar`, `waktuCheckIn`, `waktuCheckOut`, `totalHargaPesanan`) VALUES (\'4\', \'12\', \'2022-12-17\', \'2022-12-25\', NULL)')
 4 SYSTEMPATH/Database/BaseBuilder.php(1916): CodeIgniter\Database\BaseConnection->query('INSERT INTO `pesanan` (`idCustomer`, `idKamar`, `waktuCheckIn`, `waktuCheckOut`, `totalHargaPesanan`) VALUES (:idCustomer:, :idKamar:, :waktuCheckIn:, :waktuCheckOut:, :totalHargaPesanan:)', [...], false)
 5 SYSTEMPATH/Model.php(279): CodeIgniter\Database\BaseBuilder->insert()
 6 SYSTEMPATH/BaseModel.php(749): CodeIgniter\Model->doInsert([...])
 7 SYSTEMPATH/Model.php(667): CodeIgniter\BaseModel->insert([...], false)
 8 SYSTEMPATH/BaseModel.php(659): CodeIgniter\Model->insert([...], false)
 9 APPPATH/Controllers/Booking.php(50): CodeIgniter\BaseModel->save([...])
10 SYSTEMPATH/CodeIgniter.php(927): App\Controllers\Booking->save_pesan('12')
11 SYSTEMPATH/CodeIgniter.php(482): CodeIgniter\CodeIgniter->runController(Object(App\Controllers\Booking))
12 SYSTEMPATH/CodeIgniter.php(351): CodeIgniter\CodeIgniter->handleRequest(null, Object(Config\Cache), false)
13 FCPATH/index.php(67): CodeIgniter\CodeIgniter->run()
CRITICAL - 2022-12-15 15:57:37 --> Undefined variable $room
in APPPATH/Views/book_view.php on line 21.
 1 APPPATH/Views/book_view.php(21): CodeIgniter\Debug\Exceptions->errorHandler(2, 'Undefined variable $room', 'APPPATH/Views/book_view.php', 21)
 2 SYSTEMPATH/View/View.php(213): include('APPPATH/Views/book_view.php')
 3 SYSTEMPATH/View/View.php(216): CodeIgniter\View\View->CodeIgniter\View\{closure}()
 4 SYSTEMPATH/Common.php(1134): CodeIgniter\View\View->render('book_view', [], true)
 5 APPPATH/Controllers/Booking.php(55): view('book_view', [...])
 6 SYSTEMPATH/CodeIgniter.php(927): App\Controllers\Booking->save_pesan('12')
 7 SYSTEMPATH/CodeIgniter.php(482): CodeIgniter\CodeIgniter->runController(Object(App\Controllers\Booking))
 8 SYSTEMPATH/CodeIgniter.php(351): CodeIgniter\CodeIgniter->handleRequest(null, Object(Config\Cache), false)
 9 FCPATH/index.php(67): CodeIgniter\CodeIgniter->run()
CRITICAL - 2022-12-15 15:57:49 --> Undefined variable $room
in APPPATH/Views/book_view.php on line 21.
 1 APPPATH/Views/book_view.php(21): CodeIgniter\Debug\Exceptions->errorHandler(2, 'Undefined variable $room', 'APPPATH/Views/book_view.php', 21)
 2 SYSTEMPATH/View/View.php(213): include('APPPATH/Views/book_view.php')
 3 SYSTEMPATH/View/View.php(216): CodeIgniter\View\View->CodeIgniter\View\{closure}()
 4 SYSTEMPATH/Common.php(1134): CodeIgniter\View\View->render('book_view', [], true)
 5 APPPATH/Controllers/Booking.php(55): view('book_view', [...])
 6 SYSTEMPATH/CodeIgniter.php(927): App\Controllers\Booking->save_pesan('12')
 7 SYSTEMPATH/CodeIgniter.php(482): CodeIgniter\CodeIgniter->runController(Object(App\Controllers\Booking))
 8 SYSTEMPATH/CodeIgniter.php(351): CodeIgniter\CodeIgniter->handleRequest(null, Object(Config\Cache), false)
 9 FCPATH/index.php(67): CodeIgniter\CodeIgniter->run()
CRITICAL - 2022-12-15 15:58:41 --> Undefined variable $room
in APPPATH/Views/book_view.php on line 21.
 1 APPPATH/Views/book_view.php(21): CodeIgniter\Debug\Exceptions->errorHandler(2, 'Undefined variable $room', 'APPPATH/Views/book_view.php', 21)
 2 SYSTEMPATH/View/View.php(213): include('APPPATH/Views/book_view.php')
 3 SYSTEMPATH/View/View.php(216): CodeIgniter\View\View->CodeIgniter\View\{closure}()
 4 SYSTEMPATH/Common.php(1134): CodeIgniter\View\View->render('book_view', [], true)
 5 APPPATH/Controllers/Booking.php(53): view('book_view', [...])
 6 SYSTEMPATH/CodeIgniter.php(927): App\Controllers\Booking->save_pesan('12')
 7 SYSTEMPATH/CodeIgniter.php(482): CodeIgniter\CodeIgniter->runController(Object(App\Controllers\Booking))
 8 SYSTEMPATH/CodeIgniter.php(351): CodeIgniter\CodeIgniter->handleRequest(null, Object(Config\Cache), false)
 9 FCPATH/index.php(67): CodeIgniter\CodeIgniter->run()
CRITICAL - 2022-12-15 15:59:27 --> Undefined variable $room
in APPPATH/Views/book_view.php on line 21.
 1 APPPATH/Views/book_view.php(21): CodeIgniter\Debug\Exceptions->errorHandler(2, 'Undefined variable $room', 'APPPATH/Views/book_view.php', 21)
 2 SYSTEMPATH/View/View.php(213): include('APPPATH/Views/book_view.php')
 3 SYSTEMPATH/View/View.php(216): CodeIgniter\View\View->CodeIgniter\View\{closure}()
 4 SYSTEMPATH/Common.php(1134): CodeIgniter\View\View->render('book_view', [], true)
 5 APPPATH/Controllers/Booking.php(51): view('book_view', [...])
 6 SYSTEMPATH/CodeIgniter.php(927): App\Controllers\Booking->save_pesan('12')
 7 SYSTEMPATH/CodeIgniter.php(482): CodeIgniter\CodeIgniter->runController(Object(App\Controllers\Booking))
 8 SYSTEMPATH/CodeIgniter.php(351): CodeIgniter\CodeIgniter->handleRequest(null, Object(Config\Cache), false)
 9 FCPATH/index.php(67): CodeIgniter\CodeIgniter->run()
ERROR - 2022-12-15 16:08:16 --> mysqli_sql_exception: Column 'totalHargaPesanan' cannot be null in /opt/lampp/htdocs/travelight/system/Database/MySQLi/Connection.php:292
Stack trace:
#0 /opt/lampp/htdocs/travelight/system/Database/MySQLi/Connection.php(292): mysqli->query('INSERT INTO `pe...', 0)
#1 /opt/lampp/htdocs/travelight/system/Database/BaseConnection.php(666): CodeIgniter\Database\MySQLi\Connection->execute('INSERT INTO `pe...')
#2 /opt/lampp/htdocs/travelight/system/Database/BaseConnection.php(593): CodeIgniter\Database\BaseConnection->simpleQuery('INSERT INTO `pe...')
#3 /opt/lampp/htdocs/travelight/system/Database/BaseBuilder.php(1916): CodeIgniter\Database\BaseConnection->query('INSERT INTO `pe...', Array, false)
#4 /opt/lampp/htdocs/travelight/system/Model.php(279): CodeIgniter\Database\BaseBuilder->insert()
#5 /opt/lampp/htdocs/travelight/system/BaseModel.php(749): CodeIgniter\Model->doInsert(Array)
#6 /opt/lampp/htdocs/travelight/system/Model.php(667): CodeIgniter\BaseModel->insert(Array, false)
#7 /opt/lampp/htdocs/travelight/system/BaseModel.php(659): CodeIgniter\Model->insert(Array, false)
#8 /opt/lampp/htdocs/travelight/app/Controllers/Booking.php(96): CodeIgniter\BaseModel->save(Array)
#9 /opt/lampp/htdocs/travelight/system/CodeIgniter.php(927): App\Controllers\Booking->save_pesan('12')
#10 /opt/lampp/htdocs/travelight/system/CodeIgniter.php(482): CodeIgniter\CodeIgniter->runController(Object(App\Controllers\Booking))
#11 /opt/lampp/htdocs/travelight/system/CodeIgniter.php(351): CodeIgniter\CodeIgniter->handleRequest(NULL, Object(Config\Cache), false)
#12 /opt/lampp/htdocs/travelight/public/index.php(67): CodeIgniter\CodeIgniter->run()
#13 {main}
CRITICAL - 2022-12-15 16:08:16 --> Column 'totalHargaPesanan' cannot be null
in SYSTEMPATH/Database/MySQLi/Connection.php on line 292.
 1 SYSTEMPATH/Database/MySQLi/Connection.php(292): mysqli->query('INSERT INTO `pesanan` (`idKamar`, `idCustomer`, `totalHargaPesanan`, `waktuCheckIn`, `waktuCheckOut`) VALUES (\'12\', \'4\', NULL, \'2022-12-16\', \'2022-12-22\')', 0)
 2 SYSTEMPATH/Database/BaseConnection.php(666): CodeIgniter\Database\MySQLi\Connection->execute('INSERT INTO `pesanan` (`idKamar`, `idCustomer`, `totalHargaPesanan`, `waktuCheckIn`, `waktuCheckOut`) VALUES (\'12\', \'4\', NULL, \'2022-12-16\', \'2022-12-22\')')
 3 SYSTEMPATH/Database/BaseConnection.php(593): CodeIgniter\Database\BaseConnection->simpleQuery('INSERT INTO `pesanan` (`idKamar`, `idCustomer`, `totalHargaPesanan`, `waktuCheckIn`, `waktuCheckOut`) VALUES (\'12\', \'4\', NULL, \'2022-12-16\', \'2022-12-22\')')
 4 SYSTEMPATH/Database/BaseBuilder.php(1916): CodeIgniter\Database\BaseConnection->query('INSERT INTO `pesanan` (`idKamar`, `idCustomer`, `totalHargaPesanan`, `waktuCheckIn`, `waktuCheckOut`) VALUES (:idKamar:, :idCustomer:, :totalHargaPesanan:, :waktuCheckIn:, :waktuCheckOut:)', [...], false)
 5 SYSTEMPATH/Model.php(279): CodeIgniter\Database\BaseBuilder->insert()
 6 SYSTEMPATH/BaseModel.php(749): CodeIgniter\Model->doInsert([...])
 7 SYSTEMPATH/Model.php(667): CodeIgniter\BaseModel->insert([...], false)
 8 SYSTEMPATH/BaseModel.php(659): CodeIgniter\Model->insert([...], false)
 9 APPPATH/Controllers/Booking.php(96): CodeIgniter\BaseModel->save([...])
10 SYSTEMPATH/CodeIgniter.php(927): App\Controllers\Booking->save_pesan('12')
11 SYSTEMPATH/CodeIgniter.php(482): CodeIgniter\CodeIgniter->runController(Object(App\Controllers\Booking))
12 SYSTEMPATH/CodeIgniter.php(351): CodeIgniter\CodeIgniter->handleRequest(null, Object(Config\Cache), false)
13 FCPATH/index.php(67): CodeIgniter\CodeIgniter->run()
CRITICAL - 2022-12-15 16:32:00 --> Undefined variable $room
in APPPATH/Views/book_view.php on line 21.
 1 APPPATH/Views/book_view.php(21): CodeIgniter\Debug\Exceptions->errorHandler(2, 'Undefined variable $room', 'APPPATH/Views/book_view.php', 21)
 2 SYSTEMPATH/View/View.php(213): include('APPPATH/Views/book_view.php')
 3 SYSTEMPATH/View/View.php(216): CodeIgniter\View\View->CodeIgniter\View\{closure}()
 4 SYSTEMPATH/Common.php(1134): CodeIgniter\View\View->render('book_view', [], true)
 5 APPPATH/Controllers/Booking.php(116): view('book_view', [...])
 6 SYSTEMPATH/CodeIgniter.php(927): App\Controllers\Booking->save_pesan('13')
 7 SYSTEMPATH/CodeIgniter.php(482): CodeIgniter\CodeIgniter->runController(Object(App\Controllers\Booking))
 8 SYSTEMPATH/CodeIgniter.php(351): CodeIgniter\CodeIgniter->handleRequest(null, Object(Config\Cache), false)
 9 FCPATH/index.php(67): CodeIgniter\CodeIgniter->run()
CRITICAL - 2022-12-15 16:33:17 --> Undefined variable $room
in APPPATH/Views/book_view.php on line 22.
 1 APPPATH/Views/book_view.php(22): CodeIgniter\Debug\Exceptions->errorHandler(2, 'Undefined variable $room', 'APPPATH/Views/book_view.php', 22)
 2 SYSTEMPATH/View/View.php(213): include('APPPATH/Views/book_view.php')
 3 SYSTEMPATH/View/View.php(216): CodeIgniter\View\View->CodeIgniter\View\{closure}()
 4 SYSTEMPATH/Common.php(1134): CodeIgniter\View\View->render('book_view', [], true)
 5 APPPATH/Controllers/Booking.php(116): view('book_view', [...])
 6 SYSTEMPATH/CodeIgniter.php(927): App\Controllers\Booking->save_pesan('13')
 7 SYSTEMPATH/CodeIgniter.php(482): CodeIgniter\CodeIgniter->runController(Object(App\Controllers\Booking))
 8 SYSTEMPATH/CodeIgniter.php(351): CodeIgniter\CodeIgniter->handleRequest(null, Object(Config\Cache), false)
 9 FCPATH/index.php(67): CodeIgniter\CodeIgniter->run()
CRITICAL - 2022-12-15 16:38:52 --> Cannot access offset of type string on string
in APPPATH/Views/book_view.php on line 24.
 1 SYSTEMPATH/View/View.php(213): include()
 2 SYSTEMPATH/View/View.php(216): CodeIgniter\View\View->CodeIgniter\View\{closure}()
 3 SYSTEMPATH/Common.php(1134): CodeIgniter\View\View->render('book_view', [], true)
 4 APPPATH/Controllers/Booking.php(28): view('book_view', [...])
 5 SYSTEMPATH/CodeIgniter.php(927): App\Controllers\Booking->pesan('13')
 6 SYSTEMPATH/CodeIgniter.php(482): CodeIgniter\CodeIgniter->runController(Object(App\Controllers\Booking))
 7 SYSTEMPATH/CodeIgniter.php(351): CodeIgniter\CodeIgniter->handleRequest(null, Object(Config\Cache), false)
 8 FCPATH/index.php(67): CodeIgniter\CodeIgniter->run()
CRITICAL - 2022-12-15 16:38:54 --> Cannot access offset of type string on string
in APPPATH/Views/book_view.php on line 24.
 1 SYSTEMPATH/View/View.php(213): include()
 2 SYSTEMPATH/View/View.php(216): CodeIgniter\View\View->CodeIgniter\View\{closure}()
 3 SYSTEMPATH/Common.php(1134): CodeIgniter\View\View->render('book_view', [], true)
 4 APPPATH/Controllers/Booking.php(28): view('book_view', [...])
 5 SYSTEMPATH/CodeIgniter.php(927): App\Controllers\Booking->pesan('12')
 6 SYSTEMPATH/CodeIgniter.php(482): CodeIgniter\CodeIgniter->runController(Object(App\Controllers\Booking))
 7 SYSTEMPATH/CodeIgniter.php(351): CodeIgniter\CodeIgniter->handleRequest(null, Object(Config\Cache), false)
 8 FCPATH/index.php(67): CodeIgniter\CodeIgniter->run()
